2e-05 2e-05 2e-05 2e-05 2e-05 2e-05 2e-05 2e-05 2e-05 2e-05 2e-05 2e-05 2e-05 2e-05 2e-05 2e-05
0.0 0.0 0.0 0.0 0.0 0.0 0.0 0.0 0.0 0.0 0.0 0.0 0.0 0.0 0.0 0.0
0.0 0.0 0.0 0.0 0.0 0.0 0.0 0.0 0.0 0.0 0.0 0.0 0.0 0.0 0.0 0.0
0.0 0.0 0.0 0.0 0.0 0.0 0.0 0.0 0.0 0.0 0.0 0.0 0.0 0.0 0.0 0.0
0.0 0.0 0.0 0.0 0.0 0.0 0.0 0.0 0.0 0.0 0.0 0.0 0.0 0.0 0.0 0.0
0.0016799999999999999 0.03426 0.03204 0.01814 0.00166 0.00196 0.00282 0.0 0.00188 0.004 0.04858 0.0016799999999999999 0.00844 0.01294 0.00796 0.005
0.28232 0.33046 0.17362 0.30836 0.058159999999999996 0.08392000000000001 0.02032 0.24452000000000002 0.01438 0.020460000000000002 0.26380000000000003 0.1608 0.045219999999999996 0.06984 0.1749 0.026
0.35956 0.36926 0.17534 0.36224 0.07214 0.10144 0.02104 0.31345999999999996 0.01528 0.02132 0.26724000000000003 0.19942 0.045219999999999996 0.07202 0.20846 0.02652
0.37939999999999996 0.36989999999999995 0.17665999999999998 0.3468 0.07862000000000001 0.08843999999999999 0.01908 0.33942 0.01342 0.0218 0.26666 0.1986 0.03982 0.07366 0.20544 0.02732
0.376 0.36818 0.17294 0.3433 0.07809999999999999 0.08964 0.0181 0.33677999999999997 0.01366 0.022359999999999998 0.26339999999999997 0.19622 0.0404 0.0736 0.20408 0.027039999999999998
0.36642 0.3683 0.15568 0.32764 0.07714 0.08852 0.018359999999999998 0.3143 0.0135 0.02164 0.26262 0.18647999999999998 0.040659999999999995 0.0718 0.19246000000000002 0.02564
0.36288 0.36818 0.15446000000000001 0.32662 0.07912000000000001 0.08612 0.018920000000000003 0.31445999999999996 0.015099999999999999 0.02188 0.26444 0.18334 0.03996 0.0721 0.19418000000000002 0.0257
0.35168 0.37045999999999996 0.15430000000000002 0.32322 0.08678 0.07987999999999999 0.0213 0.30738 0.019219999999999998 0.024 0.27312000000000003 0.16674 0.035859999999999996 0.07164 0.1943 0.023100000000000002
0.35114 0.36788 0.15153999999999998 0.32327999999999996 0.08532 0.07895999999999999 0.020399999999999998 0.31001999999999996 0.01778 0.02302 0.27096 0.16596 0.03544 0.0695 0.19468000000000002 0.02278
0.34496 0.35756 0.14712 0.31988 0.078 0.07152 0.019399999999999997 0.3072 0.01368 0.019420000000000003 0.2635 0.16802 0.03254 0.06372 0.194 0.020239999999999998
0.3422 0.3574 0.14782 0.32154000000000005 0.07709999999999999 0.0704 0.0195 0.30416000000000004 0.013519999999999999 0.019420000000000003 0.26108 0.16674 0.033960000000000004 0.06608 0.19366 0.02032
0.34248 0.35902 0.15138 0.32086000000000003 0.076 0.0669 0.01798 0.29131999999999997 0.015099999999999999 0.0189 0.25296 0.1655 0.04188 0.0803 0.19116 0.02034
0.343 0.35681999999999997 0.15208000000000002 0.31612 0.07690000000000001 0.06484000000000001 0.01744 0.29474 0.01492 0.01864 0.25198 0.16608 0.04122 0.07898000000000001 0.19396000000000002 0.021079999999999998
0.35512 0.33808 0.15166 0.284 0.07972 0.0574 0.01618 0.30513999999999997 0.015 0.01872 0.23812 0.16574 0.03846 0.07196 0.20494 0.02068
0.35646 0.33414 0.15552000000000002 0.2826 0.08128 0.0571 0.016280000000000003 0.30738 0.01422 0.01936 0.23506 0.166 0.03932 0.0691 0.2045 0.02136
0.36344 0.3315 0.169 0.28543999999999997 0.08506 0.0573 0.017920000000000002 0.30636 0.012539999999999999 0.0193 0.22838 0.16468 0.041479999999999996 0.06254 0.2063 0.0248
0.36498 0.32946 0.16568 0.28488 0.08564 0.061 0.0171 0.30784 0.011619999999999998 0.018760000000000002 0.22876 0.16302 0.04186 0.059340000000000004 0.20376 0.02346
0.37348000000000003 0.3227 0.168 0.28332 0.08721999999999999 0.06918 0.01524 0.31664 0.00876 0.01768 0.23016 0.16436 0.04022 0.04864 0.2009 0.0198
0.36948000000000003 0.32344 0.16522 0.28354 0.08876 0.06884 0.015460000000000002 0.31277999999999995 0.00858 0.01752 0.23136 0.16436 0.03866 0.04826 0.19846 0.0195
0.35768 0.32588 0.15736 0.28312 0.09495999999999999 0.06612 0.01614 0.30524 0.00956 0.015880000000000002 0.24112 0.16974 0.034140000000000004 0.046880000000000005 0.19906000000000001 0.018539999999999997
0.35744 0.32292000000000004 0.15475999999999998 0.27858 0.09518 0.06542 0.01662 0.30360000000000004 0.0099 0.01502 0.23974 0.172 0.03448 0.0444 0.19632 0.0184
0.35584 0.31962 0.14493999999999999 0.26764 0.09104000000000001 0.06838 0.01832 0.29784 0.01166 0.013300000000000001 0.23884 0.17818 0.0362 0.03506 0.19432 0.01932
0.35087999999999997 0.3226 0.14665999999999998 0.26792 0.08914 0.06612 0.01882 0.29442 0.0114 0.0141 0.23726 0.1769 0.03614 0.03658 0.1915 0.0185
0.32748 0.32333999999999996 0.14848 0.26662 0.08218 0.05894 0.019579999999999997 0.28856 0.0088 0.01692 0.22519999999999998 0.16966 0.0354 0.0419 0.18552000000000002 0.0182
0.32595999999999997 0.32188 0.15 0.26239999999999997 0.08142 0.05714 0.0193 0.28384 0.00838 0.01666 0.22278 0.16976 0.03578 0.0418 0.18303999999999998 0.01856
0.30812 0.31786000000000003 0.14980000000000002 0.26095999999999997 0.07886 0.057159999999999996 0.01898 0.27033999999999997 0.00904 0.01788 0.22396000000000002 0.16874 0.030920000000000003 0.04614 0.17108 0.018760000000000002
0.31076 0.31526 0.14887999999999998 0.26324000000000003 0.07906 0.05822 0.01886 0.2716 0.008960000000000001 0.01702 0.2251 0.16754 0.028579999999999998 0.04624 0.17272 0.01848
0.31792000000000004 0.31188 0.14714 0.26424000000000003 0.0835 0.060719999999999996 0.01688 0.26896 0.00948 0.01572 0.22744 0.1659 0.019379999999999998 0.047200000000000006 0.17254 0.01948
0.31318 0.31286 0.148 0.26244 0.08248 0.060399999999999995 0.017 0.26556 0.009179999999999999 0.01526 0.22938 0.16372 0.01832 0.04746 0.17072 0.0193
0.29469999999999996 0.31136 0.15436000000000002 0.25592 0.07508 0.06092 0.015380000000000001 0.2555 0.0089 0.01268 0.22328 0.16478 0.01504 0.050159999999999996 0.16340000000000002 0.01848
0.29484 0.30713999999999997 0.15216 0.25342 0.07464 0.06148 0.015359999999999999 0.25434 0.00852 0.01382 0.22184 0.16636 0.01702 0.05122 0.16354 0.01878
0.29719999999999996 0.30169999999999997 0.14718 0.24109999999999998 0.07908 0.056159999999999995 0.01726 0.25306 0.00734 0.01896 0.21542 0.16169999999999998 0.02432 0.05126 0.16154 0.01746
0.29472000000000004 0.30184 0.14809999999999998 0.24162 0.07868 0.05654 0.016980000000000002 0.255 0.00754 0.019399999999999997 0.2171 0.1606 0.02402 0.04932 0.16306 0.01722
0.29456 0.30484 0.14515999999999998 0.23366 0.07984000000000001 0.056420000000000005 0.01672 0.26432 0.00728 0.019379999999999998 0.22972 0.15986 0.02754 0.04416 0.16604 0.01718
0.2935 0.30268 0.1428 0.23244 0.07978 0.05646 0.01604 0.26554 0.00684 0.019 0.22858 0.16013999999999998 0.027 0.04322 0.16684000000000002 0.01614
0.29816000000000004 0.29538 0.1431 0.23126 0.07916 0.05912 0.0152 0.25632 0.00714 0.01814 0.22172 0.16254 0.02568 0.0404 0.16291999999999998 0.0171
0.2965 0.2925 0.14092 0.22763999999999998 0.08054 0.05778 0.014199999999999999 0.25438 0.00752 0.01742 0.21556 0.16172 0.023620000000000002 0.04174 0.16036 0.01726
0.30146 0.2873 0.13312000000000002 0.21614 0.08702 0.053380000000000004 0.01234 0.24984 0.00898 0.01736 0.20163999999999999 0.15904 0.01642 0.04178 0.15138 0.01756
0.29422000000000004 0.28443999999999997 0.13294 0.21664 0.08506 0.0555 0.01268 0.24808000000000002 0.0088 0.0167 0.19942 0.15591999999999998 0.01644 0.04072 0.14992 0.01738
0.28396 0.28228 0.12922 0.21078 0.08308 0.056979999999999996 0.01246 0.24124 0.00862 0.01298 0.1961 0.14978 0.015380000000000001 0.03486 0.1527 0.01662
0.28548 0.28136 0.12894 0.20980000000000001 0.08298 0.0589 0.01298 0.237 0.009300000000000001 0.013720000000000001 0.19682 0.14886000000000002 0.01504 0.03376 0.15375999999999998 0.01704
0.28786 0.28522000000000003 0.12894 0.19942 0.08245999999999999 0.05946 0.01384 0.2236 0.0096 0.01374 0.203 0.14584 0.01326 0.026760000000000003 0.15436000000000002 0.01648
0.287 0.28548 0.12664 0.19613999999999998 0.08236 0.05794 0.0136 0.2225 0.009800000000000001 0.013980000000000001 0.20186 0.1466 0.013179999999999999 0.0286 0.15436000000000002 0.01586
0.28802 0.28662 0.11866 0.19296000000000002 0.08245999999999999 0.05536 0.01282 0.22712000000000002 0.01034 0.01436 0.2009 0.14406 0.01174 0.03314 0.16146000000000002 0.01716
0.28606 0.28516 0.12018000000000001 0.19019999999999998 0.08272 0.053939999999999995 0.01288 0.22269999999999998 0.01038 0.01468 0.20136 0.14502 0.012960000000000001 0.0327 0.15908 0.0167
0.27896 0.27926 0.12362000000000001 0.18022 0.07842 0.0484 0.0143 0.20798 0.01116 0.01542 0.19736 0.14596 0.01794 0.032240000000000005 0.15202000000000002 0.01534
0.2805 0.2808 0.12273999999999999 0.18309999999999998 0.07944 0.050320000000000004 0.01368 0.2082 0.010199999999999999 0.01566 0.1968 0.14582 0.01726 0.03194 0.14964 0.01476
0.2773 0.28014 0.12012 0.18603999999999998 0.07781999999999999 0.05442 0.01252 0.20468 0.00734 0.015960000000000002 0.1918 0.14364 0.01298 0.033299999999999996 0.1419 0.01156
0.27598 0.2805 0.1193 0.18308000000000002 0.07842 0.053020000000000005 0.012199999999999999 0.20214 0.00756 0.0152 0.18913999999999997 0.1414 0.01418 0.0329 0.14064 0.011699999999999999
0.26898 0.28418 0.11966 0.17646 0.07601999999999999 0.0485 0.01102 0.19186 0.00784 0.01442 0.1802 0.1335 0.013519999999999999 0.03312 0.13774 0.01046
0.26852 0.28418 0.11726 0.17856 0.07474 0.04814 0.0103 0.19218000000000002 0.007940000000000001 0.013460000000000001 0.1789 0.13463999999999998 0.012960000000000001 0.03276 0.13678 0.01
0.27022 0.27862 0.11268 0.18262 0.07612000000000001 0.0489 0.00912 0.19448 0.00786 0.01148 0.17282 0.13676 0.01122 0.0315 0.13712 0.007980000000000001
0.26882 0.27884 0.1114 0.18084 0.07623999999999999 0.04934 0.00948 0.19016 0.00766 0.01074 0.17052 0.13504 0.011619999999999998 0.03424 0.13494 0.00818
0.26732 0.27548 0.10574 0.17436000000000001 0.07622 0.04574 0.009179999999999999 0.18081999999999998 0.0071600000000000006 0.01016 0.16386 0.13240000000000002 0.01196 0.03982 0.13084 0.00846
0.2622 0.27012 0.1056 0.17354 0.0723 0.04554 0.008960000000000001 0.1787 0.00718 0.00982 0.16262000000000001 0.1311 0.011619999999999998 0.0399 0.1277 0.008140000000000001
0.26024 0.24680000000000002 0.1041 0.16946 0.06132 0.04408 0.008119999999999999 0.17102 0.00738 0.01048 0.15297999999999998 0.13198 0.009519999999999999 0.03728 0.1205 0.00874
0.2591 0.24982 0.10601999999999999 0.16704 0.06042 0.04342 0.008140000000000001 0.16932 0.00708 0.01434 0.15403999999999998 0.1305 0.01052 0.03374 0.11842 0.00874
0.25954 0.25108 0.1083 0.16724 0.05692 0.04686 0.008320000000000001 0.16648 0.00718 0.026199999999999998 0.1545 0.12528 0.0141 0.02056 0.11768 0.0086
0.25739999999999996 0.25476 0.10809999999999999 0.16741999999999999 0.05822 0.04592 0.00818 0.16918 0.00726 0.02492 0.15464 0.12284 0.013179999999999999 0.02136 0.11996 0.00828
0.25932 0.26244 0.10478 0.16025999999999999 0.06216 0.04494 0.00758 0.17818 0.0061200000000000004 0.020300000000000002 0.15330000000000002 0.1215 0.01092 0.0238 0.12240000000000001 0.00722
0.25814 0.26212 0.10522 0.16276 0.061520000000000005 0.04418 0.008039999999999999 0.18159999999999998 0.0062 0.0225 0.15178 0.12186 0.01116 0.0215 0.12592 0.00788
0.25288 0.2531 0.10701999999999999 0.16236 0.05582 0.042159999999999996 0.008039999999999999 0.19158 0.00718 0.02974 0.14144 0.1255 0.01348 0.01334 0.13706000000000002 0.010039999999999999
0.25206 0.25972 0.10554000000000001 0.16402 0.05274 0.0421 0.00824 0.19376 0.00698 0.02924 0.14584 0.12384 0.01304 0.01472 0.13682 0.00932
0.23922 0.26886 0.10044 0.16568 0.039920000000000004 0.04226 0.00858 0.19724 0.00662 0.02872 0.15368 0.11882 0.011439999999999999 0.01828 0.13778 0.00786
0.23812 0.26986 0.10134 0.16358 0.04076 0.04192 0.00874 0.19412000000000001 0.0061200000000000004 0.02556 0.15192 0.1205 0.011619999999999998 0.01742 0.13916 0.0085
0.23246 0.27132 0.09924 0.16106 0.04224 0.044539999999999996 0.0079 0.18719999999999998 0.0054800000000000005 0.01312 0.14976 0.117 0.01202 0.01436 0.1433 0.01028
0.23514 0.27024000000000004 0.0969 0.15958 0.04144 0.04248 0.00766 0.18672 0.00578 0.01294 0.14880000000000002 0.1205 0.011179999999999999 0.01422 0.14332 0.0088
0.23772 0.26527999999999996 0.09387999999999999 0.15775999999999998 0.04028 0.039740000000000004 0.0077800000000000005 0.18708000000000002 0.00634 0.0108 0.14454 0.12678 0.00934 0.01636 0.14106 0.00708
0.23656 0.26177999999999996 0.09082 0.158 0.0389 0.040799999999999996 0.00754 0.19025999999999998 0.00636 0.01098 0.14382 0.12746 0.00844 0.016640000000000002 0.14144 0.00662
0.23606 0.24924000000000002 0.0857 0.15996000000000002 0.039119999999999995 0.04368 0.007019999999999999 0.19278 0.0060999999999999995 0.011179999999999999 0.13646 0.12786 0.00578 0.01814 0.1373 0.00546
0.23288 0.24484 0.08624 0.15966 0.03928 0.045259999999999995 0.00764 0.19034 0.00624 0.011380000000000001 0.13366 0.12445999999999999 0.00628 0.01832 0.1365 0.00578
0.22540000000000002 0.23368 0.08942 0.1525 0.038299999999999994 0.0453 0.00974 0.18394 0.00642 0.01062 0.1238 0.11842 0.0073 0.01844 0.1388 0.0050999999999999995
0.22247999999999998 0.23434 0.08652 0.14959999999999998 0.04044 0.04368 0.00976 0.18037999999999998 0.00624 0.01094 0.12315999999999999 0.11794 0.0067 0.016980000000000002 0.13663999999999998 0.00508
0.21372 0.22668000000000002 0.0838 0.14565999999999998 0.04496 0.03866 0.00904 0.17242 0.005900000000000001 0.01024 0.11628 0.11512 0.00444 0.01408 0.13188 0.00456
0.21018 0.22663999999999998 0.08302 0.1423 0.04574 0.038700000000000005 0.00894 0.16556 0.00564 0.0104 0.1183 0.11362 0.0044599999999999996 0.014240000000000001 0.12558 0.00468
0.20168 0.2266 0.08236 0.13862 0.04784 0.039799999999999995 0.00792 0.14348 0.005679999999999999 0.01008 0.12384 0.11254 0.00456 0.01438 0.10336 0.005019999999999999
0.19888 0.22391999999999998 0.07956 0.1358 0.0453 0.037380000000000004 0.008 0.14804 0.00546 0.009980000000000001 0.12696 0.10936 0.00492 0.014539999999999999 0.10528 0.005
0.19706 0.22638 0.0755 0.1364 0.03774 0.03432 0.0087 0.15322 0.005019999999999999 0.00966 0.14056 0.10474 0.00544 0.01576 0.1031 0.0050999999999999995
0.19452 0.23084 0.08262 0.13854 0.03842 0.03566 0.009779999999999999 0.1509 0.00528 0.00948 0.14302 0.10579999999999999 0.00666 0.01506 0.1025 0.0052
0.19340000000000002 0.24262 0.09992 0.14078 0.042 0.03804 0.01322 0.14426 0.00564 0.00954 0.15253999999999998 0.1097 0.0104 0.01282 0.0989 0.005019999999999999
0.19012 0.24084 0.09728 0.1399 0.04 0.0378 0.0134 0.14138 0.005679999999999999 0.00956 0.15062 0.10636 0.010199999999999999 0.01268 0.09698000000000001 0.00518
0.18575999999999998 0.235 0.0831 0.13324 0.03648 0.03614 0.015359999999999999 0.13758 0.00478 0.00934 0.1472 0.09944 0.00936 0.0134 0.09234 0.00542
0.18753999999999998 0.2288 0.08376 0.1333 0.03496 0.03486 0.015380000000000001 0.13596 0.0048200000000000005 0.00852 0.13774 0.09781999999999999 0.00908 0.014 0.09236 0.00496
0.19124000000000002 0.20696 0.08534 0.13694 0.032619999999999996 0.03276 0.0154 0.12748 0.005019999999999999 0.0067 0.1039 0.09726 0.00876 0.01528 0.09222 0.0048
0.18724000000000002 0.20178000000000001 0.08342000000000001 0.13668 0.0314 0.034159999999999996 0.015099999999999999 0.12924000000000002 0.00492 0.0068200000000000005 0.1007 0.09742 0.00934 0.01438 0.09373999999999999 0.0048200000000000005
0.18284 0.19347999999999999 0.08038 0.13504 0.02946 0.037079999999999995 0.01288 0.13254 0.0053 0.00722 0.08972 0.10066 0.00934 0.011179999999999999 0.09356 0.00488
0.184 0.19041999999999998 0.07826000000000001 0.1356 0.028399999999999998 0.036340000000000004 0.0123 0.13544 0.00546 0.00714 0.0876 0.10052 0.007980000000000001 0.011800000000000001 0.09462000000000001 0.004940000000000001
0.19512000000000002 0.18374000000000001 0.07056 0.13632 0.027379999999999998 0.03522 0.0109 0.14786000000000002 0.00628 0.00708 0.07923999999999999 0.1004 0.00488 0.01278 0.0987 0.005019999999999999
0.18808000000000002 0.18056 0.06956 0.13376 0.0273 0.03424 0.011699999999999999 0.14122 0.005900000000000001 0.0066 0.07808 0.0965 0.00492 0.01256 0.09686 0.00514
0.1724 0.18064 0.06534000000000001 0.13041999999999998 0.03032 0.030359999999999998 0.01418 0.12138 0.00528 0.006 0.07286 0.08952 0.00442 0.01294 0.09034 0.00522
0.16782 0.18012 0.06481999999999999 0.13012 0.0272 0.02956 0.01322 0.1197 0.00452 0.00588 0.07334 0.08952 0.0040999999999999995 0.012960000000000001 0.08806 0.00532
0.15758000000000003 0.18236000000000002 0.06495999999999999 0.12508 0.01778 0.02526 0.01076 0.11634 0.00206 0.0055 0.0736 0.08462 0.0033399999999999997 0.010960000000000001 0.08342000000000001 0.00484
0.15644 0.17826 0.06304 0.12512 0.01762 0.02476 0.00914 0.11886 0.0020800000000000003 0.00562 0.07174 0.08468 0.00292 0.01098 0.0829 0.004860000000000001
0.14686000000000002 0.16822 0.06038 0.12294 0.01712 0.02238 0.005719999999999999 0.1243 0.00198 0.00592 0.06802 0.0838 0.00164 0.011359999999999999 0.08126 0.005
0.14606 0.16854 0.062060000000000004 0.12512 0.01774 0.02428 0.005 0.12287999999999999 0.0019199999999999998 0.00588 0.06918 0.08331999999999999 0.0016200000000000001 0.01216 0.07992 0.00524
0.1407 0.16713999999999998 0.06388 0.13102 0.02016 0.02918 0.00272 0.11464 0.00196 0.0061600000000000005 0.06836 0.0853 0.00174 0.01334 0.07532 0.0047
0.14242 0.1662 0.06394 0.13063999999999998 0.02208 0.02942 0.00326 0.11248000000000001 0.00244 0.00654 0.06908 0.08704 0.00176 0.01256 0.07594 0.0048200000000000005
0.14374 0.1601 0.06666 0.1266 0.0299 0.02952 0.00526 0.1085 0.00412 0.0068 0.0686 0.08868000000000001 0.00164 0.01008 0.08058 0.00504
0.14462 0.16244 0.06674 0.12714 0.02944 0.02834 0.00526 0.10588 0.00452 0.00662 0.06906 0.09106 0.00198 0.009439999999999999 0.07794 0.00526
0.14696 0.16588 0.06586 0.12634 0.02986 0.02586 0.00518 0.10212 0.00658 0.00638 0.06994 0.09509999999999999 0.0023599999999999997 0.00796 0.07646 0.00484
0.14138 0.16536 0.06552 0.12532 0.026879999999999998 0.02574 0.0050999999999999995 0.10081999999999999 0.0074800000000000005 0.00652 0.07082 0.09286 0.00222 0.0085 0.07694 0.0050999999999999995
0.13132 0.16874 0.06620000000000001 0.12562 0.01872 0.02578 0.004860000000000001 0.10256 0.01108 0.00746 0.0714 0.09090000000000001 0.00174 0.01086 0.0829 0.0052
0.13046000000000002 0.16524 0.06431999999999999 0.12472 0.01884 0.02566 0.00498 0.10072 0.01094 0.00692 0.07014 0.09173999999999999 0.00214 0.009980000000000001 0.08154 0.005059999999999999
0.13356 0.16362000000000002 0.060579999999999995 0.12434 0.01948 0.0247 0.00528 0.09742 0.010539999999999999 0.005 0.06968 0.08802 0.0033599999999999997 0.01002 0.07756 0.00584
0.13416 0.16334 0.06114 0.12624 0.01992 0.02522 0.00484 0.09762 0.00916 0.00504 0.06798 0.08854000000000001 0.0032 0.00898 0.07587999999999999 0.0055
0.13762 0.16418000000000002 0.06594 0.12762 0.01982 0.026199999999999998 0.00462 0.0945 0.00464 0.00604 0.0638 0.08504 0.0025 0.0075 0.06986 0.00574
0.13513999999999998 0.16252 0.06278 0.12544 0.019420000000000003 0.024820000000000002 0.0047599999999999995 0.0943 0.0041600000000000005 0.01688 0.06352000000000001 0.0864 0.00266 0.008400000000000001 0.0687 0.0057599999999999995
0.13491999999999998 0.165 0.05304 0.12506 0.01992 0.024480000000000002 0.0054800000000000005 0.09748 0.00198 0.04682 0.06416 0.09237999999999999 0.0037400000000000003 0.008039999999999999 0.06745999999999999 0.00462
0.13366 0.16291999999999998 0.05298 0.12408 0.01932 0.02402 0.005059999999999999 0.09566 0.00228 0.0441 0.06336 0.09084 0.00342 0.00846 0.06626 0.0044599999999999996
0.13097999999999999 0.16304 0.05116 0.1222 0.01866 0.0256 0.00484 0.09272 0.00246 0.03452 0.0649 0.08744 0.0033399999999999997 0.00948 0.06472 0.00394
0.13102 0.16244 0.05122 0.12404000000000001 0.01752 0.02564 0.005059999999999999 0.09314 0.00264 0.027460000000000002 0.06509999999999999 0.08574 0.00302 0.010060000000000001 0.06652 0.004019999999999999
0.12768000000000002 0.16524 0.0512 0.1238 0.01508 0.02478 0.00536 0.0923 0.00322 0.0091 0.06616 0.08076 0.0022 0.011519999999999999 0.06922 0.00354
0.12764 0.165 0.049659999999999996 0.12481999999999999 0.01476 0.0249 0.0051600000000000005 0.09186 0.00304 0.00836 0.06592 0.07884000000000001 0.00226 0.01102 0.06814 0.0035
0.1261 0.16032 0.048659999999999995 0.12334 0.01416 0.02472 0.0047 0.09179999999999999 0.0030600000000000002 0.00438 0.06268 0.07714 0.00212 0.0077 0.06570000000000001 0.0033599999999999997
0.12614 0.16032 0.04782 0.12359999999999999 0.01524 0.026 0.0046 0.09134 0.003 0.0044800000000000005 0.06268 0.07866 0.00176 0.00732 0.06536 0.0033399999999999997
0.12014 0.15872 0.04736 0.11916 0.01478 0.02736 0.00532 0.08872 0.00302 0.0044599999999999996 0.062380000000000005 0.07868 0.0016200000000000001 0.00546 0.06232 0.0030800000000000003
0.11844 0.158 0.04714 0.117 0.01502 0.026699999999999998 0.0051600000000000005 0.08842 0.00302 0.004860000000000001 0.06252 0.0777 0.00164 0.00546 0.06104 0.00344
0.11852 0.16113999999999998 0.047299999999999995 0.11308 0.01444 0.0259 0.00496 0.08574 0.00292 0.00456 0.06326 0.07740000000000001 0.0017800000000000001 0.00598 0.055560000000000005 0.00348
0.11738 0.16018000000000002 0.04622 0.11388 0.01438 0.027059999999999997 0.00498 0.08756 0.00328 0.0047 0.0632 0.07736 0.00176 0.0054 0.05668 0.0036
0.11602 0.16106 0.04264 0.11486 0.01434 0.03004 0.0046 0.08774 0.00318 0.00474 0.06618 0.074 0.00152 0.0044800000000000005 0.05676 0.0034
0.11742 0.15858 0.04292 0.11722 0.0143 0.031420000000000003 0.00456 0.0882 0.00316 0.00898 0.06412000000000001 0.07404000000000001 0.00184 0.0041600000000000005 0.05844 0.0033599999999999997
0.12290000000000001 0.14958000000000002 0.04396 0.11988 0.01448 0.03436 0.00508 0.09012 0.0035800000000000003 0.018940000000000002 0.060579999999999995 0.07504000000000001 0.0029 0.00342 0.06384000000000001 0.00316
0.12268000000000001 0.15068 0.0442 0.1216 0.0146 0.0329 0.0048 0.09118000000000001 0.00332 0.01824 0.0608 0.07296 0.00262 0.00346 0.06346 0.00318
0.11852 0.15292 0.04514 0.12401999999999999 0.01472 0.02978 0.00488 0.09423999999999999 0.00352 0.0125 0.06146 0.06978 0.00164 0.004019999999999999 0.06573999999999999 0.0032400000000000003
0.1187 0.15156 0.04456 0.12290000000000001 0.0141 0.03008 0.00474 0.09848 0.0032400000000000003 0.01248 0.06074 0.07106 0.0015400000000000001 0.00414 0.06332 0.0034
0.11718 0.14758000000000002 0.0441 0.11785999999999999 0.01476 0.027039999999999998 0.00452 0.10548 0.0033 0.01104 0.05772 0.07414 0.0007 0.0041600000000000005 0.05888 0.00344
0.11834 0.14824 0.0465 0.1187 0.01466 0.02686 0.0045 0.10668000000000001 0.00326 0.0128 0.057460000000000004 0.07468000000000001 0.00102 0.00424 0.05864 0.00342
0.12129999999999999 0.14724 0.05228 0.12919999999999998 0.01458 0.02924 0.00424 0.11014 0.00312 0.01656 0.056600000000000004 0.07528 0.00158 0.00508 0.0597 0.00314
0.1212 0.14452 0.04976 0.12546 0.01512 0.028239999999999998 0.00414 0.106 0.0028399999999999996 0.01452 0.0557 0.0742 0.0028599999999999997 0.00514 0.0569 0.0033399999999999997
0.12348 0.14294 0.04728 0.12140000000000001 0.01414 0.0258 0.00412 0.09809999999999999 0.00304 0.009380000000000001 0.05356 0.07232 0.0054800000000000005 0.005019999999999999 0.05172 0.00322
0.12093999999999999 0.14268 0.051 0.12036 0.01458 0.02532 0.00378 0.09864 0.00566 0.0141 0.052520000000000004 0.07162 0.007719999999999999 0.00468 0.05216 0.0032400000000000003
0.11122 0.14282 0.06228 0.11924 0.01482 0.02442 0.00328 0.09914 0.01148 0.02572 0.05054 0.07204 0.01314 0.00328 0.053380000000000004 0.00326
0.1124 0.13663999999999998 0.05796 0.11628 0.01506 0.02384 0.0032400000000000003 0.0989 0.01148 0.019960000000000002 0.044700000000000004 0.07074 0.012060000000000001 0.00354 0.053219999999999996 0.00322
0.11362 0.11874 0.04582 0.1072 0.0135 0.02248 0.0028399999999999996 0.10256 0.01122 0.00644 0.02816 0.06768 0.00984 0.004 0.05702 0.0028599999999999997
0.11045999999999999 0.1172 0.04496 0.10643999999999999 0.0132 0.02264 0.00304 0.09972 0.01114 0.00638 0.0277 0.06748 0.010039999999999999 0.00368 0.055979999999999995 0.00294
0.10678 0.1181 0.0412 0.10923999999999999 0.012960000000000001 0.02296 0.00304 0.09928000000000001 0.0115 0.0063 0.02752 0.06518 0.00974 0.00376 0.05654 0.0029
0.10742 0.11792 0.0417 0.10794 0.01284 0.02132 0.00314 0.09866 0.0116 0.01498 0.02718 0.06520000000000001 0.00984 0.00396 0.0554 0.00294
0.10809999999999999 0.11624 0.04018 0.10286 0.012320000000000001 0.01772 0.00302 0.09854 0.01132 0.03646 0.02646 0.06456 0.009859999999999999 0.00474 0.05278 0.00298
0.10678 0.1168 0.0402 0.10324 0.01216 0.01832 0.00304 0.09184 0.0112 0.0303 0.026420000000000003 0.06386 0.00914 0.00408 0.05218 0.0028
0.10586 0.11806 0.0423 0.10248 0.01246 0.0192 0.0033 0.07732 0.01028 0.01586 0.02668 0.06294 0.0086 0.0027 0.048240000000000005 0.0022
0.1057 0.11654 0.0412 0.10238 0.01252 0.01816 0.00326 0.08008 0.00954 0.013179999999999999 0.02662 0.06362 0.00782 0.00262 0.0506 0.00234
0.10506 0.11652 0.04316 0.10318000000000001 0.012199999999999999 0.01632 0.00314 0.08548 0.01016 0.0065 0.0275 0.0613 0.0067599999999999995 0.0029 0.05465999999999999 0.00276
0.10493999999999999 0.11584 0.04272 0.1007 0.01236 0.0161 0.0033799999999999998 0.08252 0.01044 0.00662 0.026539999999999998 0.060759999999999995 0.0048 0.00428 0.05192 0.003
0.10394 0.11186 0.04178 0.09448000000000001 0.0123 0.01582 0.00346 0.07759999999999999 0.01194 0.0071200000000000005 0.02278 0.05756 0.00046 0.00614 0.04942 0.00304
0.10182 0.11012000000000001 0.04272 0.09573999999999999 0.01242 0.0162 0.0035 0.07544 0.01098 0.01044 0.0248 0.05638 0.00076 0.0052 0.047119999999999995 0.0028
0.10064000000000001 0.11366 0.04654 0.09845999999999999 0.01228 0.01686 0.0037400000000000003 0.07154 0.01036 0.0193 0.02936 0.05588 0.0009599999999999999 0.00296 0.04358 0.00248
0.10216 0.11624 0.04622 0.09945999999999999 0.01242 0.016399999999999998 0.0035800000000000003 0.07446 0.009300000000000001 0.02168 0.03074 0.0571 0.00102 0.00522 0.04432 0.00272
0.10542 0.11926 0.04294 0.10018 0.01234 0.016120000000000002 0.0038399999999999997 0.08070000000000001 0.00714 0.0275 0.031920000000000004 0.05964 0.0010400000000000001 0.01018 0.04498 0.00246
0.10168 0.1171 0.04202 0.10066 0.012060000000000001 0.01622 0.00322 0.07812000000000001 0.0077599999999999995 0.020579999999999998 0.030019999999999998 0.05754 0.0009 0.00906 0.04354 0.00242
0.0987 0.1154 0.04086 0.09864 0.01202 0.01622 0.0019199999999999998 0.0718 0.00856 0.00654 0.02546 0.0559 0.00078 0.0073 0.04224 0.00244
0.0996 0.11558 0.04206 0.09976 0.01166 0.01618 0.00182 0.07178 0.00752 0.0075 0.02554 0.056979999999999996 0.00098 0.00766 0.04134 0.00264
0.09838 0.11548 0.04808 0.10136 0.01126 0.01554 0.0018 0.07166 0.00488 0.00948 0.0254 0.0584 0.00138 0.00912 0.0418 0.00234
0.09966 0.11606 0.04802 0.1006 0.011519999999999999 0.01554 0.00202 0.07132 0.0050999999999999995 0.0101 0.02574 0.05844 0.0011799999999999998 0.00844 0.04528 0.00248
0.10062 0.1177 0.05246 0.09998 0.01244 0.016640000000000002 0.0022 0.06966 0.00534 0.011439999999999999 0.02752 0.05998 0.0009 0.00828 0.05126 0.0023599999999999997
0.1002 0.12014 0.0493 0.10108 0.01196 0.016800000000000002 0.0023799999999999997 0.06898 0.00528 0.00848 0.02836 0.06016 0.00086 0.007980000000000001 0.05054 0.0024
0.09958 0.11832 0.04382 0.10218 0.01264 0.01638 0.00228 0.06392 0.0052 0.00244 0.0292 0.064 0.0010400000000000001 0.0067800000000000004 0.046479999999999994 0.00252
0.10014 0.1288 0.04282 0.1016 0.012960000000000001 0.01618 0.00262 0.06328 0.00518 0.00242 0.03814 0.06282 0.00062 0.0078 0.047259999999999996 0.0025800000000000003
0.09928000000000001 0.14859999999999998 0.04134 0.10314 0.01276 0.015439999999999999 0.00244 0.06534000000000001 0.0047599999999999995 0.0023 0.0587 0.06354 0.00032 0.00914 0.0495 0.0025
0.09836 0.14164 0.04068 0.10116 0.01272 0.01488 0.00226 0.06724 0.005019999999999999 0.00214 0.04944 0.0628 0.00047999999999999996 0.00808 0.05046 0.00266
0.09545999999999999 0.12192 0.039880000000000006 0.09792000000000001 0.012119999999999999 0.0143 0.00228 0.07146 0.004900000000000001 0.00198 0.03098 0.05924 0.00076 0.0052 0.05464 0.00242
0.09566 0.12102 0.0399 0.09286 0.01262 0.0148 0.0023599999999999997 0.07257999999999999 0.0047 0.00186 0.03058 0.060520000000000004 0.00064 0.00432 0.05092 0.00246
0.09572 0.11888 0.039920000000000004 0.08542 0.01312 0.015359999999999999 0.00204 0.07004 0.0048 0.00182 0.03 0.06118 0.00044 0.00222 0.04046 0.00252
0.09581999999999999 0.11972 0.03904 0.08294 0.0126 0.01488 0.0020800000000000003 0.07016 0.00452 0.0022400000000000002 0.031059999999999997 0.0615 0.0003 0.00222 0.04094 0.0023599999999999997
0.09092 0.12440000000000001 0.04036 0.08362 0.01234 0.01526 0.0019 0.07362 0.0041600000000000005 0.00314 0.03418 0.06046 0.00011999999999999999 0.0019399999999999999 0.0443 0.00232
0.09074 0.12428 0.040619999999999996 0.08181999999999999 0.01288 0.01506 0.00228 0.07366 0.00424 0.00344 0.03424 0.05802 0.00044 0.00246 0.0456 0.0023599999999999997
0.08876 0.12464 0.04192 0.07995999999999999 0.0119 0.01458 0.00272 0.07146 0.00432 0.0035 0.031920000000000004 0.05294 0.001 0.00392 0.046759999999999996 0.00234
0.08812 0.12395999999999999 0.042140000000000004 0.08123999999999999 0.012119999999999999 0.01434 0.00244 0.07306 0.00438 0.00322 0.030760000000000003 0.05228 0.00088 0.00398 0.05052 0.00256
0.0851 0.12414 0.04278 0.08156000000000001 0.0114 0.013699999999999999 0.00216 0.07845999999999999 0.00436 0.00184 0.028120000000000003 0.053 0.00066 0.00342 0.05956 0.00266
0.08292000000000001 0.12129999999999999 0.041100000000000005 0.08123999999999999 0.01104 0.013380000000000001 0.0019 0.07568000000000001 0.00428 0.00226 0.027899999999999998 0.05042 0.00078 0.0032 0.0595 0.0025
0.08152 0.12158 0.04038 0.08556 0.011460000000000001 0.013460000000000001 0.0019199999999999998 0.07104 0.0041600000000000005 0.0028 0.02714 0.04844 0.00108 0.0028399999999999996 0.061380000000000004 0.00262
0.0813 0.1206 0.040740000000000005 0.0845 0.01126 0.01334 0.00196 0.07058 0.0040999999999999995 0.0028799999999999997 0.02644 0.04876 0.00122 0.00264 0.05832 0.00218
0.08412 0.12142 0.04248 0.08312 0.01184 0.013779999999999999 0.00196 0.06808 0.00392 0.0030600000000000002 0.02562 0.04954 0.0020800000000000003 0.00242 0.053259999999999995 0.0015
0.08494 0.12445999999999999 0.0421 0.08278 0.01156 0.01342 0.0021000000000000003 0.06686 0.004 0.00302 0.0277 0.05124 0.00158 0.0024 0.0526 0.00164
0.08372 0.12526 0.041299999999999996 0.08036 0.011300000000000001 0.01148 0.0023599999999999997 0.05948 0.00404 0.0029 0.0308 0.05346 0.0007199999999999999 0.00252 0.04518 0.0015400000000000001
0.0862 0.1313 0.04118 0.08123999999999999 0.0116 0.0121 0.0028 0.057659999999999996 0.0035800000000000003 0.00276 0.0351 0.054060000000000004 0.00152 0.00262 0.04168 0.0015400000000000001
0.08916 0.13966 0.04044 0.08038 0.011779999999999999 0.01274 0.00332 0.0525 0.0033 0.0028399999999999996 0.0426 0.05374 0.00304 0.0025800000000000003 0.03282 0.00138
0.0916 0.145 0.04366 0.07962000000000001 0.012 0.012580000000000001 0.00312 0.054880000000000005 0.00342 0.00276 0.047740000000000005 0.06094 0.00364 0.0047599999999999995 0.033780000000000004 0.0014399999999999999
0.09644 0.15653999999999998 0.0504 0.078 0.013720000000000001 0.011640000000000001 0.0023799999999999997 0.05704 0.0033599999999999997 0.0028 0.05758 0.07486 0.00422 0.00898 0.03204 0.00158
0.09448000000000001 0.14992 0.05286 0.07722 0.01312 0.011980000000000001 0.0023799999999999997 0.05788 0.00344 0.00256 0.055659999999999994 0.06908 0.00426 0.00868 0.03172 0.0017
0.09312000000000001 0.14942 0.06106 0.08072 0.011859999999999999 0.01278 0.00228 0.0592 0.00366 0.0019199999999999998 0.055479999999999995 0.059 0.0044599999999999996 0.00782 0.0312 0.0019199999999999998
0.09074 0.14606 0.05724 0.081 0.01208 0.0124 0.0022400000000000002 0.0595 0.0033799999999999998 0.0023599999999999997 0.05074 0.060520000000000004 0.00332 0.0068200000000000005 0.03194 0.00172
0.08534 0.1381 0.04764 0.07944 0.01114 0.0128 0.00214 0.057280000000000005 0.0033399999999999997 0.0025 0.04218 0.06094 0.0016 0.004019999999999999 0.03184 0.00164
0.0867 0.13878000000000001 0.046799999999999994 0.07726000000000001 0.01234 0.01208 0.0022 0.0615 0.00342 0.0025 0.04206 0.06197999999999999 0.0020800000000000003 0.0044 0.03338 0.00164
0.0932 0.14786000000000002 0.04586 0.07632 0.01388 0.0109 0.0024 0.07096 0.00382 0.00298 0.04272 0.06464 0.00298 0.005059999999999999 0.03608 0.00188
0.09531999999999999 0.1468 0.048240000000000005 0.07756 0.0147 0.0121 0.00218 0.07579999999999999 0.0033599999999999997 0.00326 0.04132 0.06602 0.00428 0.00512 0.0358 0.0022400000000000002
0.09702 0.1404 0.05132 0.07644 0.016239999999999997 0.013439999999999999 0.00206 0.08756 0.00298 0.0038799999999999998 0.038759999999999996 0.06620000000000001 0.00654 0.00562 0.03536 0.00294
0.09454000000000001 0.15112 0.05152 0.07712000000000001 0.0155 0.0129 0.0019 0.084 0.00262 0.00418 0.047619999999999996 0.06631999999999999 0.0067 0.0074 0.03854 0.0025800000000000003
0.08862 0.173 0.052520000000000004 0.08052 0.01436 0.01284 0.0017800000000000001 0.07584 0.00276 0.0039 0.06558 0.06668 0.007719999999999999 0.0111 0.0433 0.00176
0.08524 0.16872 0.053020000000000005 0.08106000000000001 0.01396 0.01278 0.00184 0.07540000000000001 0.00262 0.00426 0.06408 0.06452 0.0070599999999999994 0.00982 0.043340000000000004 0.0019
0.07792 0.15838 0.05342 0.08114 0.01342 0.01176 0.00172 0.07282 0.00256 0.0044 0.06246 0.05932 0.00658 0.0071600000000000006 0.03972 0.00172
0.07744 0.16 0.054020000000000006 0.08070000000000001 0.01488 0.01156 0.00182 0.06982 0.00278 0.00438 0.0639 0.05968 0.00584 0.00908 0.0385 0.00182
0.07618000000000001 0.15762 0.056280000000000004 0.0815 0.01766 0.011380000000000001 0.00202 0.0644 0.00304 0.0043 0.06534000000000001 0.059179999999999996 0.00464 0.01244 0.037079999999999995 0.0019
0.07998000000000001 0.15736 0.05828 0.08174 0.01864 0.012240000000000001 0.00204 0.0638 0.0029 0.004719999999999999 0.0648 0.06166 0.0044599999999999996 0.01126 0.03632 0.00214
0.08628 0.1575 0.06394 0.0859 0.02182 0.01396 0.0022 0.06246 0.0027400000000000002 0.00524 0.06526 0.06704 0.0037 0.009640000000000001 0.035679999999999996 0.00292
0.08732 0.15216 0.06695999999999999 0.08272 0.02156 0.01428 0.00222 0.06218 0.0028 0.00534 0.060899999999999996 0.06946 0.00426 0.01026 0.03552 0.00254
0.09268000000000001 0.14564 0.07654000000000001 0.07786 0.02194 0.01504 0.0022 0.06338 0.0025 0.00538 0.05386 0.07252 0.00584 0.0108 0.03682 0.0018
0.09522 0.14596 0.0777 0.0795 0.02176 0.01408 0.00234 0.06556000000000001 0.00234 0.004940000000000001 0.054259999999999996 0.07202 0.00738 0.01128 0.036340000000000004 0.00206
0.10184 0.14546 0.07687999999999999 0.08406 0.02162 0.01328 0.0027400000000000002 0.07256 0.0023 0.00382 0.05312 0.06881999999999999 0.011300000000000001 0.01304 0.03724 0.0023
0.10182 0.13982 0.0729 0.08322 0.01864 0.01402 0.0023599999999999997 0.072 0.00232 0.00394 0.04478 0.0733 0.009720000000000001 0.01166 0.03606 0.00196
0.10448 0.12465999999999999 0.06604 0.08236 0.01436 0.01456 0.00166 0.07594 0.00206 0.0038799999999999998 0.0275 0.07909999999999999 0.00722 0.009640000000000001 0.03488 0.0017
0.10362 0.13304 0.0705 0.08674 0.014240000000000001 0.015619999999999998 0.00204 0.07392 0.0023599999999999997 0.00424 0.036520000000000004 0.07778 0.0064 0.013179999999999999 0.03368 0.00202
0.10354000000000001 0.14818 0.08026000000000001 0.09372 0.01402 0.01656 0.00216 0.07062 0.00234 0.00466 0.05312 0.0787 0.00464 0.019260000000000003 0.0303 0.0025800000000000003
0.11298 0.1576 0.08771999999999999 0.09881999999999999 0.01506 0.0179 0.00214 0.07382 0.00278 0.00466 0.054799999999999995 0.08195999999999999 0.005059999999999999 0.02136 0.03214 0.00276
0.1215 0.15606 0.09326000000000001 0.10128 0.016300000000000002 0.01902 0.0020800000000000003 0.07448 0.00302 0.00464 0.05478 0.0798 0.00578 0.02364 0.032740000000000005 0.00322
0.12716 0.15675999999999998 0.09164 0.10324 0.02174 0.02 0.0025800000000000003 0.08368 0.00346 0.00544 0.05588 0.08406 0.0058200000000000005 0.02428 0.03932 0.0033
0.13874 0.15782 0.09051999999999999 0.11186 0.0318 0.0221 0.0030600000000000002 0.10234 0.00432 0.006900000000000001 0.057479999999999996 0.09295999999999999 0.0061200000000000004 0.02452 0.05316 0.003
0.14182 0.16876 0.08774 0.11576 0.03004 0.02282 0.00314 0.11198000000000001 0.00422 0.00816 0.06444 0.09326000000000001 0.004900000000000001 0.02618 0.05906 0.00314
0.14732 0.19063999999999998 0.0873 0.12622 0.02648 0.023940000000000003 0.0033599999999999997 0.13240000000000002 0.00364 0.01158 0.07842 0.09284 0.0028799999999999997 0.02862 0.07182 0.0028399999999999996
0.14294 0.1896 0.08766 0.12792 0.02554 0.02392 0.0033 0.12704000000000001 0.00372 0.00884 0.07432 0.09351999999999999 0.00264 0.03048 0.07198 0.00314
0.13924 0.18530000000000002 0.09168000000000001 0.13040000000000002 0.0254 0.023960000000000002 0.00364 0.11364 0.00376 0.00316 0.06634000000000001 0.09568 0.00226 0.03208 0.07026 0.00316
0.13972 0.1815 0.09478 0.13182 0.02542 0.023780000000000003 0.00378 0.11342 0.00352 0.004719999999999999 0.062020000000000006 0.09614 0.00264 0.02658 0.06642 0.0034
0.1392 0.16244 0.09898 0.12784 0.026699999999999998 0.02422 0.00408 0.10968000000000001 0.0033 0.00698 0.05012 0.0923 0.0033 0.015960000000000002 0.05872 0.00322
0.1385 0.15906 0.0991 0.12754000000000001 0.026199999999999998 0.02366 0.00398 0.11418 0.00346 0.00596 0.05166 0.09578 0.00424 0.017 0.05972 0.00326
0.137 0.15366 0.10088 0.129 0.02732 0.023620000000000002 0.0043 0.11846 0.00332 0.0038399999999999997 0.054880000000000005 0.1015 0.0061600000000000005 0.019739999999999997 0.05688 0.0031
0.13906 0.15480000000000002 0.10412 0.12932 0.02684 0.02532 0.0044599999999999996 0.1188 0.00354 0.00394 0.05292 0.10584 0.00642 0.018359999999999998 0.0589 0.003
0.14252 0.15484 0.10672 0.12968000000000002 0.02568 0.02794 0.00518 0.11988 0.0037400000000000003 0.00412 0.0494 0.11209999999999999 0.00774 0.016640000000000002 0.06048 0.00294
0.14418 0.16578 0.10554000000000001 0.13466 0.0248 0.02732 0.0061600000000000005 0.1216 0.00342 0.00422 0.055380000000000006 0.11109999999999999 0.010060000000000001 0.0209 0.06404 0.00372
0.14859999999999998 0.19134 0.10124 0.14366 0.02282 0.0249 0.008140000000000001 0.12387999999999999 0.0030600000000000002 0.00444 0.07072 0.11137999999999999 0.015 0.02976 0.06946 0.004719999999999999
0.15668 0.19228 0.10674 0.14702 0.028579999999999998 0.02634 0.00792 0.13044 0.00366 0.00452 0.07218000000000001 0.10712 0.01548 0.02892 0.0765 0.00514
0.17056 0.19054 0.11378 0.15030000000000002 0.03824 0.02916 0.00732 0.13982 0.00444 0.0055 0.07298 0.10235999999999999 0.01662 0.0263 0.08758 0.00594
0.18375999999999998 0.1844 0.11642 0.15108000000000002 0.0453 0.0296 0.00762 0.14565999999999998 0.00818 0.00636 0.06672 0.10787999999999999 0.018879999999999997 0.026719999999999997 0.09322 0.00638
0.20624 0.17166 0.12098 0.15378 0.056280000000000004 0.02894 0.00626 0.15344 0.0141 0.00872 0.05232 0.11754 0.02382 0.02608 0.10044 0.00758
0.22362 0.1804 0.1276 0.15794 0.05814 0.028079999999999997 0.005900000000000001 0.16998 0.01368 0.0086 0.05306 0.11978 0.02116 0.03052 0.09974 0.00774
0.24459999999999998 0.18691999999999998 0.13184 0.15930000000000002 0.0608 0.027899999999999998 0.00564 0.18528 0.013359999999999999 0.008199999999999999 0.05618 0.11448 0.016800000000000002 0.03804 0.09015999999999999 0.00704
0.24184 0.19458 0.13188 0.16006 0.05688 0.02702 0.00674 0.18932 0.01166 0.00888 0.06742000000000001 0.11754 0.01578 0.03954 0.08982 0.0072
0.23113999999999998 0.21006 0.13138 0.16012 0.04684000000000001 0.02472 0.00884 0.19232 0.00796 0.00974 0.08732 0.11616 0.01494 0.04288 0.0873 0.0067800000000000004
0.23987999999999998 0.2175 0.13026 0.17172 0.046560000000000004 0.02958 0.00932 0.20422 0.007980000000000001 0.01568 0.09108 0.11754 0.01834 0.04264 0.10048 0.00608
0.26322 0.23366 0.1301 0.19088 0.04686 0.0367 0.00934 0.23002 0.00822 0.02648 0.09962 0.1173 0.02388 0.04344 0.1274 0.00562
0.26427999999999996 0.2348 0.1346 0.19169999999999998 0.04778 0.0364 0.00926 0.22516 0.00808 0.019579999999999997 0.1011 0.12237999999999999 0.02578 0.04406 0.1196 0.006059999999999999
0.26739999999999997 0.23726 0.14038 0.193 0.04786 0.039060000000000004 0.008960000000000001 0.21975999999999998 0.00842 0.0071600000000000006 0.10044 0.12928 0.03034 0.04524 0.10922 0.007
0.26827999999999996 0.23872 0.14138 0.1995 0.04776 0.039240000000000004 0.00838 0.21764 0.00822 0.00766 0.10588 0.13216 0.03096 0.0476 0.10840000000000001 0.0074
0.2706 0.24359999999999998 0.14726 0.21581999999999998 0.04808 0.040299999999999996 0.00764 0.21244 0.00788 0.00834 0.11498 0.13482 0.03208 0.05276 0.1026 0.0074
0.27152 0.24714 0.14780000000000001 0.21624000000000002 0.048479999999999995 0.04368 0.008400000000000001 0.21447999999999998 0.0079 0.00782 0.11628 0.13788 0.03014 0.054619999999999995 0.10412 0.0074800000000000005
0.27398 0.255 0.15081999999999998 0.21666 0.04884 0.04776 0.00954 0.21946000000000002 0.0076 0.0078 0.11684 0.1407 0.02522 0.05924 0.10586 0.0070999999999999995
0.28122 0.25892000000000004 0.15286000000000002 0.22224000000000002 0.05102 0.05436 0.00878 0.22778 0.00822 0.00746 0.12184 0.1424 0.02816 0.05706 0.11331999999999999 0.0063
0.28546 0.26414 0.155 0.23002 0.052539999999999996 0.06628 0.00662 0.24212 0.00866 0.0074199999999999995 0.1291 0.14718 0.03186 0.05558 0.12526 0.0057
0.28388 0.26798 0.154 0.22876 0.06092 0.062079999999999996 0.0066 0.2298 0.009800000000000001 0.0070999999999999995 0.13072 0.14987999999999999 0.03326 0.052700000000000004 0.12512 0.0064
0.27868 0.27276 0.14946 0.22347999999999998 0.07672 0.055 0.00636 0.21059999999999998 0.01154 0.00656 0.13241999999999998 0.15568 0.03546 0.047920000000000004 0.12314 0.00754
0.27506 0.27476 0.15158000000000002 0.23016 0.07568000000000001 0.05926 0.00646 0.21312 0.01092 0.007019999999999999 0.13784 0.15016 0.037399999999999996 0.044700000000000004 0.12572 0.009519999999999999
0.27156 0.28208 0.15634 0.24353999999999998 0.0768 0.06706000000000001 0.0060999999999999995 0.221 0.00994 0.00736 0.15122 0.14412 0.0418 0.040420000000000005 0.1315 0.01194
0.27136 0.27842 0.15647999999999998 0.24791999999999997 0.07184 0.06802 0.0061600000000000005 0.22158 0.00942 0.00922 0.14434 0.14654 0.03996 0.041960000000000004 0.12836 0.01114
0.26758 0.2724 0.15838 0.25104 0.06014 0.06602 0.0053 0.22069999999999998 0.00882 0.0126 0.13156 0.14564 0.03872 0.04482 0.12208 0.010199999999999999
0.27824 0.27996 0.16191999999999998 0.26236000000000004 0.06216 0.0691 0.00556 0.22288 0.0081 0.01264 0.13546 0.15098 0.037700000000000004 0.047200000000000006 0.12487999999999999 0.01022
0.29569999999999996 0.29410000000000003 0.16924 0.27996 0.06382 0.07528 0.0062 0.22252000000000002 0.00666 0.01236 0.14056 0.15925999999999998 0.03762 0.05354 0.12754000000000001 0.01058
0.30334 0.30378 0.1695 0.28584 0.0663 0.0808 0.00934 0.23258 0.00862 0.01282 0.15330000000000002 0.15836 0.037340000000000005 0.056060000000000006 0.13218000000000002 0.01298
0.319 0.32032 0.16616 0.29592 0.07124 0.09058 0.01436 0.24422 0.011519999999999999 0.01298 0.1758 0.1575 0.039520000000000007 0.0585 0.13898 0.01652
0.32326 0.33188 0.16666 0.29808 0.0722 0.09234 0.0134 0.25278 0.01294 0.015359999999999999 0.18402000000000002 0.16602 0.037399999999999996 0.05702 0.14158 0.01472
0.33962 0.35068 0.16197999999999999 0.306 0.07564 0.09523999999999999 0.011720000000000001 0.2712 0.01548 0.01902 0.19834000000000002 0.17887999999999998 0.03448 0.05248 0.14776 0.012960000000000001
0.34136 0.34558 0.16468 0.3055 0.07831999999999999 0.0987 0.011980000000000001 0.27086 0.01908 0.02214 0.19744 0.18128 0.03492 0.054979999999999994 0.14818 0.01408
0.34326 0.34206 0.16608 0.3078 0.08228 0.10376 0.01284 0.2707 0.023420000000000003 0.027239999999999997 0.1976 0.18394 0.03854 0.05808 0.14784 0.01666
0.34262 0.33692 0.16958 0.30536 0.08158 0.10026 0.01264 0.27226 0.02228 0.02442 0.19096000000000002 0.18044 0.03692 0.05368 0.1468 0.0161
0.34704 0.32495999999999997 0.1749 0.29712 0.08009999999999999 0.09506 0.012960000000000001 0.27466 0.02084 0.0218 0.17964 0.1747 0.03442 0.04596 0.14354 0.01574
0.34692 0.32098000000000004 0.1728 0.29410000000000003 0.08170000000000001 0.094 0.01134 0.27612000000000003 0.02112 0.023960000000000002 0.18052 0.17084 0.03632 0.0476 0.14528 0.0182
0.34682 0.31938 0.17018 0.29216000000000003 0.08348 0.09242 0.009519999999999999 0.27896 0.02134 0.02718 0.18546 0.16906000000000002 0.03934 0.05084 0.1504 0.023440000000000003
0.35168 0.32839999999999997 0.1714 0.29746 0.08746 0.09179999999999999 0.010320000000000001 0.27792 0.023039999999999998 0.0272 0.19134 0.1719 0.038759999999999996 0.05472 0.15334 0.02296
0.35768 0.34592 0.17366 0.30472000000000005 0.09392 0.09058 0.01142 0.27742 0.02386 0.02766 0.20284 0.17526 0.0391 0.05994 0.15862 0.02172
0.36198 0.33706 0.17304 0.29281999999999997 0.08948 0.08612 0.01112 0.28887999999999997 0.02068 0.02884 0.197 0.176 0.04082 0.06476000000000001 0.16519999999999999 0.02586
0.35731999999999997 0.32482 0.17564 0.2776 0.07762000000000001 0.07898000000000001 0.00984 0.30156 0.01594 0.03052 0.1851 0.17152 0.04118 0.0735 0.17338 0.03032
0.36374 0.32914 0.1809 0.28702 0.0819 0.08234 0.01122 0.30468 0.0165 0.02954 0.19584000000000001 0.17006 0.04758 0.0695 0.17248 0.03102
0.37844 0.34212 0.18680000000000002 0.29954000000000003 0.08893999999999999 0.08666 0.01322 0.31132 0.01844 0.027100000000000003 0.21372 0.16936 0.05632 0.06388 0.17216 0.03222
0.37739999999999996 0.3461 0.187 0.29922000000000004 0.09036 0.08852 0.0141 0.3133 0.02076 0.02846 0.21744 0.1721 0.05572 0.061079999999999995 0.17815999999999999 0.03244
0.3783 0.35154 0.18980000000000002 0.29686 0.09351999999999999 0.09056 0.01574 0.32014 0.0248 0.030359999999999998 0.22516 0.17274 0.05138 0.057 0.18736000000000003 0.03468
0.37762 0.36394 0.18574000000000002 0.30778 0.08726 0.09151999999999999 0.01676 0.32014 0.01898 0.0295 0.2341 0.18059999999999998 0.04944 0.055119999999999995 0.18994 0.03236
0.38006 0.38392000000000004 0.18146 0.32556 0.07828 0.09218000000000001 0.019899999999999998 0.32139999999999996 0.009859999999999999 0.028140000000000002 0.25156 0.19334 0.04566 0.05156 0.19390000000000002 0.030379999999999997
0.38177999999999995 0.38045999999999996 0.18218 0.32448 0.08866 0.09244 0.01878 0.31832 0.01098 0.03098 0.2391 0.1911 0.045259999999999995 0.04616 0.19412000000000001 0.027460000000000002
0.38702 0.37545999999999996 0.18153999999999998 0.3187 0.10072 0.08979999999999999 0.01566 0.3185 0.01278 0.03448 0.21852000000000002 0.18966 0.04418 0.040299999999999996 0.1982 0.02442
0.38068 0.38754 0.17972 0.32374 0.09966 0.0937 0.016800000000000002 0.31357999999999997 0.011800000000000001 0.03324 0.22824 0.19019999999999998 0.04478 0.04396 0.19686 0.023239999999999997
0.36604000000000003 0.399 0.17802 0.32506 0.09376000000000001 0.09648000000000001 0.01852 0.30594 0.01008 0.03114 0.23815999999999998 0.1894 0.04776 0.04906 0.19656 0.0213
0.36196 0.39756 0.1733 0.32001999999999997 0.08574 0.09781999999999999 0.01986 0.30822000000000005 0.0094 0.02886 0.23242 0.19074000000000002 0.04992 0.0493 0.19644 0.0237
0.354 0.39306 0.16986 0.31232 0.07428 0.09428 0.02146 0.30907999999999997 0.007679999999999999 0.02606 0.22484 0.19197999999999998 0.055659999999999994 0.04818 0.19458 0.02898
0.36169999999999997 0.3911 0.17576 0.31962 0.0839 0.09478 0.02674 0.30857999999999997 0.01056 0.02896 0.226 0.19084 0.05212 0.04838 0.19736 0.031120000000000002
0.37172000000000005 0.38482 0.18346 0.33527999999999997 0.09752 0.09709999999999999 0.03502 0.30866000000000005 0.013779999999999999 0.03514 0.22513999999999998 0.18712 0.04854 0.047200000000000006 0.19974 0.0354
0.36676 0.38256 0.18080000000000002 0.32976 0.09426000000000001 0.09206 0.03344 0.3105 0.01314 0.03338 0.22062 0.18366 0.04962 0.05018 0.19556 0.03296
0.35606 0.37727999999999995 0.17548 0.32652 0.08708 0.08648 0.031120000000000002 0.30992000000000003 0.010960000000000001 0.02986 0.213 0.17718 0.05138 0.05416 0.1866 0.029079999999999998
0.3613 0.38777999999999996 0.17643999999999999 0.3322 0.08304 0.08821999999999999 0.03052 0.31094 0.01066 0.035679999999999996 0.22236 0.18148 0.05442 0.054619999999999995 0.18994 0.03086
0.37113999999999997 0.40196 0.1734 0.34286 0.07768000000000001 0.09058 0.029 0.31482 0.009640000000000001 0.04226 0.23914 0.18606 0.05924 0.054299999999999994 0.19532 0.0312
0.3802 0.39076 0.18194 0.3434 0.07776000000000001 0.09062 0.0315 0.32001999999999997 0.0103 0.038759999999999996 0.22998 0.1865 0.062200000000000005 0.05604 0.19762000000000002 0.03294
0.38480000000000003 0.37789999999999996 0.196 0.34316 0.07551999999999999 0.09038 0.03698 0.32974000000000003 0.01018 0.03418 0.21802000000000002 0.18932 0.06468 0.05594 0.20282 0.03436
0.37604000000000004 0.37032 0.20086 0.34334 0.06892 0.08862 0.03472 0.32464 0.01098 0.03522 0.21868 0.18954 0.062299999999999994 0.05872 0.20324 0.03516
0.36034 0.36284 0.20636000000000002 0.34066 0.06062 0.08662 0.03188 0.31488 0.012039999999999999 0.03718 0.22196000000000002 0.19140000000000001 0.05658 0.0606 0.20194 0.0359
0.35802 0.36128 0.204 0.33124000000000003 0.06416 0.08676 0.02822 0.31532 0.01148 0.037880000000000004 0.22175999999999998 0.1913 0.05264 0.0626 0.19794 0.03532
0.35134 0.36028 0.19684000000000001 0.31601999999999997 0.06804 0.08512 0.02318 0.31468 0.01076 0.03854 0.2226 0.19006 0.04678 0.06324 0.19247999999999998 0.03572
0.36519999999999997 0.36257999999999996 0.19612000000000002 0.31745999999999996 0.0727 0.08904000000000001 0.02312 0.32338 0.01278 0.038939999999999995 0.23256 0.19008 0.04722 0.06372 0.1953 0.03376
0.38138 0.36819999999999997 0.19416 0.32414 0.0804 0.09622 0.02162 0.33768 0.01564 0.039200000000000006 0.24694 0.188 0.04734 0.06576 0.20386 0.03308
0.38074 0.37762 0.19690000000000002 0.3328 0.0839 0.09272 0.02164 0.33306 0.01422 0.039799999999999995 0.25642000000000004 0.19263999999999998 0.046200000000000005 0.06046 0.20404 0.03386
0.38118 0.38989999999999997 0.19828 0.34052 0.09064 0.0886 0.02132 0.32522 0.0109 0.04142 0.26718000000000003 0.2006 0.04432 0.05414 0.19934000000000002 0.03468
0.38514 0.39089999999999997 0.20018 0.3462 0.09204000000000001 0.09072 0.01998 0.33294 0.01062 0.0417 0.26768000000000003 0.19992 0.038340000000000006 0.05054 0.20654 0.036
0.38836000000000004 0.38989999999999997 0.20726 0.3499 0.08968000000000001 0.09154000000000001 0.01798 0.34194 0.009800000000000001 0.041100000000000005 0.26436000000000004 0.20186 0.030879999999999998 0.04646 0.21459999999999999 0.03676
0.22902 0.23028 0.12098 0.20414 0.052840000000000005 0.0533 0.01072 0.20086 0.0058 0.0246 0.1569 0.11874 0.0184 0.027440000000000003 0.12582 0.021920000000000002
0.0 0.0 0.0 0.0 0.0 0.0 0.0 0.0 0.0 0.0 0.0 0.0 0.0 0.0 0.0 0.0
0.0 0.0 0.0 0.0 0.0 0.0 0.0 0.0 0.0 0.0 0.0 0.0 0.0 0.0 0.0 0.0
0.0 0.0 0.0 0.0 0.0 0.0 0.0 0.0 0.0 0.0 0.0 0.0 0.0 0.0 0.0 0.0
0.0 0.0 0.0 0.0 0.0 0.0 0.0 0.0 0.0 0.0 0.0 0.0 0.0 0.0 0.0 0.0
0.0 0.0 0.0 0.0 0.0 0.0 0.0 0.0 0.0 0.0 0.0 0.0 0.0 0.0 0.0 0.0
0.0 0.0 0.0 0.0 0.0 0.0 0.0 0.0 0.0 0.0 0.0 0.0 0.0 0.0 0.0 0.0
0.0 0.0 0.0 0.0 0.0 0.0 0.0 0.0 0.0 0.0 0.0 0.0 0.0 0.0 0.0 0.0
0.0 0.0 0.0 0.0 0.0 0.0 0.0 0.0 0.0 0.0 0.0 0.0 0.0 0.0 0.0 0.0
0.0 0.0 0.0 0.0 0.0 0.0 0.0 0.0 0.0 0.0 0.0 0.0 0.0 0.0 0.0 0.0
0.0 0.0 0.0 0.0 0.0 0.0 0.0 0.0 0.0 0.0 0.0 0.0 0.0 0.0 0.0 0.0
0.0 0.0 0.0 0.0 0.0 0.0 0.0 0.0 0.0 0.0 0.0 0.0 0.0 0.0 0.0 0.0
0.0 0.0 0.0 0.0 0.0 0.0 0.0 0.0 0.0 0.0 0.0 0.0 0.0 0.0 0.0 0.0
0.0 0.0 0.0 0.0 0.0 0.0 0.0 0.0 0.0 0.0 0.0 0.0 0.0 0.0 0.0 0.0
0.0 0.0 0.0 0.0 0.0 0.0 0.0 0.0 0.0 0.0 0.0 0.0 0.0 0.0 0.0 0.0
