2e-05
0.0
0.0
0.0
0.0
0.04858
0.33046
0.36926
0.37939999999999996
0.376
0.3683
0.36818
0.37045999999999996
0.36788
0.35756
0.3574
0.35902
0.35681999999999997
0.35512
0.35646
0.36344
0.36498
0.37348000000000003
0.36948000000000003
0.35768
0.35744
0.35584
0.35087999999999997
0.32748
0.32595999999999997
0.31786000000000003
0.31526
0.31792000000000004
0.31318
0.31136
0.30713999999999997
0.30169999999999997
0.30184
0.30484
0.30268
0.29816000000000004
0.2965
0.30146
0.29422000000000004
0.28396
0.28548
0.28786
0.287
0.28802
0.28606
0.27926
0.2808
0.28014
0.2805
0.28418
0.28418
0.27862
0.27884
0.27548
0.27012
0.26024
0.2591
0.25954
0.25739999999999996
0.26244
0.26212
0.2531
0.25972
0.26886
0.26986
0.27132
0.27024000000000004
0.26527999999999996
0.26177999999999996
0.24924000000000002
0.24484
0.23368
0.23434
0.22668000000000002
0.22663999999999998
0.2266
0.22391999999999998
0.22638
0.23084
0.24262
0.24084
0.235
0.2288
0.20696
0.20178000000000001
0.19347999999999999
0.19041999999999998
0.19512000000000002
0.18808000000000002
0.18064
0.18012
0.18236000000000002
0.17826
0.16822
0.16854
0.16713999999999998
0.1662
0.1601
0.16244
0.16588
0.16536
0.16874
0.16524
0.16362000000000002
0.16334
0.16418000000000002
0.16252
0.165
0.16291999999999998
0.16304
0.16244
0.16524
0.165
0.16032
0.16032
0.15872
0.158
0.16113999999999998
0.16018000000000002
0.16106
0.15858
0.14958000000000002
0.15068
0.15292
0.15156
0.14758000000000002
0.14824
0.14724
0.14452
0.14294
0.14268
0.14282
0.13663999999999998
0.11874
0.1172
0.1181
0.11792
0.11624
0.1168
0.11806
0.11654
0.11652
0.11584
0.11186
0.11012000000000001
0.11366
0.11624
0.11926
0.1171
0.1154
0.11558
0.11548
0.11606
0.1177
0.12014
0.11832
0.1288
0.14859999999999998
0.14164
0.12192
0.12102
0.11888
0.11972
0.12440000000000001
0.12428
0.12464
0.12395999999999999
0.12414
0.12129999999999999
0.12158
0.1206
0.12142
0.12445999999999999
0.12526
0.1313
0.13966
0.145
0.15653999999999998
0.14992
0.14942
0.14606
0.1381
0.13878000000000001
0.14786000000000002
0.1468
0.1404
0.15112
0.173
0.16872
0.15838
0.16
0.15762
0.15736
0.1575
0.15216
0.14564
0.14596
0.14546
0.13982
0.12465999999999999
0.13304
0.14818
0.1576
0.15606
0.15675999999999998
0.15782
0.16876
0.19063999999999998
0.1896
0.18530000000000002
0.1815
0.16244
0.15906
0.15366
0.15480000000000002
0.15484
0.16578
0.19134
0.19228
0.19054
0.1844
0.20624
0.22362
0.24459999999999998
0.24184
0.23113999999999998
0.23987999999999998
0.26322
0.26427999999999996
0.26739999999999997
0.26827999999999996
0.2706
0.27152
0.27398
0.28122
0.28546
0.28388
0.27868
0.27506
0.28208
0.27842
0.2724
0.27996
0.29569999999999996
0.30378
0.32032
0.33188
0.35068
0.34558
0.34326
0.34262
0.34704
0.34692
0.34682
0.35168
0.35768
0.36198
0.35731999999999997
0.36374
0.37844
0.37739999999999996
0.3783
0.37762
0.38392000000000004
0.38177999999999995
0.38702
0.38754
0.399
0.39756
0.39306
0.3911
0.38482
0.38256
0.37727999999999995
0.38777999999999996
0.40196
0.39076
0.38480000000000003
0.37604000000000004
0.36284
0.36128
0.36028
0.36519999999999997
0.38138
0.38074
0.38989999999999997
0.39089999999999997
0.38989999999999997
0.23028
0.0
0.0
0.0
0.0
0.0
0.0
0.0
0.0
0.0
0.0
0.0
0.0
0.0
0.0
