2e-05 2e-05 2e-05 2e-05 2e-05 2e-05 2e-05 2e-05 2e-05 2e-05 2e-05 2e-05 2e-05 2e-05 2e-05 2e-05
0.0 0.0 0.0 0.0 0.0 0.0 0.0 0.0 0.0 0.0 0.0 0.0 0.0 0.0 0.0 0.0
0.0 0.0 0.0 0.0 0.0 0.0 0.0 0.0 0.0 0.0 0.0 0.0 0.0 0.0 0.0 0.0
0.0 0.0 0.0 0.0 0.0 0.0 0.0 0.0 0.0 0.0 0.0 0.0 0.0 0.0 0.0 0.0
0.0 0.0 0.0 0.0 0.0 0.0 0.0 0.0 0.0 0.0 0.0 0.0 0.0 0.0 0.0 0.0
0.005679999999999999 0.027260000000000003 0.047159999999999994 0.00994 0.01478 0.0005200000000000001 0.01632 0.00198 0.0 0.00466 0.03456 0.001 0.01774 0.02666 0.00312 0.00906
0.22254 0.2015 0.30532 0.24359999999999998 0.14824 0.15846000000000002 0.15788 0.13452 0.13512000000000002 0.0911 0.22274000000000002 0.23426 0.13086 0.20688 0.1546 0.12512
0.28146 0.20856 0.30954000000000004 0.29406 0.16666 0.20366 0.17426 0.17572 0.1763 0.10864 0.22522 0.3023 0.13738 0.21602000000000002 0.19397999999999999 0.1451
0.28424 0.206 0.30888 0.28292 0.16654 0.20582 0.1646 0.17830000000000001 0.18774000000000002 0.11372 0.22053999999999999 0.30207999999999996 0.13398 0.217 0.18786000000000003 0.1434
0.28696 0.20736000000000002 0.30698000000000003 0.28288 0.16426 0.20308 0.16341999999999998 0.17712 0.18602000000000002 0.11338 0.21852000000000002 0.30192 0.13238 0.21656 0.18631999999999999 0.14236000000000001
0.28206 0.20765999999999998 0.29574 0.26958 0.16232 0.19684000000000001 0.15908 0.16741999999999999 0.17842 0.10712 0.21344 0.29084 0.13082 0.21280000000000002 0.17684 0.13598
0.27624 0.20584 0.29175999999999996 0.26532 0.16038 0.19175999999999999 0.15682 0.16484000000000001 0.17684 0.10732 0.21234 0.28742 0.13018000000000002 0.20712 0.17332 0.1363
0.27154 0.20593999999999998 0.29866000000000004 0.26554 0.1697 0.1851 0.15825999999999998 0.16412000000000002 0.17924 0.1036 0.21746000000000001 0.27244 0.12774 0.2094 0.17112 0.13334000000000001
0.27022 0.20604 0.29808 0.2656 0.1693 0.18380000000000002 0.15786 0.16208 0.17664 0.10316 0.21836000000000003 0.27274 0.12668000000000001 0.20658 0.17036 0.13252
0.26394 0.19666 0.28664 0.26438 0.16178 0.17668 0.15425999999999998 0.15974000000000002 0.16768 0.09948 0.20978 0.27274 0.1206 0.19974 0.1677 0.13036
0.26304 0.19778 0.28434 0.26072 0.16282 0.17578 0.15486000000000003 0.16069999999999998 0.169 0.09848 0.20832 0.2699 0.12046 0.20104 0.16852 0.12794
0.26204 0.20198 0.28608 0.26182 0.16382 0.1708 0.15378 0.15419999999999998 0.16724 0.09562000000000001 0.20952 0.26533999999999996 0.12988 0.21066 0.17122 0.12752
0.26380000000000003 0.19963999999999998 0.28456 0.25864 0.162 0.17118 0.15122 0.15516 0.16866 0.09394 0.2078 0.26376 0.12940000000000002 0.20722 0.17282 0.12832
0.2734 0.20276 0.27992 0.24115999999999999 0.15478 0.17134 0.13426 0.16163999999999998 0.17318 0.09295999999999999 0.19932 0.2699 0.12556 0.19626 0.17936000000000002 0.13268000000000002
0.27118000000000003 0.2017 0.28393999999999997 0.24132 0.15328 0.17262 0.13491999999999998 0.15694 0.1743 0.09502 0.19768 0.26924000000000003 0.12664 0.19491999999999998 0.1802 0.1315
0.27866 0.20214 0.28992 0.24336000000000002 0.15646000000000002 0.1733 0.13722 0.15428 0.1756 0.09444 0.19213999999999998 0.26812 0.1242 0.18622 0.18087999999999999 0.13786
0.27774 0.20364 0.28872000000000003 0.24092 0.15613999999999997 0.17321999999999999 0.13724 0.15622 0.17442 0.09362000000000001 0.19268000000000002 0.26418 0.12473999999999999 0.18438 0.17922 0.13502
0.27574 0.20118 0.289 0.23902 0.1509 0.18202000000000002 0.13556 0.16122 0.17682 0.0985 0.1935 0.2686 0.12368000000000001 0.17466 0.1758 0.13188
0.27827999999999997 0.19946 0.2853 0.24154 0.15364 0.18174 0.13544 0.15772 0.17638 0.0978 0.19388 0.26776 0.12178 0.1731 0.17584 0.13094
0.2718 0.20124 0.2849 0.2417 0.15813999999999998 0.17542 0.13341999999999998 0.16288 0.17314 0.09298000000000001 0.19746 0.27048 0.12066 0.17452 0.1731 0.12742
0.27044 0.19996 0.28434 0.24184 0.1556 0.17634 0.133 0.16202 0.17536000000000002 0.09122 0.1977 0.26964 0.12112 0.17565999999999998 0.17504 0.1276
0.27292 0.19708 0.27522 0.2358 0.15030000000000002 0.17598 0.13022 0.15882 0.17324 0.08952 0.19254 0.2749 0.11844 0.16826 0.17426 0.12476000000000001
0.27094 0.19812000000000002 0.2751 0.2361 0.15146 0.17436000000000001 0.13241999999999998 0.15974000000000002 0.1703 0.0907 0.1904 0.27306 0.11812 0.16892 0.17366 0.12362000000000001
0.25774 0.19602 0.27596 0.23338 0.14796 0.16191999999999998 0.13176 0.1546 0.15797999999999998 0.08874 0.18416 0.26458 0.11876 0.17028000000000001 0.16676 0.12458
0.25574 0.1958 0.2744 0.23198 0.14754 0.161 0.13090000000000002 0.15438 0.15791999999999998 0.0881 0.18252000000000002 0.26048000000000004 0.11808 0.17004 0.16524 0.12273999999999999
0.24644 0.18932 0.27456 0.23006000000000001 0.14322 0.15062 0.12875999999999999 0.15186000000000002 0.14826 0.0876 0.18324000000000001 0.2534 0.1154 0.17164 0.15453999999999998 0.12102
0.24780000000000002 0.19146000000000002 0.27046 0.23058 0.14492 0.15369999999999998 0.12834 0.14824 0.15131999999999998 0.08824 0.18556 0.25418 0.11452 0.16824 0.15575999999999998 0.11952
0.24872 0.1874 0.2682 0.2299 0.14584 0.15680000000000002 0.1293 0.15078 0.15488 0.08856 0.18966 0.2509 0.10736 0.16804 0.1566 0.11974
0.24592 0.18438 0.26339999999999997 0.22868 0.14428 0.15306 0.12872 0.14818 0.15003999999999998 0.08708 0.18838 0.24644 0.10538 0.1666 0.15352000000000002 0.11774
0.2385 0.18618 0.26624000000000003 0.21841999999999998 0.14008 0.14624 0.1274 0.1461 0.14076 0.08454 0.18703999999999998 0.24406 0.1033 0.16436 0.14558000000000001 0.1171
0.23906 0.18752000000000002 0.2655 0.21816 0.13928000000000001 0.14486000000000002 0.12596 0.14632 0.14016 0.08556 0.1861 0.24298 0.10466 0.16582 0.1455 0.11592
0.23904 0.18452000000000002 0.26089999999999997 0.21276 0.13636 0.14208 0.12140000000000001 0.14656 0.13994 0.08628 0.18196 0.24062 0.11062000000000001 0.16456 0.14592 0.11494
0.23784 0.1851 0.2581 0.2122 0.13541999999999998 0.1436 0.11912 0.14515999999999998 0.1406 0.08526 0.1807 0.24028 0.10768000000000001 0.16398 0.14676 0.11566
0.2346 0.18492 0.26022 0.20714 0.13346 0.14248 0.11864 0.14881999999999998 0.14182 0.08746 0.18832 0.24202 0.10832 0.16444 0.14687999999999998 0.11654
0.23516 0.18486000000000002 0.25986000000000004 0.20642 0.13263999999999998 0.1435 0.11814 0.1467 0.14246 0.08856 0.18908000000000003 0.24368 0.10890000000000001 0.16354 0.14752 0.11628
0.235 0.18316 0.2533 0.20504 0.13044 0.1452 0.11572 0.14008 0.14378 0.08738 0.18434 0.24158000000000002 0.10529999999999999 0.15932 0.14765999999999999 0.11428
0.23312 0.18302000000000002 0.25232 0.20544 0.13090000000000002 0.14648 0.11538 0.14176 0.1463 0.08768000000000001 0.17978 0.23918 0.105 0.15794 0.14652 0.11223999999999999
0.23392 0.17772 0.24387999999999999 0.19618 0.13032 0.1408 0.10579999999999999 0.13632 0.14548 0.08444 0.16356 0.23128 0.0999 0.15153999999999998 0.13662 0.10565999999999999
0.23386 0.17834 0.2429 0.19468000000000002 0.13154 0.14046 0.10804000000000001 0.13778 0.14404 0.08226 0.16376 0.22924 0.0997 0.14981999999999998 0.1351 0.1066
0.22584 0.176 0.24052 0.19072 0.12688 0.13532 0.10596 0.13126 0.13738 0.08016 0.15747999999999998 0.22334 0.09684000000000001 0.1433 0.13216 0.1046
0.22708 0.17787999999999998 0.2389 0.18846000000000002 0.12652 0.13576 0.10664 0.13112000000000001 0.1374 0.07890000000000001 0.16069999999999998 0.22247999999999998 0.09626 0.14146 0.13478 0.10514
0.22732 0.17812 0.24126 0.17842 0.12323999999999999 0.13808 0.10479999999999999 0.11756 0.13898 0.0775 0.16219999999999998 0.21614 0.09436 0.13966 0.13644 0.10386
0.23098 0.17604 0.23896 0.17493999999999998 0.12495999999999999 0.1368 0.10556 0.11856 0.13888 0.07496 0.16141999999999998 0.21786000000000003 0.09495999999999999 0.13898 0.13344 0.10643999999999999
0.22541999999999998 0.17348 0.23334 0.17458 0.1217 0.13676 0.10084 0.11628 0.14022 0.07448 0.15602000000000002 0.21497999999999998 0.0935 0.14458000000000001 0.13902 0.107
0.22644 0.17336000000000001 0.23356 0.17224 0.12244 0.1353 0.10144 0.11492000000000001 0.13948 0.07414 0.15722 0.21481999999999998 0.09358 0.14478 0.13868 0.10604000000000001
0.22208 0.1725 0.2339 0.16556 0.11934 0.12974000000000002 0.09798 0.10773999999999999 0.13536 0.0706 0.15794 0.21034 0.09518 0.14154 0.13604 0.10204
0.22294 0.17236 0.23138 0.16613999999999998 0.12079999999999999 0.13 0.10042 0.10698 0.13441999999999998 0.07018 0.15728 0.20959999999999998 0.09401999999999999 0.1414 0.13266 0.10166
0.22119999999999998 0.17102 0.22994 0.1681 0.11852 0.13190000000000002 0.09858 0.10482 0.1325 0.07116 0.15166 0.20754 0.09254000000000001 0.13936 0.12624 0.09544
0.22197999999999998 0.17102 0.23196 0.16362000000000002 0.11926 0.12944 0.09886 0.10436 0.1296 0.06902 0.15188 0.20574 0.0932 0.14008 0.12459999999999999 0.09606
0.21662 0.17274 0.22906 0.15784 0.11714 0.12098 0.09522 0.0992 0.12387999999999999 0.06478 0.14244 0.19498 0.09292 0.13494 0.12074 0.09196
0.21766 0.17588 0.22712000000000002 0.1608 0.11631999999999999 0.12215999999999999 0.09423999999999999 0.09744 0.12562 0.06431999999999999 0.14196 0.19728 0.09209999999999999 0.13426 0.12032 0.09358
0.21802000000000002 0.17032 0.21956 0.16502 0.11642 0.1217 0.09378 0.10036 0.12472 0.06266 0.13482 0.19746 0.08936 0.13184 0.1182 0.08972
0.21725999999999998 0.16924 0.22080000000000002 0.16190000000000002 0.11634 0.12178 0.09292 0.09892000000000001 0.12486 0.061 0.13558 0.19734000000000002 0.09298000000000001 0.1325 0.11764 0.09086
0.21628 0.17146 0.21338 0.15653999999999998 0.11444 0.11588 0.09006 0.0937 0.12118000000000001 0.05832 0.12806 0.18863999999999997 0.09208 0.13472 0.11334000000000001 0.0841
0.21388 0.16808 0.209 0.15453999999999998 0.11134000000000001 0.11494 0.08992 0.09445999999999999 0.11785999999999999 0.05724 0.1301 0.18716 0.09126000000000001 0.13086 0.11164 0.08456
0.21114 0.15696000000000002 0.20062 0.15266 0.10044 0.11284000000000001 0.08438 0.09086 0.11276 0.05688 0.12423999999999999 0.18522 0.08070000000000001 0.12714 0.10542 0.08142
0.21042 0.15586000000000003 0.20048 0.15178 0.09992 0.11220000000000001 0.0836 0.09137999999999999 0.11154 0.05688 0.12356 0.18016 0.08170000000000001 0.12354000000000001 0.1055 0.07994
0.21056 0.16263999999999998 0.20554 0.14906 0.09734000000000001 0.11198000000000001 0.08484 0.09381999999999999 0.11001999999999999 0.0653 0.1258 0.17815999999999999 0.08126 0.11262 0.10452 0.08514000000000001
0.21098 0.16196000000000002 0.2055 0.15064 0.09694 0.11288 0.08394 0.09298000000000001 0.11031999999999999 0.06488 0.12512 0.17686000000000002 0.08072 0.11288 0.10446 0.08574
0.21196 0.16741999999999999 0.20496 0.14506 0.09886 0.11048000000000001 0.08388 0.09606 0.11037999999999999 0.06356 0.12340000000000001 0.17978 0.08216 0.11381999999999999 0.10474 0.08442
0.2132 0.16616 0.20464 0.14658000000000002 0.09986 0.11173999999999999 0.08372 0.09759999999999999 0.11106 0.06468 0.12265999999999999 0.18164 0.08116 0.11128 0.10804000000000001 0.08706
0.20796 0.16328 0.1986 0.14822 0.09554 0.11268 0.08270000000000001 0.10104 0.11220000000000001 0.07078 0.1161 0.18962 0.07914 0.10242 0.11722 0.09366
0.20356 0.16262000000000001 0.20324 0.1472 0.09308 0.1125 0.08345999999999999 0.10118 0.11208 0.07022 0.11846 0.19113999999999998 0.0815 0.10526 0.11568 0.09748
0.19698 0.162 0.20096 0.14898 0.08608 0.1145 0.0839 0.10038 0.10742 0.06976 0.12276000000000001 0.18694 0.07764 0.11036 0.11314 0.09368000000000001
0.1983 0.163 0.2012 0.14859999999999998 0.08694 0.11170000000000001 0.08412 0.09994 0.10507999999999999 0.06894 0.12106 0.18862 0.07765999999999999 0.10801999999999999 0.11498 0.09294
0.19578 0.166 0.2 0.143 0.08738 0.10868000000000001 0.0845 0.09759999999999999 0.10154 0.05976 0.11431999999999999 0.18359999999999999 0.08008 0.10407999999999999 0.11993999999999999 0.08836
0.19382 0.166 0.19691999999999998 0.1417 0.08618 0.10822 0.0831 0.09714 0.1013 0.05706 0.11378 0.18488 0.0788 0.1037 0.11844 0.0885
0.19366 0.15908 0.18975999999999998 0.14158 0.08584 0.11156 0.08128 0.09498000000000001 0.10656 0.05414 0.10914 0.18768 0.07678 0.10392 0.11952 0.0834
0.19402 0.15730000000000002 0.1875 0.14094 0.08534 0.11302 0.08276 0.09442 0.10718000000000001 0.055420000000000004 0.10742 0.19134 0.07548 0.10502 0.11732 0.0845
0.19047999999999998 0.14834 0.1795 0.14124 0.08272 0.11428 0.08088 0.09638 0.10606 0.054880000000000005 0.10416 0.19272 0.07184 0.10234 0.1125 0.08398
0.19019999999999998 0.14844 0.17648 0.14062 0.08276 0.11392000000000001 0.08084000000000001 0.09544 0.10558 0.05634 0.10296 0.19096000000000002 0.0707 0.10066 0.11514 0.08270000000000001
0.18278 0.14736000000000002 0.17374 0.13526 0.07898000000000001 0.11008 0.07976000000000001 0.09126000000000001 0.10136 0.05218 0.09694 0.18514 0.06948 0.09684000000000001 0.11194 0.08306000000000001
0.183 0.14586000000000002 0.17234 0.1355 0.07984000000000001 0.10972 0.07845999999999999 0.08928 0.10106 0.052520000000000004 0.09698000000000001 0.18253999999999998 0.06908 0.09444 0.11114 0.08281999999999999
0.1774 0.14202 0.16644 0.13208 0.08308 0.10042 0.07551999999999999 0.08752 0.09706000000000001 0.04868 0.08982 0.17687999999999998 0.06704 0.08784 0.10586 0.07928
0.17518 0.14184 0.16794 0.13241999999999998 0.0805 0.09831999999999999 0.07368000000000001 0.08562 0.09495999999999999 0.049659999999999996 0.09046 0.1727 0.0669 0.0881 0.10428 0.07522
0.16838 0.1443 0.17118 0.12672 0.07876000000000001 0.09286 0.071 0.0828 0.09034 0.048060000000000005 0.0952 0.15972 0.06881999999999999 0.0911 0.09101999999999999 0.06668
0.17076 0.1444 0.16872 0.12632 0.07754000000000001 0.09028 0.07068 0.08424 0.08821999999999999 0.04728 0.0987 0.15925999999999998 0.06768 0.0911 0.08924 0.06712
0.16674 0.14156 0.16696 0.1265 0.07284 0.088 0.07066 0.08892 0.08414 0.04888 0.1067 0.1551 0.06522 0.09518 0.08766 0.06514
0.16608 0.14443999999999999 0.17298 0.12558 0.0737 0.08786 0.07242 0.0879 0.08512 0.04752 0.1097 0.15552000000000002 0.06645999999999999 0.09698000000000001 0.08682 0.06718
0.16456 0.15342 0.19354 0.12841999999999998 0.07737999999999999 0.08918000000000001 0.08036 0.08272 0.0887 0.04814 0.11726 0.152 0.07234 0.1009 0.08762 0.06726
0.16194 0.15181999999999998 0.18952000000000002 0.12642 0.07572 0.08978 0.07964 0.08184000000000001 0.08764 0.0485 0.1162 0.15034 0.07324 0.09934 0.08685999999999999 0.06631999999999999
0.16163999999999998 0.14856 0.17622 0.12426000000000001 0.07134 0.08838 0.07578 0.08222 0.08256000000000001 0.047060000000000005 0.11087999999999999 0.14368 0.06844 0.09672 0.08174 0.061200000000000004
0.16076 0.14734 0.17304 0.12664 0.06968 0.08816 0.07412 0.07937999999999999 0.08226 0.04574 0.10498 0.1417 0.0678 0.09348000000000001 0.08188 0.06098
0.16204 0.1437 0.15778 0.1266 0.0675 0.08782 0.072 0.0737 0.08144 0.041280000000000004 0.08614 0.1397 0.0644 0.07866 0.08302 0.0606
0.16056 0.14232 0.15466 0.1255 0.06654 0.08664 0.07264 0.07568000000000001 0.08044 0.04132 0.08234 0.1406 0.06292 0.07732 0.08092 0.06096
0.15575999999999998 0.1358 0.14538 0.12644 0.06236 0.0872 0.0679 0.07698 0.07726000000000001 0.04272 0.0745 0.14542 0.05928 0.07194 0.08312 0.06054
0.1571 0.13591999999999999 0.1435 0.1269 0.0624 0.08990000000000001 0.06812 0.077 0.0804 0.04336 0.07234 0.1462 0.060200000000000004 0.06994 0.08298 0.06
0.15918000000000002 0.12990000000000002 0.13202 0.12794 0.06116 0.09842000000000001 0.06658 0.0767 0.08962 0.04622 0.06706000000000001 0.14956 0.057479999999999996 0.06638 0.0862 0.05948
0.15536000000000003 0.13122 0.1301 0.12358 0.06064 0.09272 0.06681999999999999 0.07590000000000001 0.08642 0.0442 0.0643 0.14458000000000001 0.056060000000000006 0.0663 0.08444 0.05806
0.14668 0.12863999999999998 0.12698 0.12112 0.06242 0.07914 0.0675 0.07052 0.07408 0.03754 0.06046 0.13216 0.05782 0.06246 0.0765 0.05464
0.14508000000000001 0.12982 0.12572 0.12096 0.060039999999999996 0.07873999999999999 0.06452 0.06862 0.07354000000000001 0.037 0.06096 0.12938 0.056979999999999996 0.06216 0.07658 0.05468
0.13838 0.12766 0.12390000000000001 0.11682 0.05568 0.07402 0.06296 0.06868 0.06516 0.03548 0.06032 0.1253 0.052340000000000005 0.06048 0.07228 0.05228
0.13846 0.1248 0.12412000000000001 0.11838 0.054920000000000004 0.07282 0.060880000000000004 0.06972 0.06431999999999999 0.03554 0.05876 0.12432 0.05188 0.061 0.07152 0.052520000000000004
0.135 0.11992 0.11714 0.11756 0.05364 0.069 0.056159999999999995 0.07842 0.061560000000000004 0.0373 0.0583 0.12534 0.047920000000000004 0.05894 0.07112 0.05226
0.13384000000000001 0.11916 0.11952 0.11986 0.05386 0.06988 0.057159999999999996 0.078 0.062259999999999996 0.037579999999999995 0.05778 0.12576 0.04914 0.06044 0.07076 0.051859999999999996
0.12902000000000002 0.11756 0.12090000000000001 0.12190000000000001 0.054 0.06808 0.05558 0.07428 0.05914 0.036719999999999996 0.05692 0.12586 0.0493 0.06148 0.06602 0.05154
0.12752 0.11696 0.12232 0.12272 0.05572 0.06884 0.056600000000000004 0.07256 0.06192 0.03624 0.058 0.12451999999999999 0.05116 0.061 0.06718 0.05146
0.12806 0.11454 0.12232 0.11785999999999999 0.05912 0.06802 0.05738 0.07012 0.06542 0.03516 0.0588 0.12532 0.0502 0.0578 0.07062 0.05226
0.1264 0.11456000000000001 0.12158 0.1189 0.05874 0.068 0.05704 0.06992 0.0663 0.03542 0.05882 0.12494 0.05094 0.0581 0.0717 0.0514
0.12794 0.11594 0.1216 0.117 0.059359999999999996 0.06564 0.056960000000000004 0.06712 0.0676 0.034 0.05982 0.12454000000000001 0.05212 0.05866 0.07044 0.05068
0.12592 0.1164 0.1237 0.11576 0.05772 0.0643 0.05676 0.06670000000000001 0.06672 0.03436 0.05978 0.12451999999999999 0.0521 0.05996 0.07084 0.05018
0.11871999999999999 0.11458 0.12323999999999999 0.11404 0.054700000000000006 0.06492 0.05704 0.06756000000000001 0.0669 0.03384 0.05974 0.12337999999999999 0.05102 0.05952 0.07562 0.052340000000000005
0.11948 0.11562 0.11834 0.1144 0.0538 0.06420000000000001 0.056600000000000004 0.06581999999999999 0.06670000000000001 0.0332 0.06112 0.12215999999999999 0.04918 0.05906 0.07432 0.0512
0.11814 0.11131999999999999 0.11404 0.11606 0.05504 0.06378 0.05712 0.06384000000000001 0.06542 0.03168 0.057479999999999996 0.11904 0.048659999999999995 0.05908 0.07256 0.0487
0.11892 0.11134000000000001 0.11562 0.11481999999999999 0.05286 0.06352000000000001 0.054880000000000005 0.0628 0.06378 0.03118 0.056060000000000006 0.11704 0.04934 0.05808 0.0693 0.048420000000000005
0.12287999999999999 0.1154 0.1189 0.11678 0.054740000000000004 0.06304 0.05788 0.06258 0.05982 0.03318 0.0546 0.11494 0.04854 0.0549 0.06552 0.04876
0.12176000000000001 0.11436 0.1181 0.11518 0.0546 0.0649 0.05712 0.06436 0.06008 0.038380000000000004 0.056799999999999996 0.1146 0.04962 0.05532 0.0659 0.05012
0.11966 0.1157 0.11556 0.1167 0.053880000000000004 0.06472 0.05602 0.06688 0.05916 0.05864 0.06568 0.11993999999999999 0.05024 0.05832 0.06544 0.05916
0.11804 0.11304 0.11308 0.11574 0.05298 0.06520000000000001 0.055560000000000005 0.06592 0.05928 0.054920000000000004 0.06481999999999999 0.1174 0.04944 0.05844 0.0653 0.05668
0.11785999999999999 0.1098 0.11164 0.11316 0.05236 0.06382 0.05514 0.0626 0.05676 0.04902 0.06096 0.116 0.04838 0.0587 0.06242 0.0516
0.11816 0.10990000000000001 0.10904000000000001 0.11259999999999999 0.05312 0.06314 0.055979999999999995 0.0633 0.05646 0.04388 0.0592 0.11320000000000001 0.04804 0.0583 0.06256 0.0504
0.11464 0.10851999999999999 0.10844 0.11092 0.05188 0.060899999999999996 0.05602 0.0606 0.052700000000000004 0.032420000000000004 0.05436 0.10895999999999999 0.04708 0.05856 0.063 0.04326
0.11302 0.10715999999999999 0.10572 0.10972 0.051179999999999996 0.06142 0.05508 0.05908 0.05356 0.03162 0.0536 0.10762000000000001 0.045840000000000006 0.05672 0.06154 0.04312
0.11488 0.10768000000000001 0.10176 0.11044 0.05084 0.061020000000000005 0.054560000000000004 0.05962 0.05266 0.02842 0.04958 0.10868000000000001 0.04462 0.05262 0.05956 0.042159999999999996
0.11452 0.10576 0.1034 0.11026000000000001 0.05096 0.061380000000000004 0.054880000000000005 0.05882 0.05278 0.02948 0.0484 0.10844 0.04442 0.05304 0.05962 0.040799999999999996
0.10858 0.10382 0.1002 0.10712 0.05012 0.061759999999999995 0.0546 0.05802 0.05148 0.02928 0.04772 0.10684 0.04282 0.05138 0.05812 0.039520000000000007
0.1103 0.1065 0.1026 0.10682 0.04962 0.06204 0.054479999999999994 0.05836 0.05178 0.02982 0.04808 0.10878 0.04408 0.05226 0.05778 0.039880000000000006
0.11094 0.10798 0.10374 0.10282 0.05 0.0592 0.05414 0.05808 0.05 0.02868 0.0494 0.10432 0.04506 0.05196 0.05256 0.03748
0.1085 0.10668000000000001 0.10282 0.1026 0.048 0.060399999999999995 0.05274 0.05814 0.0505 0.02918 0.048420000000000005 0.1041 0.0443 0.053259999999999995 0.052520000000000004 0.037840000000000006
0.10854000000000001 0.10436 0.10068 0.10308 0.04746 0.05996 0.053259999999999995 0.05974 0.0482 0.03034 0.04854 0.10248 0.043840000000000004 0.05168 0.05342 0.03624
0.10972 0.10448 0.1004 0.1026 0.04856 0.061880000000000004 0.05446 0.059359999999999996 0.04968 0.03356 0.04978 0.10364 0.04376 0.05058 0.055200000000000006 0.03774
0.11072 0.09936 0.09838 0.10612 0.0466 0.06654 0.05414 0.05952 0.05276 0.03896 0.04976 0.10584 0.04152 0.0505 0.05938 0.04358
0.10904000000000001 0.09895999999999999 0.09894 0.10740000000000001 0.04604 0.06538 0.05266 0.05982 0.0518 0.03832 0.04982 0.10478 0.04254 0.04876 0.05772 0.04344
0.10737999999999999 0.10062 0.09886 0.11236 0.0503 0.06486 0.05674 0.06318 0.05262 0.0351 0.04884 0.10112 0.0419 0.04932 0.05858 0.04234
0.10916 0.1003 0.09918 0.11142 0.04958 0.06404 0.05468 0.06344 0.052219999999999996 0.0364 0.04804 0.10457999999999999 0.041479999999999996 0.04832 0.05756 0.04136
0.10534 0.09804 0.09609999999999999 0.10638 0.048100000000000004 0.062299999999999994 0.052719999999999996 0.07032 0.05244 0.038579999999999996 0.04682 0.1076 0.040420000000000005 0.0474 0.054119999999999994 0.03922
0.10784 0.09978000000000001 0.09802 0.10972 0.04862 0.06352000000000001 0.05244 0.071 0.05264 0.03914 0.04732 0.10786 0.04026 0.04826 0.054880000000000005 0.0409
0.10848000000000001 0.09904 0.10038 0.11534 0.05 0.064 0.05404 0.07551999999999999 0.053259999999999995 0.04252 0.04886 0.10878 0.040119999999999996 0.04844 0.05636 0.04272
0.10940000000000001 0.09822 0.09845999999999999 0.11395999999999999 0.04958 0.0631 0.05416 0.07256 0.05264 0.04082 0.04808 0.10718000000000001 0.040299999999999996 0.048119999999999996 0.05472 0.04168
0.1107 0.098 0.09356 0.10981999999999999 0.048600000000000004 0.06146 0.05168 0.06816 0.05176 0.03502 0.04482 0.1016 0.041460000000000004 0.04732 0.05072 0.03662
0.10676000000000001 0.09642 0.09666 0.10772 0.04826 0.06074 0.0513 0.06709999999999999 0.0535 0.03726 0.045219999999999996 0.09966 0.0419 0.047299999999999995 0.0517 0.0384
0.10092 0.09848 0.106 0.10604000000000001 0.0508 0.05758 0.05154 0.07 0.056159999999999995 0.04446 0.05004 0.1009 0.04438 0.04604 0.0535 0.04474
0.09876 0.09666 0.09938 0.10556 0.0487 0.05894 0.04912 0.06826 0.05752 0.04118 0.04466 0.10068 0.04444 0.0428 0.054200000000000005 0.04234
0.0965 0.08826 0.07866 0.09978000000000001 0.04254 0.06066 0.04254 0.06296 0.06 0.0318 0.028300000000000002 0.09998 0.04058 0.03404 0.055619999999999996 0.035859999999999996
0.09528 0.08754 0.07934000000000001 0.09968 0.04358 0.05912 0.043840000000000004 0.06498000000000001 0.05882 0.03174 0.02854 0.09645999999999999 0.04208 0.0341 0.055979999999999995 0.0352
0.09486 0.0874 0.07472 0.09992 0.04368 0.05564 0.04498 0.06658 0.05418 0.03194 0.0273 0.09745999999999999 0.040740000000000005 0.032659999999999995 0.053880000000000004 0.03404
0.09478 0.08872 0.07478 0.1019 0.04296 0.05726 0.04378 0.06668 0.05674 0.03646 0.02966 0.09654 0.04054 0.03334 0.054079999999999996 0.03712
0.0938 0.08714 0.07632 0.09756000000000001 0.04274 0.055560000000000005 0.04232 0.06814 0.0581 0.04992 0.03596 0.09240000000000001 0.04132 0.0347 0.055060000000000005 0.04256
0.0953 0.087 0.07604000000000001 0.09586 0.04348 0.055240000000000004 0.0427 0.0644 0.056979999999999996 0.04486 0.0341 0.09024 0.0407 0.03326 0.05212 0.04
0.09337999999999999 0.08538 0.07637999999999999 0.09078 0.0425 0.05024 0.04264 0.053439999999999994 0.05006 0.03148 0.028640000000000002 0.08656 0.03896 0.03004 0.047240000000000004 0.0337
0.09242 0.08638 0.07418000000000001 0.09272 0.0418 0.05166 0.04174 0.05366 0.05182 0.02984 0.028739999999999998 0.08516 0.0389 0.03084 0.04992 0.033659999999999995
0.09108 0.08526 0.07364 0.09148 0.04234 0.05028 0.0428 0.05396 0.05314 0.02698 0.02798 0.0866 0.03756 0.02998 0.0515 0.03434
0.09114 0.08494 0.07368000000000001 0.09092 0.04228 0.0496 0.041159999999999995 0.05465999999999999 0.052520000000000004 0.02554 0.0272 0.08412 0.03718 0.02956 0.04986 0.03434
0.09154000000000001 0.08416 0.07096 0.08466 0.04064 0.046020000000000005 0.03996 0.05256 0.050140000000000004 0.02618 0.02644 0.08020000000000001 0.03434 0.0282 0.04496 0.033600000000000005
0.09079999999999999 0.08322 0.07342 0.08632 0.040119999999999996 0.04524 0.039560000000000005 0.052020000000000004 0.04908 0.027559999999999998 0.0277 0.07868 0.034159999999999996 0.027260000000000003 0.0435 0.032420000000000004
0.09334 0.08682 0.07844 0.09242 0.04126 0.04596 0.041299999999999996 0.05316 0.04784 0.03368 0.0352 0.07748000000000001 0.03486 0.027460000000000002 0.0414 0.0353
0.09278 0.08846 0.07872 0.09087999999999999 0.04108 0.046799999999999994 0.04122 0.053340000000000005 0.04872 0.03536 0.03544 0.0783 0.03508 0.02956 0.04192 0.03552
0.09372 0.08626 0.08009999999999999 0.09323999999999999 0.04132 0.048979999999999996 0.04142 0.05468 0.04874 0.040240000000000005 0.03772 0.08334 0.03648 0.03544 0.04202 0.0378
0.09254000000000001 0.0889 0.07878 0.09282 0.04058 0.048479999999999995 0.04064 0.05422 0.049 0.03606 0.03512 0.08176 0.03664 0.0348 0.04176 0.03548
0.09323999999999999 0.08948 0.07408 0.09173999999999999 0.04108 0.043859999999999996 0.03996 0.053219999999999996 0.045079999999999995 0.02634 0.026420000000000003 0.07828 0.0361 0.03048 0.039259999999999996 0.02916
0.09184 0.0863 0.07493999999999999 0.09144 0.0402 0.04416 0.0385 0.0522 0.04342 0.02468 0.02698 0.07776000000000001 0.03506 0.03066 0.0395 0.03066
0.09278 0.08992 0.0804 0.09364 0.04226 0.04432 0.04108 0.05246 0.04226 0.027379999999999998 0.02926 0.07964 0.03662 0.03344 0.039880000000000006 0.03228
0.09272 0.09 0.08154 0.09326000000000001 0.041479999999999996 0.04414 0.04102 0.051840000000000004 0.04268 0.02784 0.03004 0.08131999999999999 0.03648 0.03338 0.04252 0.03406
0.09662000000000001 0.09416 0.08536 0.09416 0.04324 0.04476 0.04308 0.04996 0.04322 0.02768 0.03178 0.0836 0.037219999999999996 0.0338 0.046619999999999995 0.03828
0.09286 0.08954000000000001 0.08256000000000001 0.09234 0.04126 0.044219999999999995 0.04102 0.04736 0.04238 0.02526 0.03024 0.08178 0.03664 0.03364 0.045 0.03552
0.0916 0.087 0.07894 0.09208 0.042 0.04414 0.041659999999999996 0.04632 0.04274 0.0215 0.02826 0.08218 0.036340000000000004 0.03404 0.04498 0.030600000000000002
0.09362000000000001 0.09192 0.08266 0.09456 0.04286 0.04418 0.0421 0.04532 0.043 0.02144 0.032600000000000004 0.08395999999999999 0.0371 0.03904 0.04554 0.03066
0.0955 0.09431999999999999 0.09322 0.09466 0.0446 0.043840000000000004 0.0437 0.04458 0.04276 0.02124 0.04336 0.08476 0.04018 0.0496 0.045579999999999996 0.03198
0.09358 0.093 0.08934 0.09309999999999999 0.0434 0.04424 0.0419 0.045700000000000005 0.04288 0.01986 0.038880000000000005 0.08312 0.039259999999999996 0.045 0.04646 0.0316
0.09002 0.08934 0.07612000000000001 0.09 0.04102 0.040420000000000005 0.039939999999999996 0.04754 0.039700000000000006 0.02156 0.02822 0.08484 0.03674 0.031239999999999997 0.047439999999999996 0.0342
0.09026 0.08846 0.07615999999999999 0.08628 0.04028 0.0422 0.039119999999999995 0.04734 0.04186 0.02246 0.027559999999999998 0.08404 0.0365 0.0315 0.04686 0.03294
0.08962 0.08352 0.07374 0.07878 0.038060000000000004 0.04226 0.03726 0.04622 0.0416 0.02128 0.026359999999999998 0.08144 0.03456 0.030260000000000002 0.037939999999999995 0.03032
0.09002 0.08798 0.07429999999999999 0.0788 0.038520000000000006 0.04186 0.037579999999999995 0.04708 0.041159999999999995 0.02244 0.027719999999999998 0.08345999999999999 0.03486 0.03056 0.038619999999999995 0.03082
0.08826 0.08986 0.07987999999999999 0.07840000000000001 0.03946 0.04258 0.03914 0.04828 0.0418 0.02334 0.02982 0.08486 0.0361 0.03172 0.04086 0.032600000000000004
0.0867 0.09090000000000001 0.07890000000000001 0.077 0.038759999999999996 0.041659999999999996 0.03836 0.04804 0.04028 0.022879999999999998 0.030019999999999998 0.0825 0.03582 0.031219999999999998 0.040420000000000005 0.0329
0.08552 0.09051999999999999 0.08192 0.07664 0.03756 0.04068 0.03712 0.04586 0.03922 0.022760000000000002 0.02878 0.07851999999999999 0.03824 0.03158 0.041479999999999996 0.03382
0.08502 0.0923 0.07881999999999999 0.07565999999999999 0.0378 0.040100000000000004 0.03712 0.04664 0.03864 0.022760000000000002 0.02768 0.08064 0.036899999999999995 0.02938 0.04378 0.03418
0.07978 0.09022 0.07823999999999999 0.07426 0.036899999999999995 0.038 0.03648 0.04772 0.03766 0.02282 0.02544 0.0819 0.03678 0.02834 0.04854 0.0361
0.08144 0.09358 0.0775 0.07708 0.038939999999999995 0.03748 0.03772 0.048159999999999994 0.03682 0.02222 0.02632 0.07940000000000001 0.036899999999999995 0.0275 0.0495 0.03608
0.07722 0.09018000000000001 0.07598 0.07908 0.03764 0.03718 0.037219999999999996 0.04478 0.036539999999999996 0.020399999999999998 0.02544 0.07618000000000001 0.03686 0.02658 0.05062 0.03626
0.0778 0.09014 0.0751 0.07762000000000001 0.03786 0.037 0.037219999999999996 0.04408 0.03624 0.020640000000000002 0.02492 0.07734 0.03582 0.02632 0.04894 0.0362
0.07916 0.09122 0.07644 0.07690000000000001 0.037899999999999996 0.038299999999999994 0.0373 0.0437 0.0368 0.019780000000000002 0.0254 0.07501999999999999 0.03698 0.02598 0.0456 0.03352
0.08131999999999999 0.09194 0.0777 0.07636 0.03816 0.03786 0.03764 0.041979999999999996 0.03696 0.018940000000000002 0.02666 0.0742 0.03744 0.02678 0.04362 0.032600000000000004
0.08004 0.09318000000000001 0.07868 0.07343999999999999 0.03798 0.03628 0.037200000000000004 0.03932 0.037079999999999995 0.01884 0.02822 0.0722 0.037700000000000004 0.027960000000000002 0.04076 0.02924
0.08324 0.09542 0.08234 0.07424 0.03864 0.03676 0.03818 0.03964 0.036899999999999995 0.01858 0.03004 0.07184 0.03904 0.03074 0.03946 0.02818
0.08542 0.09631999999999999 0.0867 0.07364 0.039420000000000004 0.03712 0.039700000000000006 0.0381 0.03626 0.01808 0.03412 0.06712 0.04044 0.03596 0.03452 0.02368
0.08632 0.09776 0.09034 0.0734 0.039740000000000004 0.038579999999999996 0.039439999999999996 0.039479999999999994 0.037840000000000006 0.01874 0.03726 0.07307999999999999 0.04168 0.04054 0.035679999999999996 0.023940000000000003
0.09408 0.10357999999999999 0.10554000000000001 0.07488 0.04134 0.04172 0.04018 0.0416 0.04286 0.01908 0.04572 0.08604 0.04704 0.053579999999999996 0.03726 0.02668
0.09259999999999999 0.10476 0.1083 0.07376 0.04246 0.040619999999999996 0.04096 0.04186 0.04136 0.019899999999999998 0.04618 0.0836 0.046700000000000005 0.051840000000000004 0.03626 0.027059999999999997
0.09048 0.10004 0.10937999999999999 0.07338 0.04208 0.03928 0.04076 0.04248 0.039060000000000004 0.019940000000000003 0.04572 0.07224 0.04326 0.04776 0.03412 0.02816
0.08943999999999999 0.0995 0.10412 0.07342 0.041460000000000004 0.03842 0.04046 0.04152 0.03816 0.020300000000000002 0.04324 0.07418000000000001 0.04238 0.0443 0.033659999999999995 0.027559999999999998
0.08412 0.09542 0.09304000000000001 0.07328 0.039700000000000006 0.0378 0.03866 0.04126 0.0368 0.01882 0.0359 0.07592 0.04072 0.038079999999999996 0.03372 0.02632
0.0824 0.09301999999999999 0.09090000000000001 0.0709 0.039619999999999995 0.038880000000000005 0.03868 0.0405 0.039420000000000004 0.020079999999999997 0.0351 0.07615999999999999 0.040799999999999996 0.03764 0.03474 0.02618
0.08274 0.09622 0.09209999999999999 0.06856 0.04232 0.04236 0.04064 0.04152 0.04556 0.02134 0.03554 0.08059999999999999 0.04392 0.039659999999999994 0.03716 0.02794
0.0815 0.09706000000000001 0.09226000000000001 0.07016 0.04176 0.04482 0.04028 0.044020000000000004 0.047479999999999994 0.02354 0.03552 0.082 0.04474 0.040119999999999996 0.03748 0.02914
0.08162 0.09756000000000001 0.09094 0.06966 0.04114 0.04852 0.03982 0.04996 0.05064 0.02924 0.035840000000000004 0.0869 0.0458 0.03934 0.0395 0.03
0.08236 0.10152 0.0988 0.07058 0.0429 0.04616 0.04096 0.04884 0.047880000000000006 0.02782 0.040100000000000004 0.08818000000000001 0.04758 0.045380000000000004 0.04004 0.03196
0.08564 0.10862000000000001 0.11234000000000001 0.07271999999999999 0.04578 0.04274 0.04414 0.04682 0.0423 0.0247 0.05194 0.08857999999999999 0.052039999999999996 0.05714 0.044340000000000004 0.032600000000000004
0.08278 0.10754000000000001 0.1123 0.07144 0.046579999999999996 0.04064 0.044840000000000005 0.04808 0.04094 0.02504 0.05198 0.0861 0.05114 0.0554 0.04248 0.033479999999999996
0.07574 0.09944 0.10690000000000001 0.07390000000000001 0.04456 0.03656 0.04242 0.048420000000000005 0.037079999999999995 0.024239999999999998 0.050159999999999996 0.08198 0.0453 0.05006 0.039119999999999995 0.03208
0.07493999999999999 0.10128 0.10862000000000001 0.07434 0.04362 0.03612 0.04096 0.04665999999999999 0.03718 0.02318 0.0503 0.08078 0.046299999999999994 0.05154 0.03756 0.032100000000000004
0.07562 0.10004 0.11212000000000001 0.07378 0.046060000000000004 0.03384 0.04186 0.04444 0.03628 0.02172 0.05232 0.07708 0.04665999999999999 0.05422 0.03622 0.031239999999999997
0.07682 0.10146 0.11458 0.07490000000000001 0.0471 0.03538 0.04294 0.043859999999999996 0.038619999999999995 0.023440000000000003 0.05382 0.08004 0.04768 0.05414 0.03732 0.03164
0.0839 0.10214 0.117 0.07818000000000001 0.05058 0.037340000000000005 0.04488 0.04512 0.04018 0.024059999999999998 0.05396 0.0833 0.046479999999999994 0.054240000000000003 0.03792 0.0325
0.08378000000000001 0.1032 0.11988 0.07642 0.04836 0.038520000000000006 0.04178 0.04362 0.04076 0.023739999999999997 0.05356 0.08496 0.047200000000000006 0.05262 0.03756 0.034140000000000004
0.08928 0.1035 0.12340000000000001 0.07152 0.04894 0.04022 0.04306 0.04322 0.04202 0.02478 0.052039999999999996 0.08834 0.048100000000000004 0.051 0.039560000000000005 0.03644
0.09043999999999999 0.1047 0.12342 0.07462 0.04906 0.04144 0.04264 0.045579999999999996 0.04324 0.02484 0.05124 0.0883 0.048420000000000005 0.0531 0.041100000000000005 0.036359999999999996
0.09476000000000001 0.10646 0.12237999999999999 0.07758 0.047920000000000004 0.041159999999999995 0.04378 0.047939999999999997 0.04406 0.02606 0.05072 0.08766 0.05054 0.054079999999999996 0.040479999999999995 0.03616
0.09423999999999999 0.10192 0.11359999999999999 0.07864 0.045579999999999996 0.04284 0.04138 0.0501 0.04398 0.02546 0.04546 0.08854000000000001 0.04844 0.049100000000000005 0.04002 0.03492
0.09609999999999999 0.09570000000000001 0.09609999999999999 0.07736 0.03986 0.0433 0.03782 0.05436 0.04264 0.02664 0.032380000000000006 0.09412000000000001 0.04352 0.0389 0.039479999999999994 0.031219999999999998
0.10186 0.1067 0.11076000000000001 0.08404 0.04288 0.046299999999999994 0.0419 0.05442 0.04496 0.027620000000000002 0.040979999999999996 0.09794 0.0465 0.04746 0.03986 0.03358
0.1057 0.11236 0.12932 0.08984 0.047799999999999995 0.04668 0.04778 0.05472 0.044840000000000005 0.02928 0.05454 0.09812 0.04962 0.062240000000000004 0.038880000000000005 0.03572
0.10958 0.11308 0.13219999999999998 0.09072 0.048 0.04818 0.04814 0.05558 0.045579999999999996 0.0296 0.05528 0.09770000000000001 0.048799999999999996 0.06278 0.0381 0.03594
0.11626 0.1184 0.13968 0.0947 0.047920000000000004 0.05126 0.04728 0.05646 0.0485 0.03012 0.0585 0.0968 0.051859999999999996 0.06512000000000001 0.040600000000000004 0.038799999999999994
0.12182 0.11846 0.13966 0.09964 0.0549 0.05596 0.05168 0.061840000000000006 0.05464 0.03226 0.05734 0.10264 0.0535 0.06708 0.045759999999999995 0.04084
0.13062 0.11862 0.14248 0.10787999999999999 0.06362 0.06092 0.05374 0.06898 0.06344 0.03638 0.05978 0.12098 0.0562 0.0708 0.054920000000000004 0.047979999999999995
0.13188 0.12115999999999999 0.14658000000000002 0.11054 0.06806 0.06622 0.05878 0.07114 0.06654 0.03982 0.06512000000000001 0.12562 0.0573 0.07572 0.0589 0.05062
0.13513999999999998 0.12514 0.15394 0.11504 0.07342 0.07346 0.06822 0.07634 0.07106 0.046340000000000006 0.07476000000000001 0.13896 0.05862 0.0819 0.06498000000000001 0.0594
0.13324 0.12868000000000002 0.15346 0.11486 0.0712 0.0709 0.06668 0.07448 0.06781999999999999 0.0427 0.07171999999999999 0.13812 0.05888 0.08228 0.06476000000000001 0.056799999999999996
0.13462000000000002 0.12928 0.15109999999999998 0.11616 0.07216 0.06624 0.06772 0.07024 0.06284000000000001 0.036840000000000005 0.06712 0.13513999999999998 0.05926 0.08014 0.06538 0.055659999999999994
0.13076 0.12518 0.14678 0.11468 0.07074 0.06558 0.0663 0.07186 0.06296 0.03772 0.0625 0.13144 0.05638 0.07182 0.062340000000000007 0.05428
0.12919999999999998 0.1188 0.13856 0.11518 0.0689 0.06409999999999999 0.06409999999999999 0.071 0.061020000000000005 0.04054 0.05586 0.12778 0.05216 0.05604 0.05656 0.05244
0.12852000000000002 0.11626 0.1404 0.11538 0.06794 0.0631 0.06318 0.07257999999999999 0.061579999999999996 0.04068 0.05676 0.13024000000000002 0.052399999999999995 0.05864 0.05686 0.05216
0.12538 0.11546 0.13978 0.11844 0.06670000000000001 0.06638 0.06278 0.07778 0.06492 0.04068 0.060340000000000005 0.13762 0.05022 0.06422 0.05802 0.053380000000000004
0.12919999999999998 0.11606 0.14248 0.12022 0.06494 0.06658 0.06197999999999999 0.07854000000000001 0.06409999999999999 0.04076 0.05822 0.14038 0.05144 0.06462000000000001 0.05972 0.053759999999999995
0.13222 0.12236 0.14665999999999998 0.12644 0.06086 0.07274 0.06086 0.07914 0.06778 0.04192 0.05614 0.14715999999999999 0.054299999999999994 0.06372 0.06338 0.05554
0.13574 0.1272 0.15268 0.13052 0.0639 0.07236 0.06394 0.08078 0.06754 0.04186 0.059359999999999996 0.14880000000000002 0.059 0.0719 0.06652 0.056
0.14158 0.1404 0.16324 0.13918 0.07006 0.07506 0.07171999999999999 0.08268 0.06934 0.04132 0.07056 0.15 0.06878000000000001 0.08706 0.07324 0.05882
0.14718 0.14032 0.16854 0.14066 0.07568000000000001 0.0783 0.07366 0.08398 0.07334 0.0424 0.07171999999999999 0.15258000000000002 0.06964000000000001 0.0856 0.07622 0.06322
0.15753999999999999 0.1422 0.17698 0.14392 0.08388 0.08394 0.07514 0.08345999999999999 0.081 0.045759999999999995 0.075 0.15625999999999998 0.07216 0.08378000000000001 0.08170000000000001 0.07158
0.16563999999999998 0.14312 0.17694 0.14578 0.08728 0.0851 0.07334 0.08716 0.0879 0.046340000000000006 0.07104 0.16174000000000002 0.07436 0.08254 0.08802 0.07474
0.18092 0.14514 0.17606 0.15252000000000002 0.09309999999999999 0.09046 0.07088 0.09036 0.10502 0.04968 0.06578 0.17206 0.08031999999999999 0.07876000000000001 0.09738 0.0809
0.18452000000000002 0.14876 0.17854 0.1517 0.0948 0.09786 0.0722 0.09246 0.11445999999999999 0.05374 0.06681999999999999 0.17366 0.08076 0.08202 0.09356 0.07890000000000001
0.19324000000000002 0.1504 0.1829 0.14922 0.09620000000000001 0.10809999999999999 0.0708 0.09458 0.12382 0.0599 0.06898 0.173 0.08068 0.08431999999999999 0.08468 0.07472
0.18768 0.152 0.18813999999999997 0.15144 0.09314 0.10615999999999999 0.07257999999999999 0.098 0.11998 0.06028 0.07586 0.17242 0.07944 0.09158 0.08438 0.0742
0.18466 0.15534 0.19946 0.15441999999999997 0.08936 0.10694 0.07615999999999999 0.1028 0.11506 0.062259999999999996 0.09092 0.1751 0.08248 0.103 0.0834 0.07332
0.19124000000000002 0.15786 0.20134 0.16118000000000002 0.09334 0.1165 0.0809 0.10443999999999999 0.12134 0.06624 0.09442 0.18092 0.08392000000000001 0.106 0.09176000000000001 0.07966
0.2014 0.16182 0.20968 0.17634 0.09888 0.13496 0.08882 0.11218 0.13368 0.07478 0.10024 0.19122 0.08943999999999999 0.11284000000000001 0.11256000000000001 0.08878
0.20482 0.16308 0.21076 0.17718 0.10058 0.1354 0.09056 0.10976000000000001 0.13363999999999998 0.07236 0.09976 0.19434 0.09038 0.11554 0.10959999999999999 0.08732
0.21104 0.16618 0.21612 0.1753 0.1017 0.13446 0.09187999999999999 0.10944 0.13258 0.06694 0.09895999999999999 0.20078000000000001 0.09528 0.12082 0.10514 0.0845
0.21348 0.16591999999999998 0.21775999999999998 0.18016 0.10532 0.13358 0.09537999999999999 0.10834 0.13184 0.0684 0.10222 0.20306 0.0947 0.12458 0.10398 0.08414
0.21719999999999998 0.1665 0.22441999999999998 0.18822 0.11042 0.1298 0.09978000000000001 0.11176 0.12768000000000002 0.06978 0.11306000000000001 0.20622 0.0988 0.13158 0.10178 0.08518
0.21934 0.16748 0.22786 0.18891999999999998 0.10959999999999999 0.13404 0.10048 0.11336 0.13019999999999998 0.07014 0.11220000000000001 0.20568 0.09988 0.13548 0.10443999999999999 0.0848
0.22147999999999998 0.17246 0.23586000000000001 0.19486 0.11062000000000001 0.1397 0.10462 0.1161 0.13218000000000002 0.07038 0.11359999999999999 0.2072 0.09966 0.14178 0.10242 0.0858
0.22491999999999998 0.17664 0.23828 0.1986 0.11194 0.14692 0.10618000000000001 0.12034 0.13608 0.07415999999999999 0.1169 0.21706 0.10208 0.14278 0.1098 0.0895
0.23124 0.18 0.24362 0.20378 0.11318 0.15780000000000002 0.10823999999999999 0.1268 0.14054 0.07784 0.12228 0.23024 0.10546 0.14542 0.1192 0.0937
0.23084 0.17992 0.24575999999999998 0.20332 0.12052 0.14968 0.10772 0.12654 0.13768 0.07434 0.1212 0.22948 0.10901999999999999 0.1451 0.12098 0.09373999999999999
0.2334 0.1861 0.24728 0.20124 0.13213999999999998 0.13552 0.10572 0.12437999999999999 0.13546 0.0681 0.12182 0.223 0.1157 0.14408 0.12298 0.09108
0.231 0.18634 0.25224 0.20528 0.13340000000000002 0.13552 0.10854000000000001 0.12966 0.13191999999999998 0.0705 0.12624 0.22413999999999998 0.1164 0.14096 0.12415999999999999 0.09326000000000001
0.23188 0.18925999999999998 0.25730000000000003 0.21374 0.13746 0.13698 0.11488 0.13584000000000002 0.12808 0.07572 0.13502 0.22586 0.11678 0.13796 0.1255 0.10026
0.22952 0.18569999999999998 0.25552 0.21928 0.13186 0.138 0.11256000000000001 0.13608 0.12614 0.07488 0.13102 0.22447999999999999 0.11696 0.13792 0.1235 0.09984
0.22924 0.18347999999999998 0.24856 0.22078 0.12486 0.13802 0.11223999999999999 0.13496 0.12298 0.07792 0.12418000000000001 0.22426 0.11086 0.13848 0.1181 0.0978
0.23594 0.18594 0.25522 0.22532 0.12924000000000002 0.1422 0.11814 0.13256 0.1256 0.08064 0.12708 0.23258 0.11186 0.14298 0.12128 0.10092
0.24791999999999997 0.1886 0.26162 0.23368 0.13826 0.15475999999999998 0.12762 0.1321 0.13219999999999998 0.07878 0.1318 0.23584 0.11392000000000001 0.14976 0.12458 0.10308
0.25082 0.19276 0.2686 0.23828 0.14218 0.16140000000000002 0.13419999999999999 0.13528 0.1379 0.08256000000000001 0.14026 0.23936000000000002 0.1174 0.1585 0.12891999999999998 0.1062
0.259 0.19669999999999999 0.27838 0.2437 0.14806 0.17146 0.14452 0.14082 0.14626 0.08706 0.15330000000000002 0.24092 0.12164 0.16984 0.13476 0.109
0.26654 0.2021 0.28148 0.24636000000000002 0.1546 0.17858000000000002 0.14830000000000002 0.1454 0.15246 0.09014 0.1608 0.25058 0.1206 0.17364 0.13708 0.11087999999999999
0.27954 0.2083 0.28892 0.25102 0.1591 0.18647999999999998 0.15052000000000001 0.15392 0.16412000000000002 0.09784000000000001 0.16872 0.27022 0.12584 0.17626 0.14206 0.11162000000000001
0.2755 0.21158000000000002 0.29146 0.25508000000000003 0.15856 0.19269999999999998 0.15036000000000002 0.15412 0.1684 0.10046 0.16936 0.27074000000000004 0.12468000000000001 0.17972 0.1424 0.11394
0.28556 0.20987999999999998 0.29292 0.25872 0.16312000000000001 0.195 0.15314 0.158 0.17206 0.10656 0.17228 0.27768 0.12526 0.185 0.14482 0.11856
0.28088 0.20926 0.29272000000000004 0.25944 0.16 0.19644 0.14886000000000002 0.15702000000000002 0.17562 0.10398 0.16818 0.27532 0.12365999999999999 0.1755 0.14306 0.1196
0.28112 0.20792 0.29184 0.25668 0.15372 0.19156 0.1431 0.15503999999999998 0.17436000000000001 0.10226 0.15736 0.2694 0.1193 0.16384 0.13672 0.11924
0.28002 0.2099 0.29138 0.25576 0.15242 0.18802000000000002 0.13964 0.15602000000000002 0.17286 0.10416 0.15994 0.2677 0.12128 0.16591999999999998 0.14072 0.12056
0.27682 0.20466 0.28924 0.25332 0.14966 0.18558000000000002 0.13412000000000002 0.1574 0.17318 0.1066 0.16012 0.26333999999999996 0.12118000000000001 0.17074 0.14328 0.12198
0.27884 0.20738 0.29372000000000004 0.25474 0.15369999999999998 0.18612 0.13616 0.15794 0.1759 0.1067 0.16491999999999998 0.26289999999999997 0.12526 0.17704 0.14776 0.12234
0.28466 0.21174 0.30282 0.2549 0.1628 0.18453999999999998 0.14478 0.15991999999999998 0.18256 0.10354000000000001 0.1714 0.26398 0.13326 0.18466 0.15236000000000002 0.12254000000000001
0.2822 0.20936000000000002 0.29634 0.24994 0.1566 0.18638 0.1392 0.15940000000000001 0.18024 0.10736 0.16834 0.26572 0.12832 0.18666 0.15758000000000003 0.12638
0.28132 0.20876 0.28886 0.24248 0.14162 0.18503999999999998 0.1268 0.15930000000000002 0.17394 0.11018 0.16698 0.26944 0.1259 0.18818000000000001 0.16296000000000002 0.1357
0.28388 0.21234 0.29832 0.24738 0.14830000000000002 0.18868000000000001 0.1323 0.1653 0.17786000000000002 0.11094 0.1732 0.26944 0.13108 0.19113999999999998 0.16413999999999998 0.13728
0.29236 0.21642 0.30995999999999996 0.25162 0.1569 0.18962 0.14288 0.16754 0.18206 0.11223999999999999 0.18364 0.27133999999999997 0.13928000000000001 0.19476 0.16491999999999998 0.14022
0.29394 0.21784 0.31454000000000004 0.25248 0.15962 0.19097999999999998 0.14328 0.16954 0.18464 0.11334000000000001 0.18724000000000002 0.27514 0.13912 0.19356 0.16866 0.14292
0.2958 0.2176 0.32027999999999995 0.25382 0.16772 0.20026 0.14704 0.17022 0.19274000000000002 0.11834 0.19246000000000002 0.2816 0.1386 0.19136 0.17554 0.1495
0.29594 0.21612 0.32316 0.26158 0.16518 0.20072 0.15156 0.16984 0.18430000000000002 0.11628 0.19688 0.28806 0.13722 0.19590000000000002 0.17686000000000002 0.14848
0.29496 0.22290000000000001 0.32444 0.27052 0.16732 0.20544 0.16234 0.1693 0.17742 0.1128 0.20478 0.29554 0.13306 0.2 0.18086000000000002 0.1462
0.29544 0.22178 0.32372 0.2694 0.17074 0.20358 0.16 0.16691999999999999 0.18084 0.11314 0.19512000000000002 0.29438 0.13582 0.19144 0.18016 0.14546
0.3004 0.22263999999999998 0.32054000000000005 0.26826 0.1835 0.20642 0.15672 0.16516 0.18722 0.11370000000000001 0.18456 0.29708 0.13726 0.17806 0.18196 0.14687999999999998
0.29810000000000003 0.22434 0.32618 0.26936 0.17948 0.20188 0.15941999999999998 0.16344 0.18280000000000002 0.11268 0.18884 0.29674 0.1402 0.18588 0.1792 0.14366
0.29428 0.2302 0.32886000000000004 0.2722 0.18036000000000002 0.19978 0.16602 0.16641999999999998 0.17194 0.11066 0.19290000000000002 0.29732 0.1422 0.196 0.17904 0.14108
0.2908 0.23084 0.32339999999999997 0.26830000000000004 0.17222 0.19896 0.16368000000000002 0.16528 0.16942 0.10886 0.18846000000000002 0.29608 0.14236000000000001 0.19498 0.18122 0.1418
0.28522000000000003 0.22876 0.317 0.26262 0.15897999999999998 0.19744 0.15982 0.16578 0.16534000000000001 0.10926000000000001 0.1804 0.29978 0.1457 0.19147999999999998 0.18386000000000002 0.14334
0.29264 0.23142 0.31989999999999996 0.26916 0.16763999999999998 0.19966 0.1677 0.16636 0.16963999999999999 0.11209999999999999 0.18594 0.30136 0.14596 0.19032 0.18359999999999999 0.1504
0.29656 0.23032 0.33148 0.28246 0.1809 0.19996 0.17648 0.17074 0.17732 0.1153 0.18846000000000002 0.296 0.14522 0.18718 0.18580000000000002 0.15441999999999997
0.29152 0.2299 0.32326 0.2779 0.17712 0.1941 0.17468 0.16904 0.17292 0.11562 0.1861 0.29492 0.14422 0.18568 0.17931999999999998 0.14968
0.28516 0.22368000000000002 0.31422000000000005 0.27382 0.17136 0.18866 0.16938 0.169 0.16548 0.11238 0.1792 0.28922000000000003 0.14118 0.18530000000000002 0.1716 0.14426
0.28748 0.22541999999999998 0.31682 0.27427999999999997 0.17208 0.19316 0.17188 0.16958 0.16816 0.11452 0.18722 0.2906 0.14422 0.19356 0.17872 0.14692
0.2924 0.22578 0.32280000000000003 0.2751 0.17915999999999999 0.20034 0.18152000000000001 0.1704 0.17296 0.12076 0.20056000000000002 0.29346 0.14814 0.20272 0.18622 0.14794
0.29654 0.22678 0.3227 0.28178 0.17636000000000002 0.20672 0.17962 0.17328 0.176 0.11874 0.19596 0.29510000000000003 0.14746 0.19836 0.18908000000000003 0.15258000000000002
0.30084 0.22463999999999998 0.3235 0.2834 0.17336000000000001 0.20884 0.18218 0.17312 0.1785 0.1206 0.19086 0.30107999999999996 0.1479 0.19596 0.192 0.15778
0.29456 0.22466 0.32630000000000003 0.28816 0.16694 0.20874 0.17737999999999998 0.1719 0.17615999999999998 0.12012 0.19452 0.299 0.14386000000000002 0.19888 0.1951 0.15952000000000002
0.28684 0.22136 0.32548 0.28546 0.15580000000000002 0.20026 0.16976 0.16896 0.1672 0.12040000000000001 0.19766 0.30074 0.13548 0.19752 0.19222 0.16296000000000002
0.28522000000000003 0.22247999999999998 0.32356 0.27892 0.15430000000000002 0.19702 0.16518 0.1715 0.16762 0.12006 0.19728 0.30198 0.13284 0.19984 0.18888 0.16076
0.2842 0.22113999999999998 0.32033999999999996 0.26842 0.1541 0.19038 0.15622 0.17334 0.16406 0.12034 0.19406 0.29624 0.12982 0.19856000000000001 0.17892 0.15569999999999998
0.29094 0.22158 0.32308 0.27132 0.15924000000000002 0.2006 0.15894 0.1719 0.1739 0.12218000000000001 0.2032 0.29972000000000004 0.13084 0.2021 0.18198 0.15674000000000002
0.29654 0.22034 0.32798 0.27402 0.16219999999999998 0.21344 0.1596 0.17264 0.18863999999999997 0.12514 0.21124 0.30418 0.1348 0.20768 0.18769999999999998 0.1564
0.2958 0.22104 0.3348 0.2787 0.17114 0.21092 0.16302 0.17516 0.18684 0.12332 0.21538 0.30384 0.13384000000000001 0.20854 0.18924000000000002 0.15946000000000002
0.29852 0.22352 0.34296 0.28396 0.18259999999999998 0.20546 0.1678 0.17454 0.18302000000000002 0.12272 0.22516 0.30613999999999997 0.13356 0.20796 0.18897999999999998 0.15894
0.3008 0.22488 0.34302 0.28606 0.18452000000000002 0.20908000000000002 0.16928 0.1761 0.18614 0.1256 0.22428 0.31092000000000003 0.13058 0.20324 0.19066 0.16025999999999999
0.30094 0.22358 0.3462 0.28926 0.18453999999999998 0.2127 0.17046 0.17946 0.18806 0.12752 0.22297999999999998 0.31183999999999995 0.12229999999999999 0.19966 0.1946 0.16663999999999998
0.182 0.13604 0.20937999999999998 0.1749 0.11223999999999999 0.12822 0.10396 0.10956 0.11245999999999999 0.07762000000000001 0.13626 0.19030000000000002 0.07578 0.119 0.11676 0.10262
0.0 0.0 0.0 0.0 0.0 0.0 0.0 0.0 0.0 0.0 0.0 0.0 0.0 0.0 0.0 0.0
0.0 0.0 0.0 0.0 0.0 0.0 0.0 0.0 0.0 0.0 0.0 0.0 0.0 0.0 0.0 0.0
0.0 0.0 0.0 0.0 0.0 0.0 0.0 0.0 0.0 0.0 0.0 0.0 0.0 0.0 0.0 0.0
0.0 0.0 0.0 0.0 0.0 0.0 0.0 0.0 0.0 0.0 0.0 0.0 0.0 0.0 0.0 0.0
0.0 0.0 0.0 0.0 0.0 0.0 0.0 0.0 0.0 0.0 0.0 0.0 0.0 0.0 0.0 0.0
0.0 0.0 0.0 0.0 0.0 0.0 0.0 0.0 0.0 0.0 0.0 0.0 0.0 0.0 0.0 0.0
0.0 0.0 0.0 0.0 0.0 0.0 0.0 0.0 0.0 0.0 0.0 0.0 0.0 0.0 0.0 0.0
0.0 0.0 0.0 0.0 0.0 0.0 0.0 0.0 0.0 0.0 0.0 0.0 0.0 0.0 0.0 0.0
0.0 0.0 0.0 0.0 0.0 0.0 0.0 0.0 0.0 0.0 0.0 0.0 0.0 0.0 0.0 0.0
0.0 0.0 0.0 0.0 0.0 0.0 0.0 0.0 0.0 0.0 0.0 0.0 0.0 0.0 0.0 0.0
0.0 0.0 0.0 0.0 0.0 0.0 0.0 0.0 0.0 0.0 0.0 0.0 0.0 0.0 0.0 0.0
0.0 0.0 0.0 0.0 0.0 0.0 0.0 0.0 0.0 0.0 0.0 0.0 0.0 0.0 0.0 0.0
0.0 0.0 0.0 0.0 0.0 0.0 0.0 0.0 0.0 0.0 0.0 0.0 0.0 0.0 0.0 0.0
0.0 0.0 0.0 0.0 0.0 0.0 0.0 0.0 0.0 0.0 0.0 0.0 0.0 0.0 0.0 0.0
