2e-05
0.0
0.0
0.0
0.0
0.047159999999999994
0.30532
0.30954000000000004
0.30888
0.30698000000000003
0.29574
0.29175999999999996
0.29866000000000004
0.29808
0.28664
0.28434
0.28608
0.28456
0.27992
0.28393999999999997
0.28992
0.28872000000000003
0.289
0.2853
0.2849
0.28434
0.27522
0.2751
0.27596
0.2744
0.27456
0.27046
0.2682
0.26339999999999997
0.26624000000000003
0.2655
0.26089999999999997
0.2581
0.26022
0.25986000000000004
0.2533
0.25232
0.24387999999999999
0.2429
0.24052
0.2389
0.24126
0.23896
0.23334
0.23356
0.2339
0.23138
0.22994
0.23196
0.22906
0.22712000000000002
0.21956
0.22080000000000002
0.21628
0.21388
0.21114
0.21042
0.21056
0.21098
0.21196
0.2132
0.20796
0.20356
0.20096
0.2012
0.2
0.19691999999999998
0.19366
0.19402
0.19272
0.19096000000000002
0.18514
0.183
0.1774
0.17518
0.17118
0.17076
0.16696
0.17298
0.19354
0.18952000000000002
0.17622
0.17304
0.16204
0.16056
0.15575999999999998
0.1571
0.15918000000000002
0.15536000000000003
0.14668
0.14508000000000001
0.13838
0.13846
0.135
0.13384000000000001
0.12902000000000002
0.12752
0.12806
0.1264
0.12794
0.12592
0.12337999999999999
0.12215999999999999
0.11904
0.11892
0.12287999999999999
0.12176000000000001
0.11993999999999999
0.11804
0.11785999999999999
0.11816
0.11464
0.11302
0.11488
0.11452
0.10858
0.1103
0.11094
0.1085
0.10854000000000001
0.10972
0.11072
0.10904000000000001
0.11236
0.11142
0.1076
0.10972
0.11534
0.11395999999999999
0.1107
0.10772
0.10604000000000001
0.10556
0.09998
0.09968
0.09992
0.1019
0.09756000000000001
0.09586
0.09337999999999999
0.09272
0.09148
0.09114
0.09154000000000001
0.09079999999999999
0.09334
0.09278
0.09372
0.09282
0.09323999999999999
0.09184
0.09364
0.09326000000000001
0.09662000000000001
0.09286
0.09208
0.09456
0.0955
0.09358
0.09002
0.09026
0.08962
0.09002
0.08986
0.09090000000000001
0.09051999999999999
0.0923
0.09022
0.09358
0.09018000000000001
0.09014
0.09122
0.09194
0.09318000000000001
0.09542
0.09631999999999999
0.09776
0.10554000000000001
0.1083
0.10937999999999999
0.10412
0.09542
0.09301999999999999
0.09622
0.09706000000000001
0.09756000000000001
0.10152
0.11234000000000001
0.1123
0.10690000000000001
0.10862000000000001
0.11212000000000001
0.11458
0.117
0.11988
0.12340000000000001
0.12342
0.12237999999999999
0.11359999999999999
0.09609999999999999
0.11076000000000001
0.12932
0.13219999999999998
0.13968
0.13966
0.14248
0.14658000000000002
0.15394
0.15346
0.15109999999999998
0.14678
0.13856
0.1404
0.13978
0.14248
0.14715999999999999
0.15268
0.16324
0.16854
0.17698
0.17694
0.18092
0.18452000000000002
0.19324000000000002
0.18813999999999997
0.19946
0.20134
0.20968
0.21076
0.21612
0.21775999999999998
0.22441999999999998
0.22786
0.23586000000000001
0.23828
0.24362
0.24575999999999998
0.24728
0.25224
0.25730000000000003
0.25552
0.24856
0.25522
0.26162
0.2686
0.27838
0.28148
0.28892
0.29146
0.29292
0.29272000000000004
0.29184
0.29138
0.28924
0.29372000000000004
0.30282
0.29634
0.28886
0.29832
0.30995999999999996
0.31454000000000004
0.32027999999999995
0.32316
0.32444
0.32372
0.32054000000000005
0.32618
0.32886000000000004
0.32339999999999997
0.317
0.31989999999999996
0.33148
0.32326
0.31422000000000005
0.31682
0.32280000000000003
0.3227
0.3235
0.32630000000000003
0.32548
0.32356
0.32033999999999996
0.32308
0.32798
0.3348
0.34296
0.34302
0.3462
0.20937999999999998
0.0
0.0
0.0
0.0
0.0
0.0
0.0
0.0
0.0
0.0
0.0
0.0
0.0
0.0
