2e-05 2e-05 2e-05 2e-05 2e-05 2e-05 2e-05 2e-05 2e-05 2e-05 2e-05 2e-05 2e-05 2e-05 2e-05 2e-05
0.0 0.0 0.0 0.0 0.0 0.0 0.0 0.0 0.0 0.0 0.0 0.0 0.0 0.0 0.0 0.0
0.0 0.0 0.0 0.0 0.0 0.0 0.0 0.0 0.0 0.0 0.0 0.0 0.0 0.0 0.0 0.0
0.0 0.0 0.0 0.0 0.0 0.0 0.0 0.0 0.0 0.0 0.0 0.0 0.0 0.0 0.0 0.0
0.0 0.0 0.0 0.0 0.0 0.0 0.0 0.0 0.0 0.0 0.0 0.0 0.0 0.0 0.0 0.0
0.0 0.020120000000000002 0.04492 0.0061600000000000005 0.01102 0.00304 0.01578 0.0 0.00382 0.0046 0.01724 0.0 0.00788 0.03096 0.00634 0.0039
0.2045 0.30845999999999996 0.18591999999999997 0.25662 0.09054000000000001 0.1349 0.0683 0.08392000000000001 0.07673999999999999 0.09087999999999999 0.19 0.23576 0.060880000000000004 0.14624 0.07392 0.11842
0.23626 0.18886 0.20548 0.23268 0.1992 0.2215 0.1663 0.11334000000000001 0.15366 0.07615999999999999 0.17782 0.25845999999999997 0.053380000000000004 0.21784 0.14154 0.15472
0.2164 0.19136 0.22552 0.2015 0.18375999999999998 0.20928 0.16088 0.17964 0.16986 0.03822 0.19798 0.21724000000000002 0.06308 0.22713999999999998 0.16213999999999998 0.15672
0.21568 0.19140000000000001 0.2258 0.208 0.17944 0.21409999999999998 0.14981999999999998 0.16852 0.16876 0.03408 0.19663999999999998 0.21834 0.06242 0.22390000000000002 0.15738 0.15697999999999998
0.21203999999999998 0.20362 0.21178 0.20722 0.16374 0.2055 0.13552 0.15674000000000002 0.16182 0.08572 0.1955 0.21314 0.11956 0.19974 0.1462 0.13868
0.21408000000000002 0.20172 0.21384 0.21308000000000002 0.1664 0.20844 0.13234 0.14528 0.15946000000000002 0.03208 0.19504 0.21322 0.0833 0.21372 0.118 0.17352
0.21766 0.19658 0.21952000000000002 0.20584 0.17859999999999998 0.1885 0.13422 0.13598 0.15144 0.03208 0.19506 0.21772 0.07076 0.2073 0.10984000000000001 0.17008
0.21402000000000002 0.19247999999999998 0.223 0.2117 0.17548 0.19236 0.13041999999999998 0.12732 0.15238 0.034659999999999996 0.18763999999999997 0.2209 0.04046 0.21746000000000001 0.13624 0.14715999999999999
0.20252 0.18752000000000002 0.21216 0.20693999999999999 0.16722 0.18724000000000002 0.13138 0.1237 0.15062 0.03264 0.18625999999999998 0.22206 0.03772 0.20768 0.13626 0.14424
0.20378 0.19884000000000002 0.19426 0.2009 0.16838 0.1799 0.13622 0.1408 0.14754 0.08786 0.19994 0.20726 0.09364 0.19038 0.15037999999999999 0.13054
0.20452 0.20216 0.19569999999999999 0.1988 0.1711 0.17416 0.13852 0.13778 0.14826 0.0845 0.21187999999999999 0.19912 0.11552 0.19152000000000002 0.1566 0.12819999999999998
0.20332 0.19236 0.209 0.20078000000000001 0.16778 0.17606 0.13136 0.12394 0.14792 0.07392 0.20618 0.20934 0.134 0.19341999999999998 0.1225 0.15969999999999998
0.21259999999999998 0.19369999999999998 0.2083 0.19038 0.15158000000000002 0.17980000000000002 0.10354000000000001 0.12774 0.15456 0.07582 0.1837 0.21424 0.1051 0.1894 0.15524000000000002 0.1382
0.20944 0.19394 0.21308000000000002 0.19618 0.149 0.18252000000000002 0.10288 0.12106 0.15646000000000002 0.07271999999999999 0.17774 0.21803999999999998 0.11522 0.19346000000000002 0.13272 0.16134
0.21422 0.2012 0.21858000000000002 0.19391999999999998 0.15446000000000001 0.18534 0.1057 0.1179 0.15906 0.07978 0.16652 0.21228 0.11170000000000001 0.19434 0.13458 0.16496
0.21394 0.1968 0.21362 0.19562000000000002 0.15566 0.18758000000000002 0.1052 0.1139 0.15788 0.07878 0.1504 0.21528 0.07622 0.20562 0.14698 0.14808000000000002
0.21380000000000002 0.1981 0.21309999999999998 0.19416 0.15175999999999998 0.19876 0.1036 0.11736 0.162 0.0809 0.15131999999999998 0.215 0.07102 0.1981 0.14496 0.1442
0.21484 0.19341999999999998 0.21146 0.19436 0.15052000000000001 0.19752 0.10176 0.11572 0.16066 0.09908 0.10248 0.22013999999999997 0.08948 0.17746 0.09758 0.12564
0.21114 0.19528 0.21364 0.14715999999999999 0.15486000000000003 0.13568 0.14782 0.16358 0.15247999999999998 0.10184 0.16698 0.2281 0.0494 0.18588 0.19422 0.08818000000000001
0.21198 0.19446000000000002 0.21152 0.19632 0.15406 0.18706 0.09745999999999999 0.12598 0.15259999999999999 0.06854 0.1443 0.21938 0.07284 0.20593999999999998 0.12866 0.15418
0.21008000000000002 0.19082 0.20692 0.19268000000000002 0.1446 0.18988 0.09394 0.12237999999999999 0.1539 0.06484000000000001 0.13613999999999998 0.2209 0.06908 0.20806 0.12828 0.15469999999999998
0.20632 0.18912 0.20762 0.19044 0.14338 0.18608000000000002 0.09473999999999999 0.12882 0.15378 0.06294 0.13918 0.21181999999999998 0.08026000000000001 0.20362 0.12772 0.15396
0.19386 0.19166 0.20876 0.18378 0.1409 0.16862 0.09845999999999999 0.127 0.14064 0.06764 0.12768000000000002 0.2077 0.078 0.20828 0.1206 0.15572
0.19852 0.19254 0.19978 0.1839 0.14594 0.16678 0.09854 0.12390000000000001 0.13174 0.07486 0.14274 0.21176 0.0905 0.19278 0.11752 0.15597999999999998
0.19458 0.19006 0.19891999999999999 0.18309999999999998 0.14024 0.15553999999999998 0.09534000000000001 0.12401999999999999 0.12256 0.07765999999999999 0.1442 0.20294 0.09137999999999999 0.1933 0.10722 0.1515
0.19618 0.1921 0.19282 0.18330000000000002 0.14164 0.15616 0.09542 0.11914 0.12248 0.08228 0.14956 0.20466 0.09018000000000001 0.18886 0.109 0.15044
0.19572 0.18652000000000002 0.18978 0.18447999999999998 0.14506 0.16162 0.09856000000000001 0.11902 0.12824000000000002 0.07987999999999999 0.15938 0.19832 0.08108 0.18812 0.11606 0.14828
0.1945 0.18425999999999998 0.19390000000000002 0.1795 0.14224 0.15797999999999998 0.09924 0.11524 0.12634 0.07623999999999999 0.16328 0.20268 0.08031999999999999 0.18212 0.11454 0.14814
0.18858000000000003 0.18647999999999998 0.19794 0.17056 0.135 0.1426 0.097 0.11428 0.11245999999999999 0.02816 0.16518 0.20542 0.03728 0.17568 0.10356 0.1465
0.1906 0.18292 0.19682 0.17128 0.13734 0.14358 0.09659999999999999 0.11676 0.11058 0.02798 0.16456 0.20186 0.04058 0.1765 0.10406 0.14678
0.19066 0.18381999999999998 0.18769999999999998 0.16672 0.13432 0.14078 0.09115999999999999 0.1161 0.11023999999999999 0.0322 0.15944 0.19763999999999998 0.0479 0.17492 0.10407999999999999 0.14622
0.18978 0.18080000000000002 0.19288 0.16644 0.13232 0.1399 0.09 0.11614000000000001 0.11206 0.03276 0.15444 0.19763999999999998 0.04784 0.17906 0.10414 0.14672
0.18558000000000002 0.18306 0.19688 0.1613 0.12869999999999998 0.14108 0.08698 0.11838 0.11386 0.03388 0.16324 0.20304 0.0485 0.17646 0.10114 0.14922
0.188 0.18919999999999998 0.1871 0.16246000000000002 0.13016 0.14308 0.08672 0.12201999999999999 0.11336 0.08668000000000001 0.15574000000000002 0.19834000000000002 0.069 0.18228 0.12498000000000001 0.12526
0.18464 0.18296 0.18375999999999998 0.16068000000000002 0.12847999999999998 0.14916 0.08524 0.11798 0.11772 0.08236 0.15024 0.194 0.06514 0.1799 0.1296 0.12066
0.18328 0.17922 0.18602000000000002 0.16024000000000002 0.1285 0.14756 0.0834 0.11596 0.11658 0.03276 0.15828 0.19294 0.05038 0.16854 0.10554000000000001 0.1424
0.19088 0.1747 0.18224 0.15563999999999997 0.13018000000000002 0.14138 0.07488 0.11684 0.11416 0.02924 0.14018 0.18472 0.04288 0.16832 0.09792000000000001 0.13584000000000002
0.18631999999999999 0.17354 0.18756 0.15369999999999998 0.12409999999999999 0.13944 0.07307999999999999 0.10892 0.11706 0.0286 0.13158 0.19206 0.03528 0.17242 0.09566 0.13572
0.18230000000000002 0.17182 0.18875999999999998 0.15392 0.11646 0.13276 0.0694 0.10452 0.10768000000000001 0.02598 0.12404000000000001 0.1943 0.03404 0.16213999999999998 0.09008 0.13524
0.18480000000000002 0.16716 0.19056 0.15234 0.11854 0.13494 0.0704 0.10354000000000001 0.10708 0.02766 0.12368000000000001 0.19022 0.036539999999999996 0.16362000000000002 0.09137999999999999 0.13512000000000002
0.18264 0.17258 0.18913999999999997 0.14216 0.11422 0.13844 0.06988 0.08546 0.11481999999999999 0.02872 0.12832 0.18516 0.03402 0.15847999999999998 0.09572 0.13166
0.18308000000000002 0.17758000000000002 0.18292 0.14154 0.1153 0.139 0.06864 0.08172 0.11358 0.0713 0.10728 0.18724000000000002 0.04734 0.18022 0.09748 0.13263999999999998
0.1802 0.1696 0.18419999999999997 0.10798 0.11266 0.10704000000000001 0.09645999999999999 0.11854 0.1157 0.06078 0.12046 0.18024 0.01804 0.16854 0.15062 0.0828
0.17852 0.174 0.17724 0.13844 0.1125 0.1376 0.06628 0.0818 0.1165 0.07274 0.11348 0.18624000000000002 0.04758 0.1759 0.1168 0.11976
0.19041999999999998 0.169 0.16563999999999998 0.10208 0.13582 0.112 0.15563999999999997 0.11442000000000001 0.15824000000000002 0.1045 0.1643 0.16791999999999999 0.09440000000000001 0.1678 0.152 0.11856
0.17728 0.16628 0.18124 0.12819999999999998 0.11546 0.13206 0.0696 0.07501999999999999 0.11164 0.0295 0.12692 0.18068 0.03582 0.16206 0.09895999999999999 0.12564
0.1753 0.16558 0.1817 0.13056 0.11534 0.136 0.06814 0.07316 0.10823999999999999 0.028239999999999998 0.12007999999999999 0.17776 0.03074 0.16524 0.09142 0.12204000000000001
0.17456 0.16702 0.17774 0.12904 0.1149 0.13338 0.06764 0.0684 0.10618000000000001 0.02752 0.11768 0.17858000000000002 0.027120000000000002 0.16291999999999998 0.09184 0.12018000000000001
0.17576 0.16706000000000001 0.18231999999999998 0.12218000000000001 0.11352 0.12078 0.06509999999999999 0.0654 0.09698000000000001 0.02606 0.10756 0.17262 0.02666 0.16322 0.0861 0.1191
0.17836000000000002 0.16212000000000001 0.18412 0.12444 0.11359999999999999 0.123 0.06444 0.05882 0.0989 0.0254 0.10092 0.17924 0.02054 0.16644 0.08726 0.11868000000000001
0.17768 0.16006 0.18037999999999998 0.12906 0.11166 0.12478 0.06092 0.05862 0.09884 0.02268 0.09518 0.18352000000000002 0.017839999999999998 0.1678 0.08488 0.12
0.17676 0.15688 0.18076 0.13054 0.10904000000000001 0.12190000000000001 0.061079999999999995 0.06008 0.09842000000000001 0.02204 0.09136 0.17906 0.0214 0.16944 0.08402 0.11864
0.17958000000000002 0.15672 0.17676 0.12512 0.10851999999999999 0.11476 0.05868 0.0615 0.09156 0.01872 0.08546 0.17178 0.024079999999999997 0.17426 0.07959999999999999 0.11372
0.17687999999999998 0.15306 0.17902 0.125 0.101 0.11318 0.05702 0.056240000000000005 0.09445999999999999 0.01824 0.0795 0.17344 0.01924 0.1751 0.0782 0.11278
0.1727 0.14024 0.17596 0.12548 0.0856 0.11028 0.05098 0.05328 0.09223999999999999 0.01648 0.07486 0.17184 0.01688 0.1656 0.07192 0.1083
0.16276 0.15153999999999998 0.17504 0.126 0.07678 0.11098000000000001 0.0512 0.0567 0.09974 0.019620000000000002 0.07908 0.1674 0.01992 0.16074000000000002 0.07322 0.1061
0.1687 0.1541 0.17756 0.12534 0.07698 0.10779999999999999 0.051 0.05796 0.09234 0.03338 0.07959999999999999 0.16128 0.02364 0.14242 0.07244 0.1019
0.16952 0.15628 0.17694 0.12532 0.07701999999999999 0.1085 0.05156 0.05346 0.09381999999999999 0.03198 0.0809 0.16724 0.01756 0.14448 0.07354000000000001 0.1043
0.17102 0.16222 0.17708000000000002 0.11942 0.07972 0.10762000000000001 0.049659999999999996 0.05998 0.0945 0.026760000000000003 0.07554000000000001 0.16978000000000001 0.01426 0.1502 0.07322 0.10854000000000001
0.16932 0.15875999999999998 0.17856 0.12074 0.07992 0.10756 0.04988 0.05916 0.09286 0.02884 0.07293999999999999 0.1709 0.01482 0.14936000000000002 0.07374 0.10936
0.16436 0.15538 0.17244 0.12128 0.07646 0.108 0.04972 0.05922 0.09401999999999999 0.03582 0.06944 0.18302000000000002 0.01798 0.13528 0.07668000000000001 0.12112
0.16591999999999998 0.14953999999999998 0.17472 0.09345999999999999 0.07892 0.08274 0.07892 0.10374 0.09126000000000001 0.10182 0.039939999999999996 0.16604 0.01738 0.16824 0.13066 0.06858
0.15634 0.14931999999999998 0.17744 0.09192 0.07156 0.08116 0.08274 0.10352 0.08864 0.09464 0.04796 0.1669 0.01498 0.1719 0.12478 0.06904
0.1616 0.15312 0.17134 0.12029999999999999 0.07601999999999999 0.10868000000000001 0.0535 0.07382 0.08220000000000001 0.03198 0.07704000000000001 0.16662000000000002 0.01446 0.14162 0.08996 0.10626000000000001
0.16196000000000002 0.15491999999999997 0.17004 0.11714 0.07823999999999999 0.10528 0.05248 0.07396 0.07532 0.0188 0.07501999999999999 0.1605 0.014539999999999999 0.13604 0.09794 0.10242
0.15996000000000002 0.15092 0.17032 0.08622 0.0773 0.07587999999999999 0.08170000000000001 0.09952 0.077 0.08644 0.04208 0.16712 0.01426 0.16772 0.13304 0.06678
0.15441999999999997 0.14787999999999998 0.16336 0.1138 0.07601999999999999 0.11216 0.05178 0.06686 0.0865 0.0162 0.0688 0.16904 0.012039999999999999 0.141 0.09848 0.10062
0.15628 0.14324 0.16341999999999998 0.11362 0.07579999999999999 0.11254 0.05114 0.0726 0.08606 0.01532 0.06602 0.16276 0.011640000000000001 0.14221999999999999 0.10186 0.09464
0.15434 0.13346 0.15347999999999998 0.11686 0.07604000000000001 0.11824 0.05104 0.07493999999999999 0.08664 0.01598 0.06288 0.16574 0.00834 0.13984 0.0964 0.09594
0.14894 0.13496 0.15569999999999998 0.11616 0.07114 0.1163 0.05034 0.08552 0.08814 0.02866 0.047740000000000005 0.15302000000000002 0.008539999999999999 0.1395 0.107 0.06988
0.1494 0.13648 0.15037999999999999 0.13876 0.0706 0.13922 0.05042 0.05304 0.11026000000000001 0.02788 0.04548 0.15168 0.00924 0.12869999999999998 0.1067 0.07014
0.14902 0.13176 0.14758000000000002 0.11037999999999999 0.07565999999999999 0.11014 0.05064 0.07934000000000001 0.0783 0.02784 0.04392 0.1525 0.038079999999999996 0.09454000000000001 0.07332 0.06974
0.15048 0.1276 0.14202 0.10484 0.07916 0.09426000000000001 0.0494 0.07994 0.06694 0.02714 0.04174 0.14830000000000002 0.032299999999999995 0.08754 0.07102 0.06584000000000001
0.1489 0.14266 0.13426 0.1034 0.1024 0.11884 0.1088 0.07948000000000001 0.12976 0.0145 0.10598 0.14543999999999999 0.05144 0.12336 0.09334 0.13618
0.1301 0.15296 0.14816 0.05036 0.12824000000000002 0.102 0.12884 0.11754 0.10956 0.09154000000000001 0.08964 0.15014 0.06974 0.08392000000000001 0.11584 0.03016
0.14592 0.12952000000000002 0.15106 0.10826000000000001 0.06996 0.08596 0.039560000000000005 0.062079999999999996 0.060039999999999996 0.01526 0.055380000000000006 0.14786000000000002 0.01768 0.12032 0.057479999999999996 0.0864
0.1415 0.12806 0.15059999999999998 0.1093 0.06008 0.0828 0.03732 0.06692000000000001 0.05878 0.013179999999999999 0.06481999999999999 0.1435 0.0162 0.12406 0.05484000000000001 0.08518
0.14382 0.13108 0.15531999999999999 0.10901999999999999 0.06036 0.07972 0.03936 0.06344 0.05714 0.01324 0.0681 0.14604 0.01566 0.12362000000000001 0.054880000000000005 0.08486
0.13776 0.13448 0.18031999999999998 0.11014 0.061 0.0804 0.046200000000000005 0.05684 0.06182 0.013720000000000001 0.07135999999999999 0.14406 0.0251 0.12046 0.0522 0.07876000000000001
0.1441 0.1517 0.15246 0.10934 0.0659 0.0793 0.0523 0.05102 0.06 0.013980000000000001 0.09514 0.14812 0.01902 0.09731999999999999 0.052700000000000004 0.0792
0.14592 0.15284 0.1392 0.11062000000000001 0.05968 0.07526000000000001 0.04734 0.05152 0.0538 0.01396 0.09079999999999999 0.1394 0.01442 0.09554 0.0496 0.07434
0.14174 0.1367 0.15052000000000001 0.11045999999999999 0.055600000000000004 0.07642 0.04408 0.05012 0.05404 0.01306 0.07154 0.13804 0.013619999999999998 0.1082 0.0513 0.07366
0.14654 0.13212000000000002 0.13169999999999998 0.11098000000000001 0.05586 0.07644 0.04372 0.04448 0.05378 0.01066 0.056060000000000006 0.13318000000000002 0.010320000000000001 0.09115999999999999 0.05594 0.0694
0.13624 0.12984 0.13752 0.11186 0.04696 0.07586 0.039619999999999995 0.04512 0.05704 0.01686 0.0384 0.13486 0.01022 0.10382 0.054060000000000004 0.0698
0.13272 0.12406 0.12941999999999998 0.11445999999999999 0.0418 0.07744 0.03384 0.046020000000000005 0.054 0.015300000000000001 0.032479999999999995 0.14332 0.010060000000000001 0.09516 0.05152 0.07236
0.12978 0.12143999999999999 0.12806 0.11408 0.0417 0.08172 0.034 0.054240000000000003 0.060219999999999996 0.01086 0.0344 0.1326 0.01796 0.09214 0.05472 0.073
0.12487999999999999 0.12151999999999999 0.11304 0.11223999999999999 0.04258 0.09494 0.03644 0.05482 0.07478 0.011179999999999999 0.0351 0.13018000000000002 0.006019999999999999 0.08744 0.0693 0.06588
0.12236 0.12212 0.11502 0.11026000000000001 0.03818 0.09076000000000001 0.03646 0.05946 0.07564 0.01072 0.031239999999999997 0.12215999999999999 0.00738 0.0896 0.07312 0.05902
0.11644 0.12596 0.109 0.10658 0.037399999999999996 0.06992 0.03816 0.054479999999999994 0.06228 0.00926 0.02818 0.11159999999999999 0.00834 0.08532 0.06616 0.05534
0.11445999999999999 0.11876 0.11159999999999999 0.10622 0.03694 0.06838 0.03712 0.0453 0.05788 0.00914 0.02794 0.1172 0.0104 0.08381999999999999 0.056600000000000004 0.062259999999999996
0.11044 0.11528000000000001 0.1123 0.1047 0.03138 0.061939999999999995 0.033460000000000004 0.04524 0.047560000000000005 0.008119999999999999 0.02634 0.11706 0.00908 0.08174 0.05076 0.06246
0.11428 0.11242 0.10942 0.1031 0.03464 0.05946 0.0317 0.04936 0.04248 0.00824 0.0258 0.11586 0.00578 0.08168 0.05152 0.060579999999999995
0.11212000000000001 0.10324 0.10536 0.10182 0.03324 0.05318 0.02628 0.06036 0.037079999999999995 0.00746 0.03514 0.1153 0.02964 0.06812 0.03478 0.07551999999999999
0.10756 0.10664 0.11022 0.10558 0.0294 0.0536 0.0263 0.06252 0.04082 0.0087 0.036539999999999996 0.11188 0.0223 0.069 0.04926 0.05888
0.1032 0.10878 0.11102 0.11152 0.028579999999999998 0.055560000000000005 0.02418 0.0571 0.04112 0.0070599999999999994 0.02392 0.11331999999999999 0.00556 0.08524 0.047619999999999996 0.0591
0.1077 0.10466 0.10826000000000001 0.10698 0.03546 0.053259999999999995 0.0269 0.05868 0.03582 0.009640000000000001 0.03662 0.1129 0.032060000000000005 0.06836 0.034659999999999996 0.07056
0.10968000000000001 0.10266 0.10748 0.10562 0.04264 0.0565 0.02784 0.05268 0.041299999999999996 0.0089 0.03754 0.11334000000000001 0.03118 0.06631999999999999 0.03886 0.0708
0.10184 0.11320000000000001 0.11106 0.10751999999999999 0.03234 0.05776 0.0376 0.05422 0.06306 0.02932 0.03694 0.113 0.04258 0.06734 0.053259999999999995 0.05708
0.09874 0.11598 0.10845999999999999 0.10478 0.03318 0.05432 0.03964 0.0528 0.06573999999999999 0.03008 0.03628 0.10986 0.04282 0.06984 0.053759999999999995 0.05386
0.10490000000000001 0.10321999999999999 0.10672 0.10368000000000001 0.040600000000000004 0.055060000000000005 0.028 0.04886 0.04598 0.00974 0.03616 0.10928 0.02594 0.07126 0.04728 0.06288
0.09237999999999999 0.10194 0.10768000000000001 0.10078 0.03424 0.05622 0.0273 0.048920000000000005 0.04972 0.010060000000000001 0.026019999999999998 0.10722 0.016739999999999998 0.08245999999999999 0.05266 0.06354
0.09926 0.10162 0.10368000000000001 0.10224 0.03816 0.056299999999999996 0.030379999999999997 0.05142 0.04868 0.01294 0.026 0.10407999999999999 0.026260000000000002 0.08322 0.04524 0.07026
0.09634000000000001 0.0999 0.09876 0.102 0.038060000000000004 0.057460000000000004 0.03006 0.046939999999999996 0.04924 0.010039999999999999 0.0373 0.10022 0.01414 0.07506 0.06494 0.04922
0.09672 0.10156 0.09988 0.10086 0.03728 0.055299999999999995 0.03172 0.047479999999999994 0.04758 0.00878 0.02628 0.10252 0.0068200000000000005 0.0792 0.0588 0.0517
0.09795999999999999 0.0969 0.09876 0.09720000000000001 0.039299999999999995 0.053579999999999996 0.0332 0.04832 0.0416 0.00966 0.02522 0.09495999999999999 0.00604 0.07372 0.054700000000000006 0.04992
0.0991 0.10234 0.0989 0.10156 0.038619999999999995 0.05646 0.03228 0.04266 0.04292 0.01814 0.025079999999999998 0.10502 0.0086 0.07615999999999999 0.04732 0.0588
0.09726 0.10482 0.09254000000000001 0.10172 0.039200000000000006 0.057479999999999996 0.03254 0.0437 0.04332 0.0506 0.024300000000000002 0.10942 0.010320000000000001 0.07831999999999999 0.04524 0.05794
0.09587999999999999 0.10357999999999999 0.0938 0.09792000000000001 0.03932 0.055619999999999996 0.0342 0.05182 0.04286 0.047659999999999994 0.02416 0.09886 0.009 0.07872 0.055740000000000005 0.046700000000000005
0.09536 0.10022 0.09201999999999999 0.09914 0.03782 0.0589 0.03114 0.047380000000000005 0.043 0.0371 0.02444 0.09831999999999999 0.00874 0.08218 0.05472 0.047939999999999997
0.0923 0.0979 0.0925 0.09664 0.037840000000000006 0.05636 0.032560000000000006 0.045759999999999995 0.04174 0.03118 0.024460000000000003 0.09898 0.01272 0.08222 0.04678 0.055299999999999995
0.08842 0.0937 0.09008 0.09186 0.03706 0.05242 0.0354 0.04732 0.03814 0.01134 0.0253 0.09168000000000001 0.0109 0.08164 0.047479999999999994 0.05364
0.09331999999999999 0.09881999999999999 0.09078 0.09484000000000001 0.037520000000000005 0.053200000000000004 0.03492 0.0441 0.03878 0.01048 0.02438 0.09642 0.006860000000000001 0.08248 0.04758 0.05486
0.092 0.09623999999999999 0.08492 0.09436 0.03678 0.05478 0.0332 0.04158 0.039259999999999996 0.0068 0.023280000000000002 0.09487999999999999 0.005860000000000001 0.07706 0.04536 0.053840000000000006
0.0874 0.09068000000000001 0.08756 0.09187999999999999 0.0354 0.05238 0.03358 0.04332 0.0385 0.0066 0.0221 0.09404000000000001 0.007980000000000001 0.07614 0.044 0.05364
0.08756 0.09378 0.08816 0.08866 0.03572 0.04998 0.036719999999999996 0.04852 0.03646 0.00696 0.02164 0.09548000000000001 0.0083 0.0757 0.04252 0.05372
0.09090000000000001 0.09802 0.08794 0.09223999999999999 0.03558 0.051859999999999996 0.03418 0.04734 0.03572 0.00664 0.020980000000000002 0.09502 0.00856 0.07551999999999999 0.04124 0.0535
0.0886 0.09573999999999999 0.08946 0.08826 0.03372 0.05088 0.03116 0.046979999999999994 0.0338 0.00662 0.02056 0.09062 0.01018 0.07572 0.037219999999999996 0.048799999999999996
0.08943999999999999 0.09876 0.08936 0.09308 0.03468 0.05366 0.028079999999999997 0.04226 0.03334 0.00708 0.02086 0.09232 0.00642 0.07623999999999999 0.037939999999999995 0.04872
0.08716 0.09626 0.08398 0.09256 0.0342 0.05578 0.028079999999999997 0.04134 0.03244 0.0070999999999999995 0.02246 0.09062 0.00452 0.07257999999999999 0.037380000000000004 0.046700000000000005
0.0878 0.09268000000000001 0.08586 0.09196 0.03364 0.0572 0.029 0.04138 0.03474 0.01078 0.0212 0.0911 0.00556 0.07328 0.03972 0.04746
0.08636 0.08732 0.08721999999999999 0.09712 0.03194 0.06422 0.02844 0.04088 0.040240000000000005 0.02182 0.01778 0.09190000000000001 0.00694 0.07404000000000001 0.04572 0.0484
0.08678 0.09018000000000001 0.08554 0.08862 0.03208 0.05432 0.038840000000000006 0.053340000000000005 0.04044 0.02048 0.01848 0.08874 0.0061600000000000005 0.07302 0.04566 0.0492
0.08428000000000001 0.09154000000000001 0.08556 0.09537999999999999 0.03376 0.05458 0.037579999999999995 0.05168 0.03982 0.01444 0.02032 0.08842 0.005059999999999999 0.07202 0.04564 0.05042
0.0832 0.08962 0.08388 0.0823 0.0345 0.04476 0.046979999999999994 0.0639 0.040159999999999994 0.014240000000000001 0.02026 0.08812 0.0033399999999999997 0.07186 0.0455 0.05042
0.0837 0.09151999999999999 0.08184000000000001 0.07945999999999999 0.035859999999999996 0.04464 0.046259999999999996 0.07601999999999999 0.040420000000000005 0.013099999999999999 0.02094 0.09008 0.0028599999999999997 0.07414 0.04416 0.05112
0.0838 0.09056 0.08188 0.08666 0.036340000000000004 0.0503 0.04094 0.07302 0.0404 0.01396 0.02188 0.08718000000000001 0.00498 0.0735 0.044719999999999996 0.0516
0.08742 0.08978 0.08564 0.09326000000000001 0.039119999999999995 0.05114 0.04252 0.07558 0.039020000000000006 0.01776 0.0241 0.087 0.0061200000000000004 0.07364 0.045520000000000005 0.05228
0.08768000000000001 0.08976 0.08252 0.08431999999999999 0.03772 0.04278 0.048299999999999996 0.07858 0.03868 0.01636 0.02392 0.0871 0.00466 0.07144 0.04424 0.05098
0.08514000000000001 0.08386 0.07586 0.07778 0.03616 0.04086 0.04566 0.06978 0.0373 0.01052 0.023260000000000003 0.0793 0.00784 0.06670000000000001 0.03968 0.04496
0.08492 0.0895 0.08322 0.08381999999999999 0.03518 0.04448 0.04206 0.06776 0.041960000000000004 0.01456 0.02312 0.08252 0.011980000000000001 0.06666 0.04096 0.04624
0.07656 0.09065999999999999 0.09714 0.08334 0.0352 0.04492 0.0405 0.06758 0.04864 0.02708 0.02196 0.08252 0.01874 0.0632 0.04106 0.04542
0.08145999999999999 0.0882 0.08109999999999999 0.08684 0.04124 0.05212 0.03878 0.05944 0.04818 0.023620000000000002 0.02076 0.08222 0.012960000000000001 0.05858 0.04272 0.04536
0.07432 0.08622 0.05662 0.08334 0.03456 0.0571 0.03198 0.05526 0.05366 0.008400000000000001 0.01604 0.07854000000000001 0.01052 0.04578 0.046579999999999996 0.04382
0.07221999999999999 0.0803 0.06394 0.07238 0.0313 0.04408 0.039700000000000006 0.07178 0.05236 0.0074 0.016300000000000002 0.07529999999999999 0.019600000000000003 0.045579999999999996 0.04976 0.04056
0.07324 0.079 0.06122 0.07236 0.030879999999999998 0.0386 0.040479999999999995 0.07392 0.0465 0.00746 0.01684 0.07540000000000001 0.02318 0.04308 0.04388 0.04436
0.07158 0.08038 0.05974 0.07322 0.03098 0.03986 0.03908 0.07196 0.04754 0.015099999999999999 0.01714 0.07518000000000001 0.022539999999999998 0.04382 0.04394 0.04308
0.07162 0.082 0.05948 0.07098 0.03014 0.04036 0.03598 0.06848 0.049159999999999995 0.03816 0.01696 0.07074 0.0206 0.04262 0.04622 0.03754
0.07144 0.07804000000000001 0.062259999999999996 0.07038 0.0308 0.03936 0.03692 0.06278 0.047979999999999995 0.03236 0.01706 0.07152 0.023280000000000002 0.0415 0.044700000000000004 0.039
0.06906 0.07156 0.060880000000000004 0.06336 0.031039999999999998 0.03692 0.038759999999999996 0.05314 0.044719999999999996 0.01684 0.01712 0.06631999999999999 0.02142 0.039659999999999994 0.04276 0.0355
0.07048 0.07642 0.0608 0.0693 0.03134 0.0395 0.0366 0.04998 0.04568 0.01442 0.01772 0.07032 0.0205 0.04114 0.04282 0.039259999999999996
0.06866 0.07362 0.06284000000000001 0.06964000000000001 0.030879999999999998 0.038619999999999995 0.0349 0.0502 0.045079999999999995 0.008 0.01872 0.07192 0.01934 0.04058 0.04232 0.04354
0.07098 0.0782 0.06048 0.06816 0.030940000000000002 0.036899999999999995 0.03628 0.053020000000000005 0.0455 0.0081 0.01802 0.06922 0.01722 0.04034 0.044539999999999996 0.04076
0.07252 0.07596 0.0595 0.06362 0.02922 0.03374 0.03436 0.0521 0.04332 0.00848 0.016 0.06509999999999999 0.01326 0.04 0.04186 0.037020000000000004
0.06924 0.07414 0.062079999999999996 0.0692 0.0265 0.03706 0.02846 0.0422 0.04338 0.011519999999999999 0.0175 0.06614 0.01428 0.03882 0.037020000000000004 0.03934
0.0765 0.07831999999999999 0.0673 0.07312 0.02946 0.03184 0.03028 0.04388 0.03474 0.02032 0.02136 0.06896 0.01492 0.0357 0.030420000000000003 0.040780000000000004
0.0707 0.07565999999999999 0.06408 0.0725 0.027120000000000002 0.03368 0.02952 0.041479999999999996 0.038259999999999995 0.02298 0.02082 0.06838 0.02696 0.024480000000000002 0.01602 0.039939999999999996
0.07604000000000001 0.06324 0.08979999999999999 0.07708 0.05178 0.062 0.06142 0.04708 0.07168000000000001 0.032619999999999996 0.0464 0.07440000000000001 0.08095999999999999 0.03716 0.0167 0.07292
0.07601999999999999 0.06616 0.08342000000000001 0.07476000000000001 0.028 0.03368 0.03236 0.047979999999999995 0.03828 0.05884 0.01472 0.07418000000000001 0.07998000000000001 0.0354 0.01226 0.04548
0.07718000000000001 0.06666 0.07837999999999999 0.07548 0.02498 0.027260000000000003 0.02888 0.048240000000000005 0.03244 0.04426 0.00856 0.06964000000000001 0.07765999999999999 0.030780000000000002 0.01134 0.04026
0.07278 0.07408 0.07196 0.07322 0.022940000000000002 0.02572 0.03016 0.0489 0.03422 0.01214 0.02794 0.06952 0.05692 0.0123 0.01222 0.0399
0.07146 0.08062000000000001 0.07326 0.07342 0.02182 0.02798 0.03062 0.04982 0.03522 0.01272 0.01898 0.06834 0.03296 0.041460000000000004 0.02316 0.046520000000000006
0.0735 0.08006 0.0687 0.07284 0.02624 0.0281 0.03008 0.04692 0.03022 0.01112 0.01184 0.07042 0.009519999999999999 0.047979999999999995 0.03208 0.03986
0.07412 0.07868 0.0728 0.0706 0.026019999999999998 0.026719999999999997 0.030600000000000002 0.039659999999999994 0.02938 0.01278 0.01202 0.07576000000000001 0.00962 0.0485 0.03272 0.04542
0.07540000000000001 0.0805 0.0681 0.07426 0.02794 0.03118 0.027280000000000002 0.03534 0.02976 0.009880000000000002 0.01246 0.07604000000000001 0.00654 0.04854 0.03352 0.0436
0.077 0.08394 0.06388 0.07934000000000001 0.02884 0.03332 0.026359999999999998 0.0348 0.0303 0.0038399999999999997 0.013519999999999999 0.07515999999999999 0.0068 0.048979999999999996 0.03478 0.040060000000000005
0.07384 0.07856 0.07434 0.07398 0.02816 0.027399999999999997 0.03154 0.03766 0.030359999999999998 0.0038 0.0146 0.07578 0.01064 0.056600000000000004 0.034140000000000004 0.04138
0.07659999999999999 0.08095999999999999 0.09196 0.07526000000000001 0.028300000000000002 0.02764 0.0305 0.03696 0.02976 0.0037 0.013980000000000001 0.07887999999999999 0.00886 0.07937999999999999 0.03412 0.04368
0.07862000000000001 0.08568 0.07598 0.08134000000000001 0.03144 0.0358 0.025160000000000002 0.02844 0.0293 0.0038399999999999997 0.01482 0.07812000000000001 0.00132 0.06938 0.033979999999999996 0.04432
0.07486 0.08836 0.055979999999999995 0.07840000000000001 0.0303 0.03454 0.02428 0.0312 0.02896 0.0033799999999999998 0.01474 0.07912000000000001 0.0017 0.04708 0.03578 0.048479999999999995
0.07336 0.07798000000000001 0.06531999999999999 0.06714 0.02854 0.027960000000000002 0.0289 0.0412 0.0288 0.0036 0.0147 0.07476000000000001 0.01478 0.046200000000000005 0.03276 0.047420000000000004
0.07490000000000001 0.07922 0.0645 0.06336 0.027399999999999997 0.031120000000000002 0.02462 0.04122 0.02938 0.00328 0.0143 0.07322 0.01634 0.045579999999999996 0.02502 0.045439999999999994
0.07202 0.08068 0.06836 0.06812 0.02634 0.03698 0.019440000000000002 0.0344 0.03024 0.0035800000000000003 0.013859999999999999 0.07672 0.0154 0.047259999999999996 0.02554 0.04646
0.06848 0.07958 0.07142 0.0676 0.02752 0.03646 0.018940000000000002 0.03362 0.02826 0.00458 0.01402 0.07908 0.01382 0.04894 0.0241 0.0503
0.07004 0.08284 0.06798 0.06762 0.02798 0.035859999999999996 0.019600000000000003 0.03544 0.02656 0.00464 0.014 0.0762 0.01278 0.048 0.02438 0.04972
0.07028 0.0861 0.06459999999999999 0.06468 0.02754 0.03296 0.02052 0.03536 0.024120000000000003 0.00526 0.013900000000000001 0.07098 0.011619999999999998 0.0461 0.02558 0.04852
0.06994 0.08295999999999999 0.06866 0.06506 0.0275 0.032380000000000006 0.01986 0.07076 0.023899999999999998 0.0016 0.01594 0.03842 0.03444 0.02964 0.0421 0.0216
0.07514 0.07174 0.08144 0.06744 0.06006 0.05976 0.05274 0.07708 0.05218 0.00152 0.047439999999999996 0.0373 0.08754 0.02776 0.04654 0.06
0.07587999999999999 0.07114 0.08259999999999999 0.05976 0.07154 0.05926 0.0639 0.054920000000000004 0.05176 0.011519999999999999 0.04924 0.0682 0.0825 0.027719999999999998 0.033600000000000005 0.07574
0.07672 0.0679 0.0809 0.06296 0.07242 0.05484000000000001 0.06508 0.044899999999999995 0.04752 0.018420000000000002 0.046619999999999995 0.07343999999999999 0.0833 0.0254 0.03244 0.07565999999999999
0.07914 0.06588 0.08004 0.06404 0.06956 0.05378 0.062 0.06038 0.04628 0.01082 0.04912 0.053020000000000005 0.0823 0.04038 0.04572 0.07694
0.08095999999999999 0.06712 0.07972 0.06256 0.07024 0.05632 0.0633 0.06714 0.047799999999999995 0.01052 0.05126 0.04398 0.0813 0.0229 0.05348 0.04992
0.06436 0.08252 0.06736 0.06708 0.028059999999999998 0.03306 0.0209 0.02606 0.02598 0.00444 0.013699999999999999 0.07086 0.01462 0.039119999999999995 0.03186 0.04492
0.06376 0.08064 0.06674 0.0546 0.02674 0.022359999999999998 0.02912 0.053939999999999995 0.02614 0.01024 0.016 0.04464 0.06812 0.026940000000000002 0.00478 0.05138
0.07482 0.07034 0.08278 0.06566 0.059359999999999996 0.05644 0.05324 0.026199999999999998 0.05122 0.00722 0.04446 0.06518 0.07374 0.03236 0.01438 0.06942
0.0681 0.0665 0.0928 0.06420000000000001 0.02854 0.03338 0.02314 0.02646 0.02614 0.03882 0.01184 0.05908 0.08304 0.0433 0.00662 0.03786
0.07296 0.0891 0.0809 0.06412000000000001 0.030379999999999997 0.0329 0.02454 0.0264 0.02656 0.00554 0.01414 0.06608 0.010320000000000001 0.06096 0.02718 0.030420000000000003
0.07940000000000001 0.09240000000000001 0.09678 0.06232 0.032299999999999995 0.03314 0.0251 0.02802 0.028820000000000002 0.00464 0.0135 0.0819 0.0074800000000000005 0.07809999999999999 0.02538 0.03252
0.07892 0.08636 0.09187999999999999 0.06024 0.0355 0.0327 0.0286 0.028140000000000002 0.02784 0.00444 0.016300000000000002 0.07524 0.005860000000000001 0.07176 0.02504 0.03188
0.07973999999999999 0.08502 0.099 0.06308 0.03514 0.03246 0.0281 0.03068 0.02624 0.00394 0.01656 0.06492 0.00528 0.0693 0.02438 0.030719999999999997
0.08464 0.09540000000000001 0.09242 0.09558 0.05368 0.07712000000000001 0.04624 0.046520000000000006 0.07094 0.00248 0.02198 0.02418 0.024239999999999998 0.09292 0.04968 0.0376
0.07968 0.1032 0.07424 0.06398 0.08562 0.07912000000000001 0.08612 0.055799999999999995 0.07984000000000001 0.0494 0.0373 0.04828 0.03452 0.08548 0.07884000000000001 0.02942
0.08458 0.08628 0.07912000000000001 0.062119999999999995 0.07048 0.05824 0.06352000000000001 0.030699999999999998 0.05232 0.0054 0.053700000000000005 0.07465999999999999 0.06026 0.04242 0.00976 0.0747
0.08224 0.08446 0.0785 0.05684 0.07138 0.060719999999999996 0.0645 0.03056 0.05866 0.00532 0.05288 0.07715999999999999 0.0668 0.04072 0.0081 0.07718000000000001
0.06786 0.07952 0.08702 0.05586 0.03972 0.04238 0.03264 0.032159999999999994 0.04028 0.04466 0.01452 0.07490000000000001 0.07914 0.039439999999999996 0.0064800000000000005 0.039439999999999996
0.06668 0.08345999999999999 0.07412 0.054299999999999994 0.04178 0.04636 0.033659999999999995 0.03822 0.04296 0.0070999999999999995 0.01428 0.07558 0.01302 0.05314 0.0225 0.0385
0.08202 0.08838 0.07066 0.055979999999999995 0.056 0.04578 0.04796 0.0385 0.04124 0.0062 0.039 0.07606 0.022920000000000003 0.039560000000000005 0.02678 0.03854
0.07293999999999999 0.08922 0.09964 0.05744 0.048420000000000005 0.04096 0.039619999999999995 0.03452 0.03406 0.00634 0.01856 0.07887999999999999 0.009439999999999999 0.08464 0.0319 0.04138
0.0767 0.09226000000000001 0.09366 0.05902 0.051859999999999996 0.03824 0.04298 0.03574 0.03136 0.00628 0.02472 0.07876000000000001 0.0087 0.07578 0.0293 0.04104
0.0735 0.08718000000000001 0.09176000000000001 0.0625 0.04764 0.03128 0.03828 0.03574 0.0246 0.00594 0.02546 0.07831999999999999 0.00728 0.0676 0.02274 0.04156
0.0736 0.08868000000000001 0.08932 0.06204 0.0492 0.02984 0.038740000000000004 0.0344 0.02376 0.0060999999999999995 0.02782 0.07690000000000001 0.00708 0.06586 0.022359999999999998 0.04002
0.07937999999999999 0.09881999999999999 0.08698 0.08438 0.06358 0.05836 0.06562 0.04108 0.06666 0.035679999999999996 0.034820000000000004 0.04628 0.04554 0.055240000000000004 0.037840000000000006 0.01208
0.07644 0.09186 0.09062 0.06452 0.05226 0.03006 0.039119999999999995 0.03172 0.02428 0.00732 0.032100000000000004 0.0761 0.0061600000000000005 0.06608 0.022920000000000003 0.0368
0.08134000000000001 0.09115999999999999 0.09431999999999999 0.06706000000000001 0.05554 0.0339 0.039240000000000004 0.029920000000000002 0.026199999999999998 0.00808 0.03284 0.07626000000000001 0.00452 0.06728 0.02596 0.036359999999999996
0.07964 0.09112 0.09038 0.06304 0.05404 0.03484 0.03766 0.0291 0.02656 0.022920000000000003 0.019100000000000002 0.07812000000000001 0.00498 0.07786 0.0264 0.03766
0.0833 0.09716 0.09528 0.056659999999999995 0.056060000000000006 0.03666 0.039240000000000004 0.03028 0.0275 0.02554 0.019039999999999998 0.08326 0.00636 0.07776000000000001 0.0272 0.04192
0.08562 0.09976 0.09112 0.05762 0.0551 0.035679999999999996 0.039299999999999995 0.03168 0.027219999999999998 0.008140000000000001 0.0389 0.0814 0.00828 0.05732 0.02658 0.04258
0.08866 0.09686 0.09179999999999999 0.060880000000000004 0.054079999999999996 0.03454 0.040100000000000004 0.03562 0.02736 0.00698 0.03822 0.08042 0.01244 0.05846 0.02484 0.044219999999999995
0.088 0.09759999999999999 0.08884 0.06386 0.046520000000000006 0.03436 0.03322 0.039259999999999996 0.02658 0.00666 0.02944 0.08258 0.01126 0.05638 0.0253 0.0417
0.09198 0.09208 0.07764 0.06698 0.03552 0.03444 0.026539999999999998 0.04438 0.02604 0.0066 0.01422 0.0872 0.00836 0.04802 0.02664 0.03442
0.08328 0.09026 0.09196 0.0675 0.03134 0.03436 0.02198 0.04342 0.02522 0.0068 0.0115 0.08536 0.00774 0.06216 0.02582 0.0355
0.08714 0.09518 0.11642 0.07307999999999999 0.036899999999999995 0.03582 0.02938 0.04462 0.02564 0.00836 0.0184 0.08828 0.00528 0.08758 0.02524 0.039880000000000006
0.09794 0.10332 0.10931999999999999 0.07636 0.04254 0.036719999999999996 0.0339 0.04546 0.0258 0.00802 0.030539999999999998 0.08644 0.00574 0.07534 0.02552 0.038060000000000004
0.1083 0.10722 0.11952 0.08324 0.0405 0.04072 0.03066 0.0461 0.02816 0.008060000000000001 0.03056 0.0864 0.00654 0.07696 0.02664 0.03678
0.10923999999999999 0.12143999999999999 0.10762000000000001 0.08572 0.044840000000000005 0.04356 0.03046 0.04722 0.03118 0.00884 0.040780000000000004 0.09478 0.00752 0.06808 0.02914 0.040780000000000004
0.11694 0.11636 0.11308 0.09154000000000001 0.05504 0.049159999999999995 0.03172 0.0526 0.03746 0.01016 0.0371 0.11326 0.00866 0.07512 0.03312 0.05102
0.10944 0.1178 0.11692 0.08954000000000001 0.055299999999999995 0.054479999999999994 0.03392 0.05212 0.04264 0.01142 0.03782 0.11862 0.00766 0.08228 0.03464 0.056479999999999995
0.10942 0.12856 0.12057999999999999 0.09018000000000001 0.06612 0.06802 0.04826 0.05368 0.052719999999999996 0.01516 0.050140000000000004 0.131 0.00478 0.08918000000000001 0.03798 0.06926
0.11394 0.12074 0.12204000000000001 0.08988 0.071 0.06254 0.0535 0.05958 0.04772 0.0121 0.047060000000000005 0.1245 0.00438 0.09118000000000001 0.04482 0.06218
0.11598 0.12201999999999999 0.11785999999999999 0.09029999999999999 0.07082 0.053399999999999996 0.05428 0.057640000000000004 0.0378 0.00666 0.044219999999999995 0.12423999999999999 0.00412 0.08918000000000001 0.046119999999999994 0.062200000000000005
0.11320000000000001 0.11468 0.11762 0.08868000000000001 0.06784 0.05246 0.05176 0.06048 0.03764 0.00838 0.038700000000000005 0.11806 0.0046 0.08372 0.04578 0.05772
0.11286 0.1095 0.10968000000000001 0.0872 0.0655 0.04942 0.0493 0.06104 0.0347 0.011519999999999999 0.03458 0.11372 0.00524 0.06044 0.03908 0.054259999999999996
0.10898000000000001 0.10422 0.11372 0.08864 0.06196 0.0502 0.046020000000000005 0.06326 0.035859999999999996 0.01074 0.0334 0.1165 0.00642 0.06498000000000001 0.03814 0.054520000000000006
0.10715999999999999 0.10078 0.11592 0.08964 0.06164 0.04782 0.045939999999999995 0.07132 0.0358 0.00874 0.038740000000000004 0.12004000000000001 0.00882 0.06866 0.03746 0.054799999999999995
0.10972 0.10528 0.11748 0.09345999999999999 0.057280000000000005 0.05024 0.04262 0.0788 0.03686 0.015519999999999999 0.030019999999999998 0.1167 0.00942 0.07526000000000001 0.04736 0.04818
0.10995999999999999 0.108 0.12722 0.10188 0.04856 0.05458 0.0358 0.08 0.037880000000000004 0.015300000000000001 0.0216 0.11972 0.01028 0.07948000000000001 0.05274 0.04696
0.11334000000000001 0.11546 0.12936 0.10540000000000001 0.050320000000000004 0.05586 0.038020000000000005 0.08222 0.03914 0.01912 0.02088 0.1172 0.01234 0.08974 0.05712 0.04308
0.11882 0.12484 0.14234 0.1165 0.054799999999999995 0.0591 0.04414 0.07937999999999999 0.04208 0.01882 0.0206 0.12346 0.01656 0.11073999999999999 0.05988 0.04728
0.12828 0.13582 0.13468 0.11654 0.06526 0.06296 0.050320000000000004 0.06942 0.04468 0.0077 0.07668000000000001 0.1379 0.03118 0.07490000000000001 0.06774 0.06554
0.1424 0.14028 0.13696 0.11846 0.08224 0.07004 0.05484000000000001 0.06702 0.04904 0.00828 0.05756 0.14342 0.0185 0.0857 0.056299999999999996 0.08245999999999999
0.14386000000000002 0.1369 0.14166 0.11921999999999999 0.08070000000000001 0.07440000000000001 0.04802 0.0654 0.05772 0.0091 0.04976 0.1484 0.032799999999999996 0.0867 0.04778 0.09568
0.16004 0.13544 0.13936 0.12744 0.08748 0.07973999999999999 0.04426 0.06972 0.07307999999999999 0.011460000000000001 0.04162 0.1589 0.04132 0.08031999999999999 0.05532 0.10068
0.15353999999999998 0.13506 0.15344 0.1271 0.08721999999999999 0.09504 0.0421 0.07496 0.08762 0.01526 0.02628 0.15194 0.0432 0.09762 0.05128 0.09642
0.15866 0.1365 0.16076 0.12716 0.08836 0.11087999999999999 0.0399 0.0788 0.1038 0.01436 0.02436 0.14672 0.036719999999999996 0.10314 0.04478 0.08884
0.15622 0.13872 0.16624 0.12752 0.08448 0.10865999999999999 0.04184 0.07135999999999999 0.10044 0.0177 0.02794 0.15684 0.02572 0.11242 0.04374 0.08756
0.14772 0.141 0.18244 0.12868000000000002 0.07718000000000001 0.10542 0.046079999999999996 0.07842 0.09484000000000001 0.01914 0.03498 0.16166 0.024460000000000003 0.12882 0.04126 0.08622
0.1559 0.1455 0.17582 0.13868 0.08108 0.11294 0.04888 0.0762 0.0979 0.03792 0.0334 0.16412000000000002 0.026760000000000003 0.13532 0.05156 0.08644
0.1608 0.14887999999999998 0.18356 0.15424000000000002 0.0857 0.14216 0.052539999999999996 0.07406 0.11804 0.05068 0.032119999999999996 0.17076 0.03146 0.14438 0.07257999999999999 0.09056
0.16162 0.14937999999999999 0.18294 0.15338 0.08712 0.14058 0.05418 0.07572 0.11704 0.04562 0.032420000000000004 0.17098 0.0346 0.14852 0.06966 0.0932
0.16578 0.15966 0.18122 0.14880000000000002 0.08992 0.14046 0.05836 0.07642 0.11662 0.04442 0.03182 0.17556 0.03768 0.15988 0.06508 0.09756000000000001
0.16762 0.1707 0.16838 0.15102000000000002 0.09426000000000001 0.13928000000000001 0.06132 0.07812000000000001 0.11572 0.013179999999999999 0.08270000000000001 0.17404 0.039200000000000006 0.11976 0.06384000000000001 0.10008
0.17134 0.17032 0.16566 0.15812 0.10406 0.13696 0.0721 0.07814 0.11252 0.01286 0.09968 0.17356 0.04168 0.12568000000000001 0.062240000000000004 0.10512
0.17182 0.18272 0.16291999999999998 0.15906 0.1042 0.14012 0.07171999999999999 0.08042 0.11258 0.02978 0.08838 0.17634 0.0765 0.08721999999999999 0.02462 0.08996
0.17572 0.19244 0.16762 0.15891999999999998 0.10406 0.14538 0.0728 0.08364 0.11338 0.01116 0.10814 0.18087999999999999 0.03614 0.13384000000000001 0.06292 0.11292
0.17809999999999998 0.18225999999999998 0.17974 0.12642 0.10642 0.11742 0.10942 0.1191 0.11548 0.04672 0.10268000000000001 0.18997999999999998 0.07218000000000001 0.1412 0.06618 0.11596
0.18236000000000002 0.18952000000000002 0.18146 0.1274 0.10812000000000001 0.12472 0.1152 0.12834 0.11818000000000001 0.053219999999999996 0.11087999999999999 0.20654 0.08031999999999999 0.13806000000000002 0.07002 0.12242
0.18602000000000002 0.19291999999999998 0.17834 0.12806 0.11764 0.1159 0.11404 0.15991999999999998 0.11273999999999999 0.05154 0.11181999999999999 0.16976 0.11052 0.13732 0.07590000000000001 0.11964
0.19598 0.18897999999999998 0.18396 0.12708 0.13466 0.102 0.10944 0.1565 0.10318000000000001 0.04704 0.1047 0.16866 0.10712 0.14844 0.0872 0.11631999999999999
0.19306 0.18392 0.19438 0.17026 0.13119999999999998 0.1355 0.07216 0.09562000000000001 0.09776 0.01036 0.10312 0.19656 0.046439999999999995 0.14992 0.0808 0.12164
0.19786 0.18758000000000002 0.19448 0.1815 0.13290000000000002 0.13391999999999998 0.07208 0.09926 0.08582 0.01002 0.1166 0.2002 0.05038 0.13422 0.07284 0.12946000000000002
0.19762000000000002 0.18447999999999998 0.19746 0.18264 0.13032 0.13304 0.07334 0.10242 0.08474 0.011699999999999999 0.10966 0.19926 0.05104 0.14014 0.06918 0.13218000000000002
0.19702 0.18481999999999998 0.1876 0.187 0.1198 0.13372 0.07271999999999999 0.10278 0.08548 0.0141 0.10572 0.19963999999999998 0.04784 0.13922 0.0649 0.13441999999999998
0.19522 0.18094 0.1965 0.1885 0.12558 0.14328 0.08118 0.10104 0.09422 0.0148 0.10226 0.19966 0.04864 0.15196 0.0709 0.13468
0.19682 0.18606 0.19913999999999998 0.1899 0.1417 0.16013999999999998 0.09704 0.10208 0.10504000000000001 0.016399999999999998 0.11320000000000001 0.19754 0.05066 0.1615 0.08292000000000001 0.1377
0.20168 0.19116 0.19938 0.19434 0.14652 0.16944 0.10402 0.10006 0.11148000000000001 0.01718 0.12222 0.19974 0.047439999999999996 0.16496 0.0857 0.1384
0.20718 0.19234 0.2095 0.20102 0.15381999999999998 0.18686000000000003 0.11442000000000001 0.10446 0.1243 0.01812 0.13326 0.1992 0.05 0.17832 0.0907 0.14162
0.21002 0.19858 0.21306 0.20132 0.15630000000000002 0.1926 0.11372 0.10235999999999999 0.12984 0.020300000000000002 0.13896 0.21596 0.04428 0.17912 0.09214 0.142
0.21764 0.20965999999999999 0.21703999999999998 0.20521999999999999 0.15934 0.20182 0.11294 0.10873999999999999 0.14 0.02384 0.14618 0.2291 0.04328 0.18056 0.09298000000000001 0.14048
0.22 0.2057 0.22290000000000001 0.20959999999999998 0.16056 0.2058 0.11072 0.11462 0.1428 0.02674 0.14168 0.22818 0.05092 0.18674000000000002 0.09354000000000001 0.1452
0.2233 0.20672 0.22180000000000002 0.21946000000000002 0.15928 0.21306 0.10712 0.11938 0.1472 0.030539999999999998 0.14454 0.23 0.05682 0.18908000000000003 0.09176000000000001 0.15081999999999998
0.22146000000000002 0.20438 0.22554 0.2147 0.15530000000000002 0.20882 0.10598 0.12286 0.14856 0.02924 0.139 0.22318000000000002 0.06024 0.1835 0.08852 0.15312
0.22362 0.20538 0.2281 0.21494 0.15106 0.20398 0.10064000000000001 0.11712 0.1487 0.05674 0.1023 0.22196000000000002 0.055659999999999994 0.17066 0.08084000000000001 0.12492
0.2256 0.20743999999999999 0.22034 0.16424 0.15566 0.15702000000000002 0.20354 0.18175999999999998 0.20242 0.10658 0.11231999999999999 0.21015999999999999 0.12294 0.21818 0.08252 0.18446
0.22046000000000002 0.20244 0.22913999999999998 0.16008 0.14134 0.14442 0.1965 0.19066 0.20152 0.11084000000000001 0.10954000000000001 0.2065 0.13244 0.2263 0.08684 0.18512
0.22319999999999998 0.20732 0.22640000000000002 0.21780000000000002 0.13984 0.19204 0.09006 0.11838 0.14796 0.09146 0.08098000000000001 0.22058000000000003 0.06092 0.22644 0.09128 0.14612
0.22322 0.2139 0.23536 0.21652000000000002 0.1515 0.19498 0.09642 0.11328 0.15872 0.09182 0.08698 0.21853999999999998 0.06372 0.23858000000000001 0.10246 0.1403
0.22484 0.21625999999999998 0.22469999999999998 0.21919999999999998 0.14684 0.19963999999999998 0.08732 0.11273999999999999 0.15281999999999998 0.10102 0.09738 0.22284 0.07171999999999999 0.22813999999999998 0.10626000000000001 0.14724
0.2175 0.21546 0.22022 0.21342 0.12704000000000001 0.20084 0.07356 0.11478000000000001 0.15086000000000002 0.10224 0.09428 0.22668000000000002 0.07204 0.23048 0.11331999999999999 0.15619999999999998
0.22608 0.21566 0.22244 0.21478 0.13822 0.20342 0.08206000000000001 0.11828 0.15092 0.10294 0.1198 0.22291999999999998 0.09714 0.21398 0.11188 0.16232
0.23226 0.21384 0.23594 0.21552000000000002 0.15078 0.2075 0.09328 0.12040000000000001 0.15594 0.09876 0.12938 0.22172 0.1057 0.22196000000000002 0.10818000000000001 0.1699
0.22602 0.24024 0.21375999999999998 0.15606 0.21216 0.21502000000000002 0.20904 0.22569999999999998 0.22075999999999998 0.15018 0.19066 0.17665999999999998 0.14378 0.19066 0.2086 0.10708
0.22941999999999999 0.22972 0.22898 0.20906 0.16432 0.21847999999999998 0.10188 0.12062 0.1703 0.13902 0.10576 0.23332 0.08862 0.22584 0.12057999999999999 0.15441999999999997
0.22854 0.22576 0.23148 0.21322 0.16474 0.22168000000000002 0.10708 0.11964 0.16376 0.1156 0.12878 0.23946 0.08062000000000001 0.2368 0.12622 0.17532
0.22412 0.2341 0.22786 0.22252000000000002 0.1694 0.23022 0.12264 0.12148 0.15836 0.12112 0.1431 0.24124 0.08316 0.2392 0.13848 0.16686
0.23028 0.2475 0.21192 0.22062 0.17980000000000002 0.23028 0.12154000000000001 0.12362000000000001 0.16028 0.03756 0.20104 0.23732 0.0608 0.1655 0.13184 0.17234
0.23852 0.24002 0.21331999999999998 0.21672 0.19412000000000001 0.22998 0.11666 0.11708 0.16369999999999998 0.040799999999999996 0.17872 0.24208000000000002 0.055479999999999995 0.15930000000000002 0.13458 0.17078
0.2318 0.21978 0.24264 0.22032 0.18722 0.22534 0.1182 0.12265999999999999 0.1565 0.09944 0.10978 0.24272 0.06378 0.2391 0.14266 0.15846000000000002
0.2332 0.23028 0.24303999999999998 0.2206 0.18753999999999998 0.21616 0.12308 0.12536 0.13772 0.1065 0.12276000000000001 0.24409999999999998 0.09358 0.24037999999999998 0.12242 0.17122
0.23252 0.23636000000000001 0.22908 0.21825999999999998 0.17774 0.21403999999999998 0.12042 0.12528 0.13524 0.0352 0.17036 0.24484 0.11331999999999999 0.1275 0.0782 0.15880000000000002
0.22686 0.23806 0.22576 0.21456 0.16104 0.21228 0.118 0.12890000000000001 0.13513999999999998 0.03184 0.16252 0.24664 0.11764 0.12538 0.07987999999999999 0.16047999999999998
0.23504 0.23054 0.23082 0.2185 0.17593999999999999 0.21309999999999998 0.12754000000000001 0.1369 0.13612 0.03456 0.16484000000000001 0.23888 0.11476 0.12656 0.0887 0.162
0.24756 0.2309 0.23 0.22862000000000002 0.19766 0.21237999999999999 0.14238 0.13596 0.137 0.038060000000000004 0.1762 0.23676 0.10815999999999999 0.12436 0.09190000000000001 0.17388
0.23812 0.22274000000000002 0.2374 0.22552 0.1869 0.20628 0.13754 0.13126 0.13836 0.12314 0.07396 0.24014 0.12102 0.1955 0.0676 0.16038
0.23004 0.21525999999999998 0.23758 0.22196000000000002 0.17542 0.19818 0.13156 0.13028 0.13316 0.11126000000000001 0.06872 0.2392 0.1154 0.19563999999999998 0.06288 0.15497999999999998
0.22926 0.21614 0.2355 0.2233 0.18181999999999998 0.20676 0.1386 0.13226 0.13924 0.10002 0.11142 0.2359 0.08632 0.23628 0.11886 0.1746
0.22886 0.21841999999999998 0.2379 0.22030000000000002 0.18846000000000002 0.21902000000000002 0.14837999999999998 0.13082 0.14834 0.11 0.12706 0.23346 0.08214 0.24438 0.14382 0.15968000000000002
0.23106000000000002 0.22632 0.22197999999999998 0.21968000000000001 0.19113999999999998 0.22497999999999999 0.15428 0.13238 0.15318 0.11646 0.1549 0.23344 0.10806 0.218 0.14953999999999998 0.16784000000000002
0.22752 0.22547999999999999 0.21631999999999998 0.21768 0.18932 0.23204 0.16088 0.13572 0.16208 0.10792 0.16452 0.23122 0.11212000000000001 0.20992 0.15646000000000002 0.18228
0.2245 0.21564 0.23278000000000001 0.21156 0.17972 0.22044 0.16241999999999998 0.14218 0.15832 0.09616 0.16041999999999998 0.23308 0.10076 0.22222 0.15624000000000002 0.18644
0.2171 0.21509999999999999 0.2338 0.21624000000000002 0.1693 0.21298 0.15328 0.13402 0.15042 0.09756000000000001 0.17334 0.239 0.09978000000000001 0.22030000000000002 0.15406 0.19718
0.22188 0.213 0.23478 0.2179 0.16684000000000002 0.20976 0.1396 0.13918 0.14284 0.10084 0.16896 0.23532 0.12092 0.21453999999999998 0.13374 0.20366
0.22372 0.2371 0.21630000000000002 0.23086 0.15512 0.21464 0.17574 0.22106 0.20606 0.07864 0.21863999999999997 0.14572 0.1291 0.09974 0.21346 0.0494
0.22866 0.23152 0.22556 0.21853999999999998 0.16318000000000002 0.2109 0.12418000000000001 0.14558000000000001 0.14484 0.1235 0.1621 0.23674 0.09494 0.21788 0.14624 0.16916
0.2305 0.22713999999999998 0.22932 0.21958000000000003 0.17522 0.23382 0.12738 0.1385 0.16374 0.12444 0.17306 0.23732 0.09514 0.22388 0.15324000000000002 0.17042
0.2296 0.19836 0.26038 0.21580000000000002 0.18408000000000002 0.22622 0.1349 0.14236000000000001 0.15990000000000001 0.07118000000000001 0.16024000000000002 0.24004 0.05028 0.24228 0.15419999999999998 0.17114
0.23106000000000002 0.23868 0.22404 0.21658000000000002 0.20018 0.22112 0.14392 0.14368 0.15684 0.13536 0.1835 0.24181999999999998 0.08512 0.22722 0.15766 0.16998
0.23124 0.24072 0.22308 0.22016 0.20436 0.22796 0.14408 0.14208 0.15934 0.13734 0.1874 0.24072 0.08195999999999999 0.2245 0.16119999999999998 0.17486000000000002
0.229 0.23932 0.21922 0.21868 0.2086 0.23742 0.14684 0.1452 0.16498 0.13566 0.18738 0.24266 0.0688 0.22147999999999998 0.1692 0.18286000000000002
0.13786 0.14248 0.14392 0.09754 0.12808 0.11031999999999999 0.13369999999999999 0.12434 0.10973999999999999 0.08724 0.1357 0.14934 0.12298 0.06286 0.05374 0.1097
0.0 0.0 0.0 0.0 0.0 0.0 0.0 0.0 0.0 0.0 0.0 0.0 0.0 0.0 0.0 0.0
0.0 0.0 0.0 0.0 0.0 0.0 0.0 0.0 0.0 0.0 0.0 0.0 0.0 0.0 0.0 0.0
0.0 0.0 0.0 0.0 0.0 0.0 0.0 0.0 0.0 0.0 0.0 0.0 0.0 0.0 0.0 0.0
0.0 0.0 0.0 0.0 0.0 0.0 0.0 0.0 0.0 0.0 0.0 0.0 0.0 0.0 0.0 0.0
0.0 0.0 0.0 0.0 0.0 0.0 0.0 0.0 0.0 0.0 0.0 0.0 0.0 0.0 0.0 0.0
0.0 0.0 0.0 0.0 0.0 0.0 0.0 0.0 0.0 0.0 0.0 0.0 0.0 0.0 0.0 0.0
0.0 0.0 0.0 0.0 0.0 0.0 0.0 0.0 0.0 0.0 0.0 0.0 0.0 0.0 0.0 0.0
0.0 0.0 0.0 0.0 0.0 0.0 0.0 0.0 0.0 0.0 0.0 0.0 0.0 0.0 0.0 0.0
0.0 0.0 0.0 0.0 0.0 0.0 0.0 0.0 0.0 0.0 0.0 0.0 0.0 0.0 0.0 0.0
0.0 0.0 0.0 0.0 0.0 0.0 0.0 0.0 0.0 0.0 0.0 0.0 0.0 0.0 0.0 0.0
0.0 0.0 0.0 0.0 0.0 0.0 0.0 0.0 0.0 0.0 0.0 0.0 0.0 0.0 0.0 0.0
0.0 0.0 0.0 0.0 0.0 0.0 0.0 0.0 0.0 0.0 0.0 0.0 0.0 0.0 0.0 0.0
0.0 0.0 0.0 0.0 0.0 0.0 0.0 0.0 0.0 0.0 0.0 0.0 0.0 0.0 0.0 0.0
0.0 0.0 0.0 0.0 0.0 0.0 0.0 0.0 0.0 0.0 0.0 0.0 0.0 0.0 0.0 0.0
