2e-05
0.0
0.0
0.0
0.0
0.04492
0.30845999999999996
0.25845999999999997
0.22713999999999998
0.2258
0.21314
0.21408000000000002
0.21952000000000002
0.223
0.22206
0.20726
0.21187999999999999
0.20934
0.21424
0.21803999999999998
0.21858000000000002
0.21528
0.215
0.22013999999999997
0.2281
0.21938
0.2209
0.21181999999999998
0.20876
0.21176
0.20294
0.20466
0.19832
0.20268
0.20542
0.20186
0.19763999999999998
0.19763999999999998
0.20304
0.19834000000000002
0.194
0.19294
0.19088
0.19206
0.1943
0.19056
0.18913999999999997
0.18724000000000002
0.18419999999999997
0.18624000000000002
0.19041999999999998
0.18124
0.1817
0.17858000000000002
0.18231999999999998
0.18412
0.18352000000000002
0.18076
0.17958000000000002
0.17902
0.17596
0.17504
0.17756
0.17694
0.17708000000000002
0.17856
0.18302000000000002
0.17472
0.17744
0.17134
0.17004
0.17032
0.16904
0.16341999999999998
0.16574
0.15569999999999998
0.15168
0.1525
0.15048
0.1489
0.15296
0.15106
0.15059999999999998
0.15531999999999999
0.18031999999999998
0.15246
0.15284
0.15052000000000001
0.14654
0.13752
0.14332
0.1326
0.13018000000000002
0.12236
0.12596
0.11876
0.11706
0.11586
0.1153
0.11188
0.11331999999999999
0.1129
0.11334000000000001
0.11320000000000001
0.11598
0.10928
0.10768000000000001
0.10407999999999999
0.102
0.10252
0.09876
0.10502
0.10942
0.10357999999999999
0.10022
0.09898
0.0937
0.09881999999999999
0.09623999999999999
0.09404000000000001
0.09548000000000001
0.09802
0.09573999999999999
0.09876
0.09626
0.09268000000000001
0.09712
0.09018000000000001
0.09537999999999999
0.08962
0.09151999999999999
0.09056
0.09326000000000001
0.08976
0.08514000000000001
0.0895
0.09714
0.0882
0.08622
0.0803
0.079
0.08038
0.082
0.07804000000000001
0.07156
0.07642
0.07362
0.0782
0.07596
0.07414
0.07831999999999999
0.07565999999999999
0.08979999999999999
0.08342000000000001
0.07837999999999999
0.07408
0.08062000000000001
0.08006
0.07868
0.0805
0.08394
0.07856
0.09196
0.08568
0.08836
0.07798000000000001
0.07922
0.08068
0.07958
0.08284
0.0861
0.08295999999999999
0.08754
0.08259999999999999
0.0833
0.0823
0.0813
0.08252
0.08064
0.08278
0.0928
0.0891
0.09678
0.09187999999999999
0.099
0.09558
0.1032
0.08628
0.08446
0.08702
0.08345999999999999
0.08838
0.09964
0.09366
0.09176000000000001
0.08932
0.09881999999999999
0.09186
0.09431999999999999
0.09112
0.09716
0.09976
0.09686
0.09759999999999999
0.09208
0.09196
0.11642
0.10931999999999999
0.11952
0.12143999999999999
0.11694
0.11862
0.131
0.1245
0.12423999999999999
0.11806
0.11372
0.1165
0.12004000000000001
0.11748
0.12722
0.12936
0.14234
0.1379
0.14342
0.1484
0.16004
0.15353999999999998
0.16076
0.16624
0.18244
0.17582
0.18356
0.18294
0.18122
0.17404
0.17356
0.18272
0.19244
0.18997999999999998
0.20654
0.19291999999999998
0.19598
0.19656
0.2002
0.19926
0.19963999999999998
0.19966
0.19913999999999998
0.20168
0.2095
0.21596
0.2291
0.22818
0.23
0.22554
0.2281
0.2256
0.22913999999999998
0.22644
0.23858000000000001
0.22813999999999998
0.23048
0.22608
0.23594
0.24024
0.23332
0.23946
0.24124
0.2475
0.24208000000000002
0.24272
0.24409999999999998
0.24484
0.24664
0.23888
0.24756
0.24014
0.2392
0.23628
0.24438
0.23344
0.23204
0.23308
0.239
0.23532
0.2371
0.23674
0.23732
0.26038
0.24181999999999998
0.24072
0.24266
0.14934
0.0
0.0
0.0
0.0
0.0
0.0
0.0
0.0
0.0
0.0
0.0
0.0
0.0
0.0
