2e-05 2e-05 2e-05 2e-05 2e-05 2e-05 2e-05 2e-05 2e-05 2e-05 2e-05 2e-05 2e-05 2e-05 2e-05 2e-05
0.0 0.0 0.0 0.0 0.0 0.0 0.0 0.0 0.0 0.0 0.0 0.0 0.0 0.0 0.0 0.0
0.0 0.0 0.0 0.0 0.0 0.0 0.0 0.0 0.0 0.0 0.0 0.0 0.0 0.0 0.0 0.0
0.0 0.0 0.0 0.0 0.0 0.0 0.0 0.0 0.0 0.0 0.0 0.0 0.0 0.0 0.0 0.0
0.0 0.0 0.0 0.0 0.0 0.0 0.0 0.0 0.0 0.0 0.0 0.0 0.0 0.0 0.0 0.0
0.012320000000000001 0.01734 0.01992 0.00916 0.016120000000000002 0.0033399999999999997 0.0178 0.00866 0.0025800000000000003 0.012240000000000001 0.036340000000000004 0.007940000000000001 0.006860000000000001 0.022 0.00532 0.0089
0.17356 0.21725999999999998 0.14242 0.18641999999999997 0.1625 0.17794 0.14398 0.14094 0.12598 0.1534 0.2181 0.1564 0.09234 0.22534 0.19584000000000001 0.11238
0.21364 0.2388 0.17865999999999999 0.23384 0.1764 0.22132 0.1497 0.20554 0.16036 0.1448 0.21869999999999998 0.16356 0.1088 0.24697999999999998 0.25948000000000004 0.10456
0.21830000000000002 0.24342 0.1762 0.21919999999999998 0.18203999999999998 0.22232 0.14586000000000002 0.21916 0.17062 0.14226 0.22362 0.1661 0.09892000000000001 0.2381 0.25851999999999997 0.09974
0.21606 0.2397 0.17686000000000002 0.21936000000000003 0.17794 0.22134 0.14206 0.21542 0.16872 0.1388 0.22082 0.16512000000000002 0.09866 0.23893999999999999 0.25556 0.09831999999999999
0.21619999999999998 0.23678 0.17396 0.21991999999999998 0.16402 0.21546 0.12732 0.20148 0.16208 0.11942 0.21847999999999998 0.15508000000000002 0.09208 0.23272 0.24803999999999998 0.09015999999999999
0.21869999999999998 0.24 0.17462 0.21925999999999998 0.16808 0.21258000000000002 0.12808 0.1978 0.16128 0.12029999999999999 0.22186 0.15534 0.09304000000000001 0.23104 0.24496 0.09036
0.22108 0.24072 0.177 0.21697999999999998 0.17906 0.19512000000000002 0.13119999999999998 0.19904 0.15353999999999998 0.11934 0.2284 0.15194 0.0952 0.2159 0.22938 0.09373999999999999
0.22075999999999998 0.24044 0.17398 0.21603999999999998 0.17724 0.19374 0.13090000000000002 0.19478 0.15188 0.12151999999999999 0.22836 0.15306 0.09328 0.21506 0.2288 0.09214
0.2085 0.23072 0.16516 0.20987999999999998 0.16942 0.18602000000000002 0.1331 0.19434 0.14896 0.11984 0.218 0.1515 0.0884 0.20402 0.2306 0.08270000000000001
0.2085 0.22952 0.1676 0.20914 0.16938 0.1845 0.13288 0.19569999999999999 0.14887999999999998 0.11774 0.21653999999999998 0.14984 0.08898 0.2082 0.2337 0.08254
0.20902 0.22663999999999998 0.17212 0.20593999999999998 0.17308 0.17748 0.1352 0.18853999999999999 0.14642 0.11506 0.21342 0.14608000000000002 0.09409999999999999 0.2285 0.23796 0.08484
0.2099 0.2273 0.17218 0.20584 0.16808 0.1776 0.12825999999999999 0.18681999999999999 0.14762 0.1159 0.20898 0.14702 0.09401999999999999 0.22738 0.23718 0.08664
0.21647999999999998 0.22656 0.1776 0.1989 0.15153999999999998 0.18034 0.10344 0.19340000000000002 0.15296 0.11566 0.19191999999999998 0.14964 0.09654 0.22013999999999997 0.24228 0.08982
0.21722 0.22686 0.17986000000000002 0.19906000000000001 0.15238 0.18036000000000002 0.104 0.19182 0.15372 0.11564 0.1915 0.1482 0.09642 0.21958000000000003 0.2434 0.0901
0.22075999999999998 0.22602 0.18769999999999998 0.19812000000000002 0.15858 0.18364 0.1076 0.18644 0.15588 0.11366 0.1896 0.14508000000000001 0.09101999999999999 0.21046 0.24858000000000002 0.08862
0.22016 0.22258 0.18762 0.19691999999999998 0.15753999999999999 0.18634 0.10751999999999999 0.18738 0.15618 0.11631999999999999 0.18616 0.1447 0.09092 0.21108000000000002 0.24906 0.0873
0.22291999999999998 0.21988 0.18516 0.19944 0.15491999999999997 0.19932 0.10452 0.18994 0.15962 0.12732 0.17874 0.144 0.08646 0.20722 0.25072 0.07818000000000001
0.22038 0.21875999999999998 0.18468 0.19934000000000002 0.15444 0.19704 0.10328 0.19169999999999998 0.15847999999999998 0.12528 0.1776 0.14414 0.08786 0.20596 0.24919999999999998 0.07778
0.2223 0.22252000000000002 0.184 0.20338 0.15912 0.1874 0.09942000000000001 0.1945 0.14958000000000002 0.12440000000000001 0.18312 0.149 0.09284 0.20246 0.2378 0.07726000000000001
0.2223 0.22124000000000002 0.17996 0.20224 0.15869999999999998 0.18681999999999999 0.09898 0.19474 0.14881999999999998 0.12359999999999999 0.18146 0.14909999999999998 0.09026 0.20316 0.23814 0.07665999999999999
0.21764 0.22244 0.16996 0.19872 0.14854 0.18875999999999998 0.09418000000000001 0.18862 0.14996 0.12963999999999998 0.17294 0.15524000000000002 0.08828 0.20132 0.23984 0.0729
0.21744 0.22419999999999998 0.17352 0.19588 0.14848 0.1854 0.09568 0.18986 0.14822 0.12426000000000001 0.17634 0.1524 0.08856 0.199 0.2396 0.0737
0.20248 0.22774 0.17126 0.18780000000000002 0.14426 0.16952 0.09906000000000001 0.1899 0.13734 0.11454 0.18059999999999998 0.14814 0.0858 0.19030000000000002 0.23612 0.07334
0.20062 0.22436 0.16946 0.18791999999999998 0.14264 0.16804 0.09866 0.18712 0.13622 0.11612 0.1776 0.14715999999999999 0.08472 0.1916 0.23226 0.07379999999999999
0.19524 0.21991999999999998 0.1713 0.18538 0.13718 0.1535 0.09666 0.1846 0.1245 0.1187 0.17344 0.14465999999999998 0.08364 0.19296000000000002 0.21569999999999998 0.07292
0.19508 0.22 0.17204 0.18752000000000002 0.13754 0.15638 0.09704 0.18572 0.12734 0.11944 0.1749 0.14432 0.08578 0.19184 0.21556 0.07343999999999999
0.19584000000000001 0.21528 0.16234 0.18497999999999998 0.14254 0.16116 0.10064000000000001 0.18078 0.1323 0.12976 0.17178 0.1405 0.08566 0.19136 0.20793999999999999 0.07532
0.19763999999999998 0.21362 0.16628 0.18292 0.14092 0.15641999999999998 0.1012 0.18031999999999998 0.12947999999999998 0.12812 0.16878 0.139 0.0869 0.19013999999999998 0.20314 0.07304000000000001
0.19122 0.21398 0.17032 0.17586000000000002 0.13326 0.14402 0.09804 0.17728 0.11564 0.13028 0.16032 0.14052 0.08295999999999999 0.18986 0.1911 0.06846
0.18946000000000002 0.21459999999999999 0.16778 0.17624 0.13482 0.14298 0.09838 0.17822 0.11572 0.13058 0.16056 0.14114 0.0815 0.19032 0.19324000000000002 0.06824
0.192 0.21180000000000002 0.16462000000000002 0.17168 0.12984 0.14118 0.0927 0.18030000000000002 0.11678 0.1267 0.16141999999999998 0.13722 0.0834 0.19763999999999998 0.2044 0.07238
0.19082 0.21412 0.16476 0.17116 0.12836 0.14158 0.0933 0.18002 0.11744 0.12844 0.16354 0.13538 0.08284 0.1982 0.20602 0.07098
0.18686000000000003 0.22196000000000002 0.15978 0.16754 0.12556 0.14256 0.08864 0.18208000000000002 0.11856 0.13188 0.17488 0.13708 0.08016 0.19540000000000002 0.21028 0.06904
0.18674000000000002 0.2206 0.1598 0.16608 0.12546 0.14186 0.0885 0.17972 0.11898 0.13416 0.17328 0.14072 0.08028 0.19444 0.20836000000000002 0.07206
0.18397999999999998 0.21206 0.15946000000000002 0.16648 0.12318000000000001 0.14909999999999998 0.08638 0.17182 0.12432 0.13204 0.16290000000000002 0.14012 0.08386 0.19296000000000002 0.20432 0.07226
0.18503999999999998 0.21264 0.15753999999999999 0.16646 0.12136 0.14634 0.08338 0.17198 0.12336 0.12634 0.16296000000000002 0.13541999999999998 0.0844 0.18494 0.19791999999999998 0.07064
0.19075999999999999 0.21156 0.15196 0.15925999999999998 0.12492 0.14224 0.07690000000000001 0.16802 0.12186 0.1071 0.16372 0.13218000000000002 0.08134000000000001 0.16106 0.18214 0.06924
0.19066 0.20952 0.15053999999999998 0.15912 0.12492 0.13942 0.0752 0.16554 0.11756 0.11042 0.15996000000000002 0.13702 0.08059999999999999 0.15802000000000002 0.17842 0.06794
0.18925999999999998 0.21109999999999998 0.14964 0.15794 0.11858 0.13213999999999998 0.07092 0.16594 0.10734 0.10546 0.15597999999999998 0.13390000000000002 0.08245999999999999 0.1445 0.17338 0.06692000000000001
0.18991999999999998 0.21359999999999998 0.14644 0.15653999999999998 0.11871999999999999 0.13488 0.07122 0.158 0.10916 0.10912000000000001 0.15741999999999998 0.13566 0.08128 0.14448 0.17314 0.06784
0.18662 0.21608000000000002 0.14532 0.14468 0.11336 0.13702 0.07056 0.14404 0.11418 0.10682 0.15947999999999998 0.12546 0.08236 0.14042 0.17286 0.0673
0.18518 0.21834 0.14412 0.14478 0.1146 0.13866 0.07032 0.14288 0.11554 0.10654000000000001 0.16058 0.12634 0.08156000000000001 0.13962 0.17358 0.0686
0.18275999999999998 0.21825999999999998 0.13636 0.14326 0.11231999999999999 0.13804 0.06695999999999999 0.14368 0.11844 0.10006 0.16386 0.12408 0.08068 0.14042 0.17752 0.07212
0.18122 0.21584 0.13713999999999998 0.14256 0.11220000000000001 0.13754 0.06728 0.14046 0.11752 0.10078 0.16174000000000002 0.1269 0.08198 0.14186 0.17782 0.07092
0.17832 0.21186000000000002 0.14146 0.1328 0.11072 0.12963999999999998 0.06922 0.13298 0.1148 0.10282 0.15919999999999998 0.12582 0.083 0.14780000000000001 0.17442 0.07062
0.17726 0.21253999999999998 0.14216 0.13290000000000002 0.11008 0.13163999999999998 0.06856 0.13226 0.1158 0.1005 0.15924000000000002 0.12373999999999999 0.08302 0.14672 0.17316 0.06944
0.17734 0.21118 0.13782 0.13352 0.11259999999999999 0.13622 0.06918 0.13082 0.11206 0.09614 0.15990000000000001 0.12088 0.07708 0.13966 0.16624 0.061200000000000004
0.17792 0.21008000000000002 0.13826 0.13208 0.11318 0.13290000000000002 0.06916 0.13047999999999998 0.1097 0.09416 0.15869999999999998 0.11946 0.07964 0.13758 0.16662000000000002 0.06282
0.17606 0.21544 0.1365 0.1251 0.11037999999999999 0.12156 0.06588 0.12246 0.10098 0.08662 0.15675999999999998 0.1161 0.07981999999999999 0.12524 0.15625999999999998 0.06178
0.1746 0.21544 0.13498 0.1277 0.11090000000000001 0.12182 0.06538 0.12129999999999999 0.1005 0.0851 0.15506 0.1172 0.07912000000000001 0.12212 0.15578 0.06166
0.18087999999999999 0.21058000000000002 0.13154 0.13252 0.11256000000000001 0.12326000000000001 0.06298 0.124 0.10092 0.07976000000000001 0.1522 0.11924 0.07756 0.11606 0.15524000000000002 0.05578
0.17854 0.21068 0.12916 0.13136 0.10954000000000001 0.12215999999999999 0.06142 0.12401999999999999 0.09902 0.07923999999999999 0.14992 0.11774 0.07715999999999999 0.1191 0.15506 0.055060000000000005
0.18364 0.20518 0.12748 0.1271 0.11004000000000001 0.1146 0.05912 0.11912 0.09068000000000001 0.07214 0.14322 0.11378 0.07582 0.12156 0.14980000000000002 0.05174
0.18302000000000002 0.20266 0.12628 0.1276 0.10779999999999999 0.1128 0.05866 0.11608 0.08940000000000001 0.07324 0.14224 0.11366 0.07378 0.12172 0.14632 0.05144
0.17996 0.18736000000000003 0.12362000000000001 0.12738 0.09423999999999999 0.11008 0.05168 0.11292 0.08584 0.06956 0.13502 0.11424 0.06559999999999999 0.11718 0.13904 0.04886
0.18022 0.18838 0.12408 0.12608 0.0928 0.11040000000000001 0.05182 0.11344 0.0854 0.06808 0.13754 0.11162000000000001 0.06534000000000001 0.11418 0.13904 0.05242
0.1829 0.18834 0.13218000000000002 0.12518 0.08918000000000001 0.10692 0.0526 0.11090000000000001 0.08112 0.0701 0.14758000000000002 0.10914 0.07032 0.10416 0.13846 0.06598000000000001
0.18469999999999998 0.18869999999999998 0.13069999999999998 0.12372 0.08998 0.10914 0.05198 0.11378 0.08262 0.07092 0.14614 0.10865999999999999 0.06984 0.10371999999999999 0.14168 0.06302
0.18508000000000002 0.1946 0.12932 0.12056 0.09356 0.1071 0.050140000000000004 0.12264 0.08 0.06831999999999999 0.145 0.10656 0.06862 0.10122 0.14424 0.05636
0.18230000000000002 0.1965 0.12832 0.12018000000000001 0.09309999999999999 0.10715999999999999 0.05028 0.12408 0.08112 0.0683 0.14458000000000001 0.1077 0.06862 0.09978000000000001 0.14644 0.05986
0.17516 0.19118000000000002 0.1296 0.12088 0.08702 0.10916 0.05094 0.1293 0.08642 0.06922 0.14368 0.11304 0.06958 0.09344 0.15908 0.07012
0.17162 0.19138 0.12746 0.11974 0.08406 0.10836 0.0518 0.12969999999999998 0.08558 0.06792000000000001 0.14562 0.11084000000000001 0.06942 0.09223999999999999 0.15694 0.06962
0.162 0.20092 0.12372 0.11988 0.077 0.10890000000000001 0.055060000000000005 0.13146000000000002 0.08368 0.0687 0.15452000000000002 0.11173999999999999 0.06718 0.09232 0.15352000000000002 0.06794
0.16319999999999998 0.2003 0.1247 0.11952 0.07748000000000001 0.10812000000000001 0.0546 0.13097999999999999 0.08156000000000001 0.06798 0.15044 0.11162000000000001 0.0704 0.09134 0.15319999999999998 0.06758
0.16332 0.20066 0.12516 0.11638 0.07884000000000001 0.10516 0.052899999999999996 0.12686 0.0745 0.06834 0.13516 0.10966 0.07772 0.0891 0.15092 0.06412000000000001
0.1613 0.19848 0.1225 0.11426 0.07864 0.10598 0.05304 0.12572 0.07758 0.06758 0.13286 0.1114 0.07554000000000001 0.08998 0.1524 0.061399999999999996
0.15580000000000002 0.19628 0.11722 0.11248000000000001 0.07751999999999999 0.11216 0.05288 0.12279999999999999 0.08685999999999999 0.06406 0.12906 0.11362 0.07026 0.09040000000000001 0.15644 0.05194
0.15528 0.1938 0.11631999999999999 0.1141 0.07662000000000001 0.1134 0.05168 0.12323999999999999 0.0863 0.06168 0.12804 0.1156 0.06836 0.08854000000000001 0.15481999999999999 0.05074
0.1555 0.18334 0.10614 0.11706 0.07736 0.11806 0.05196 0.12678 0.08682 0.05924 0.12584 0.11636 0.05608 0.08468 0.15686000000000003 0.0431
0.15508000000000002 0.18052 0.10892 0.11634 0.07604000000000001 0.11678 0.052 0.12522 0.08468 0.05854 0.12172 0.1159 0.05798 0.0838 0.15568 0.0436
0.15234 0.17018 0.1119 0.11059999999999999 0.07456 0.11104 0.05124 0.12142 0.07844 0.0559 0.11112000000000001 0.10922 0.06032 0.08356 0.1512 0.04498
0.15175999999999998 0.17106 0.10895999999999999 0.10986 0.07628 0.10732 0.0514 0.12062 0.07512 0.05458 0.11166 0.10872 0.05942 0.07856 0.14778 0.04476
0.15352000000000002 0.16434 0.10507999999999999 0.1034 0.07873999999999999 0.09146 0.04942 0.11862 0.06452 0.05236 0.10679999999999999 0.10968000000000001 0.0621 0.06558 0.13398 0.045020000000000004
0.15346 0.16704 0.10462 0.1043 0.07751999999999999 0.08802 0.047920000000000004 0.11612 0.061939999999999995 0.053 0.10815999999999999 0.11098000000000001 0.06164 0.06659999999999999 0.12888 0.04542
0.15238 0.1702 0.10756 0.1071 0.07188 0.08231999999999999 0.04064 0.10268000000000001 0.056659999999999995 0.056240000000000005 0.10934 0.10758 0.062380000000000005 0.07094 0.10904000000000001 0.04304
0.15136000000000002 0.1724 0.10636 0.10887999999999999 0.06902 0.08162 0.03972 0.10392 0.056060000000000006 0.05784 0.11104 0.10576 0.061340000000000006 0.07188 0.10887999999999999 0.04226
0.14618 0.17708000000000002 0.10124 0.1075 0.060899999999999996 0.07795999999999999 0.038060000000000004 0.10692 0.054700000000000006 0.064 0.11834 0.10282 0.0584 0.08014 0.10656 0.042140000000000004
0.14504 0.17904 0.10792 0.10844 0.06142 0.07862000000000001 0.04034 0.10407999999999999 0.05608 0.06614 0.12004000000000001 0.10665999999999999 0.061380000000000004 0.08066 0.10638 0.04362
0.1408 0.18758000000000002 0.12704000000000001 0.10998000000000001 0.06312 0.07966 0.04732 0.09681999999999999 0.060039999999999996 0.06573999999999999 0.12752 0.10462 0.06612 0.07992 0.1056 0.03986
0.14056 0.18788 0.12328 0.11022 0.06086 0.07859999999999999 0.04582 0.09759999999999999 0.05876 0.06788 0.12498000000000001 0.10298 0.0655 0.08162 0.10404000000000001 0.0407
0.13918 0.18774000000000002 0.11037999999999999 0.10912000000000001 0.053939999999999995 0.07544 0.04208 0.09284 0.053340000000000005 0.06976 0.11896 0.09758 0.06428 0.08314 0.09516 0.04158
0.13876 0.18096 0.11064 0.11006 0.05372 0.07686 0.0417 0.0885 0.054020000000000006 0.06572 0.11184000000000001 0.09824 0.06268 0.07973999999999999 0.09381999999999999 0.0424
0.14182 0.15646000000000002 0.10922 0.1108 0.053200000000000004 0.07606 0.041159999999999995 0.08268 0.053079999999999995 0.0517 0.08662 0.09445999999999999 0.060840000000000005 0.0695 0.09492 0.0404
0.14364 0.15322 0.11226 0.11428 0.05228 0.07634 0.03972 0.0871 0.05188 0.04828 0.08334 0.09556 0.05994 0.0687 0.09748 0.037939999999999995
0.13844 0.1467 0.10814 0.11412 0.04746 0.07814 0.03502 0.09445999999999999 0.0509 0.04416 0.07672 0.09676 0.05546 0.06414 0.10178 0.035
0.13374 0.14438 0.105 0.11368 0.0466 0.082 0.03546 0.09312000000000001 0.05496 0.04388 0.07479999999999999 0.09684000000000001 0.056479999999999995 0.06308 0.10202 0.03674
0.13146000000000002 0.13762 0.09662000000000001 0.11158 0.04828 0.09584000000000001 0.0371 0.09228 0.07024 0.04292 0.0704 0.09572 0.059539999999999996 0.05762 0.10164 0.0399
0.132 0.13746 0.09559999999999999 0.11120000000000001 0.04758 0.0901 0.03732 0.09304000000000001 0.06631999999999999 0.04044 0.07012 0.09006 0.0587 0.05634 0.10076 0.03742
0.12768000000000002 0.13341999999999998 0.09173999999999999 0.10844 0.04982 0.07156 0.03986 0.08532 0.05256 0.03818 0.06584000000000001 0.08395999999999999 0.05838 0.053340000000000005 0.09345999999999999 0.03436
0.12556 0.134 0.09223999999999999 0.10642 0.047200000000000006 0.06778 0.03882 0.08262 0.049159999999999995 0.037380000000000004 0.06559999999999999 0.08524 0.05798 0.050320000000000004 0.08886 0.03538
0.11678 0.13634000000000002 0.09 0.1044 0.03786 0.06216 0.035 0.08092 0.043 0.03464 0.06676 0.08345999999999999 0.05392 0.045700000000000005 0.08456 0.03184
0.11724 0.13132 0.08702 0.10188 0.037399999999999996 0.0599 0.033299999999999996 0.07958 0.04152 0.03748 0.06534000000000001 0.08486 0.05238 0.045700000000000005 0.08162 0.03282
0.11664 0.12546 0.0841 0.10242 0.03632 0.0541 0.02752 0.09209999999999999 0.03552 0.03566 0.06344 0.08516 0.04918 0.04272 0.08076 0.031
0.11512 0.12532 0.085 0.10376 0.037 0.054479999999999994 0.02714 0.08898 0.03508 0.035679999999999996 0.06486 0.08664 0.048600000000000004 0.04174 0.07998000000000001 0.03114
0.11286 0.12832 0.08778 0.11164 0.03678 0.05496 0.024399999999999998 0.08724 0.0325 0.033 0.06684 0.08688 0.049460000000000004 0.04102 0.07659999999999999 0.03032
0.11254 0.12654 0.0868 0.10944 0.03892 0.05576 0.0254 0.0845 0.033780000000000004 0.034820000000000004 0.06656000000000001 0.0871 0.04978 0.040979999999999996 0.07582 0.031219999999999998
0.11468 0.12162 0.08888 0.1092 0.046439999999999995 0.0574 0.02782 0.08220000000000001 0.03742 0.038020000000000005 0.06246 0.08938 0.053899999999999997 0.04378 0.07818000000000001 0.0357
0.11516 0.12404000000000001 0.09115999999999999 0.10837999999999999 0.046020000000000005 0.05726 0.02748 0.082 0.03932 0.0344 0.06418 0.08522 0.0544 0.04394 0.0782 0.03442
0.1095 0.12492 0.08734 0.1026 0.046079999999999996 0.054520000000000006 0.0298 0.07558 0.0434 0.03644 0.06426000000000001 0.08708 0.055119999999999995 0.04394 0.07551999999999999 0.03354
0.10778 0.12409999999999999 0.08929999999999999 0.10362 0.043840000000000004 0.055740000000000005 0.02946 0.07726000000000001 0.04536 0.03502 0.06459999999999999 0.08606 0.05824 0.04478 0.07682 0.03642
0.09748 0.12568000000000001 0.08834 0.10234 0.035840000000000004 0.05618 0.02754 0.07598 0.04772 0.03318 0.06631999999999999 0.08408 0.05964 0.0445 0.07615999999999999 0.04172
0.09594 0.12614 0.0869 0.10376 0.03668 0.05588 0.028059999999999998 0.07474 0.04814 0.03438 0.06545999999999999 0.08424 0.06026 0.04486 0.07623999999999999 0.040979999999999996
0.09628 0.1253 0.08216 0.10490000000000001 0.03564 0.05774 0.028140000000000002 0.07366 0.04902 0.03382 0.06362 0.07914 0.05682 0.0476 0.07868 0.03688
0.09774 0.12542 0.08358 0.10592 0.036719999999999996 0.05756 0.02878 0.07176 0.04722 0.033780000000000004 0.0634 0.07914 0.0572 0.04516 0.07709999999999999 0.03646
0.10326 0.12358 0.08842 0.10564 0.03868 0.0574 0.03008 0.07166 0.04238 0.03098 0.06204 0.07496 0.0538 0.041479999999999996 0.07564 0.033159999999999995
0.10092 0.12378 0.08486 0.10368000000000001 0.039420000000000004 0.05774 0.030760000000000003 0.07088 0.04222 0.03102 0.07366 0.07690000000000001 0.05232 0.04108 0.0757 0.04292
0.09716 0.12662 0.07895999999999999 0.10234 0.039299999999999995 0.05962 0.03096 0.07056 0.04296 0.0313 0.10678 0.08212 0.05072 0.0433 0.079 0.0703
0.09416 0.1205 0.07887999999999999 0.10202 0.0381 0.05964 0.03052 0.07152 0.04322 0.0304 0.10242 0.07878 0.05316 0.04382 0.07901999999999999 0.06626
0.0932 0.11871999999999999 0.07492 0.0998 0.038799999999999994 0.06018 0.03032 0.07048 0.04242 0.02896 0.09182 0.07376 0.05072 0.04572 0.07844 0.054939999999999996
0.09494 0.12232 0.07587999999999999 0.10052 0.03832 0.06012 0.02998 0.06976 0.04194 0.030699999999999998 0.08807999999999999 0.0752 0.05142 0.04664 0.07864 0.05028
0.09478 0.12290000000000001 0.07529999999999999 0.10036 0.037759999999999995 0.05794 0.030780000000000002 0.06872 0.03878 0.031039999999999998 0.06922 0.07293999999999999 0.05144 0.045219999999999996 0.07576000000000001 0.03344
0.09309999999999999 0.12016 0.07248 0.09958 0.037759999999999995 0.05754 0.03114 0.06709999999999999 0.03882 0.029920000000000002 0.06772 0.07198 0.0499 0.04362 0.07443999999999999 0.032979999999999995
0.0917 0.11488 0.06984 0.09864 0.03726 0.05854 0.03024 0.067 0.039439999999999996 0.027800000000000002 0.06182 0.06854 0.04598 0.04118 0.07562 0.026019999999999998
0.09144 0.1154 0.07086 0.09884 0.03668 0.058 0.0293 0.06631999999999999 0.038799999999999994 0.02686 0.0605 0.06934 0.046 0.03972 0.07474 0.02598
0.0877 0.11554 0.06852 0.09552 0.0358 0.05788 0.02948 0.06642 0.03632 0.02628 0.060200000000000004 0.06992 0.045399999999999996 0.03706 0.0708 0.02588
0.08852 0.1177 0.06974 0.09464 0.03596 0.05618 0.02932 0.06554 0.03592 0.027 0.06197999999999999 0.07106 0.045939999999999995 0.03588 0.06926 0.02594
0.09054000000000001 0.12296 0.06934 0.09190000000000001 0.0343 0.05282 0.02788 0.06306 0.032799999999999996 0.027120000000000002 0.06514 0.07288 0.0444 0.0347 0.06284000000000001 0.0247
0.08834 0.1215 0.06856 0.09192 0.034159999999999996 0.053619999999999994 0.02764 0.06378 0.032780000000000004 0.02834 0.06394 0.07376 0.04394 0.03488 0.0633 0.0241
0.08992 0.12188 0.06564 0.0965 0.03386 0.05778 0.02716 0.06523999999999999 0.03286 0.030100000000000002 0.062479999999999994 0.0703 0.044340000000000004 0.03648 0.06288 0.02572
0.08818000000000001 0.11776 0.06584000000000001 0.09644 0.033600000000000005 0.05926 0.027280000000000002 0.06352000000000001 0.03442 0.02872 0.06626 0.0709 0.04426 0.0358 0.06502 0.02964
0.08874 0.11376 0.06734 0.1016 0.03202 0.06752 0.02576 0.06624 0.04068 0.0256 0.07414 0.06781999999999999 0.04418 0.03668 0.07537999999999999 0.03928
0.08806 0.11252 0.06822 0.10246 0.03228 0.06734 0.02682 0.06648 0.040619999999999996 0.0265 0.07286 0.06668 0.04492 0.03592 0.07442 0.038439999999999995
0.08344 0.11320000000000001 0.06654 0.10382 0.03374 0.06409999999999999 0.027239999999999997 0.0665 0.04 0.027280000000000002 0.06994 0.06552 0.04496 0.0327 0.07304000000000001 0.03402
0.08554 0.11438 0.06728 0.10336 0.03478 0.06454 0.02804 0.07036 0.040299999999999996 0.02894 0.06926 0.06554 0.04498 0.03344 0.0727 0.03284
0.08264 0.10887999999999999 0.06662 0.09692 0.03472 0.06274 0.02776 0.07866 0.04112 0.03086 0.06494 0.06898 0.04356 0.0366 0.07224 0.03022
0.08424 0.10984000000000001 0.06726 0.0993 0.0355 0.062 0.028079999999999997 0.0777 0.0396 0.032119999999999996 0.06626 0.07002 0.04256 0.0361 0.06982 0.03222
0.08642 0.10776000000000001 0.06806 0.1026 0.039 0.062 0.030699999999999998 0.08018 0.03904 0.03418 0.07038 0.07096 0.04344 0.0365 0.0697 0.03804
0.08782 0.10558 0.069 0.10248 0.038 0.061579999999999996 0.0298 0.07776000000000001 0.03836 0.033460000000000004 0.06688 0.0697 0.043859999999999996 0.03746 0.06816 0.035
0.09126000000000001 0.10258 0.06592 0.0989 0.03782 0.0583 0.02918 0.07318000000000001 0.03816 0.03102 0.05986 0.06824 0.04178 0.039200000000000006 0.06836 0.02678
0.08431999999999999 0.09776 0.06838 0.09487999999999999 0.037840000000000006 0.05842 0.02878 0.06998 0.04008 0.0299 0.061799999999999994 0.06534000000000001 0.040659999999999995 0.039560000000000005 0.06858 0.0312
0.07868 0.10158 0.08018 0.09526000000000001 0.039119999999999995 0.05856 0.02904 0.0711 0.04618 0.02994 0.07348 0.06686 0.0415 0.04212 0.07414 0.04264
0.07696 0.09518 0.07732 0.09282 0.03714 0.0585 0.027379999999999998 0.07178 0.04752 0.02862 0.062299999999999994 0.06548000000000001 0.04206 0.04034 0.07501999999999999 0.03756
0.07171999999999999 0.08122 0.0653 0.08898 0.032380000000000006 0.06434000000000001 0.02302 0.06868 0.05504 0.024820000000000002 0.03288 0.06008 0.0415 0.039060000000000004 0.07662000000000001 0.0232
0.07152 0.08248 0.0636 0.08826 0.032100000000000004 0.06116 0.02318 0.06998 0.0515 0.02456 0.0325 0.05956 0.040240000000000005 0.038799999999999994 0.07551999999999999 0.02346
0.0727 0.0823 0.05976 0.0912 0.03276 0.056100000000000004 0.02444 0.07271999999999999 0.046079999999999996 0.02658 0.031100000000000003 0.060399999999999995 0.04238 0.03736 0.072 0.02538
0.07332 0.08176 0.05948 0.08916 0.032060000000000005 0.054920000000000004 0.02368 0.0687 0.04714 0.0273 0.039380000000000005 0.06178 0.04248 0.03714 0.07028 0.03386
0.07307999999999999 0.08202 0.05862 0.08434 0.03152 0.053880000000000004 0.02376 0.06892 0.04944 0.0258 0.060700000000000004 0.05882 0.040479999999999995 0.03716 0.06964000000000001 0.053219999999999996
0.0725 0.0804 0.061340000000000006 0.08414 0.03166 0.0536 0.0248 0.06604 0.04852 0.02534 0.05572 0.057460000000000004 0.04168 0.03728 0.06986 0.0476
0.07236 0.07715999999999999 0.06038 0.08098000000000001 0.032 0.05218 0.02488 0.0545 0.0448 0.022600000000000002 0.039479999999999994 0.054979999999999994 0.04122 0.03376 0.06506 0.03084
0.07014 0.07964 0.0589 0.07945999999999999 0.03226 0.05108 0.02506 0.05604 0.04444 0.02246 0.0381 0.05296 0.039240000000000004 0.03382 0.06606000000000001 0.028739999999999998
0.0706 0.08188 0.06012 0.08214 0.03252 0.04968 0.02512 0.0608 0.04516 0.02526 0.03152 0.05346 0.04058 0.0329 0.06892 0.02296
0.07086 0.07984000000000001 0.05922 0.08048000000000001 0.03164 0.04844 0.02426 0.05892 0.04436 0.0246 0.02996 0.05224 0.039439999999999996 0.0319 0.06431999999999999 0.023039999999999998
0.07472 0.07792 0.06008 0.07787999999999999 0.03148 0.045520000000000005 0.0237 0.05658 0.04218 0.02462 0.027579999999999997 0.05192 0.04118 0.0292 0.05554 0.0248
0.07644 0.07892 0.0599 0.07866 0.03108 0.04322 0.02368 0.056420000000000005 0.039479999999999994 0.02484 0.031760000000000004 0.05048 0.039979999999999995 0.02852 0.0523 0.02802
0.0813 0.0818 0.06481999999999999 0.08145999999999999 0.03084 0.038 0.02388 0.05576 0.03324 0.02952 0.04174 0.05182 0.0422 0.0273 0.046560000000000004 0.03626
0.07792 0.08214 0.061560000000000004 0.07962000000000001 0.03046 0.039939999999999996 0.02354 0.05508 0.03444 0.02782 0.04462 0.052039999999999996 0.03914 0.02918 0.047200000000000006 0.03816
0.07612000000000001 0.0855 0.06024 0.08195999999999999 0.03064 0.0445 0.02364 0.05836 0.0371 0.02596 0.05486 0.054380000000000005 0.03922 0.03268 0.05002 0.04348
0.07744 0.08552 0.062079999999999996 0.08362 0.02966 0.04258 0.02232 0.058 0.03532 0.02468 0.048 0.0544 0.039880000000000006 0.03134 0.04954 0.03682
0.0767 0.08188 0.06 0.08328 0.02674 0.03728 0.01852 0.056979999999999996 0.030539999999999998 0.02038 0.0298 0.0512 0.03824 0.026420000000000003 0.04718 0.0206
0.07704000000000001 0.08602 0.06197999999999999 0.08422 0.027 0.037200000000000004 0.0188 0.0554 0.02996 0.02126 0.0312 0.053880000000000004 0.03706 0.027780000000000003 0.0475 0.02238
0.07601999999999999 0.08664 0.06678 0.0872 0.02696 0.03958 0.01934 0.0554 0.03052 0.0208 0.033659999999999995 0.053200000000000004 0.03692 0.032119999999999996 0.05026 0.02514
0.07348 0.08108 0.06559999999999999 0.08276 0.02698 0.038619999999999995 0.01936 0.05404 0.02962 0.01982 0.03402 0.04992 0.037020000000000004 0.030760000000000003 0.0514 0.026199999999999998
0.07723999999999999 0.08716 0.06992 0.08464 0.0275 0.03882 0.019579999999999997 0.05686 0.0295 0.01896 0.03768 0.0506 0.03936 0.03034 0.05738 0.02902
0.07608 0.0866 0.06714 0.08314 0.028120000000000003 0.038880000000000005 0.02032 0.05366 0.029679999999999998 0.02054 0.03454 0.051859999999999996 0.0389 0.03052 0.05596 0.02608
0.07488 0.0869 0.061399999999999996 0.08464 0.02932 0.04034 0.02096 0.04944 0.03052 0.01966 0.0295 0.05416 0.038560000000000004 0.03128 0.0525 0.02062
0.07687999999999999 0.09568 0.061560000000000004 0.08566 0.02904 0.0395 0.02056 0.05168 0.030420000000000003 0.01902 0.03678 0.054259999999999996 0.039420000000000004 0.032380000000000006 0.05378 0.020399999999999998
0.07668000000000001 0.11292 0.05982 0.086 0.02918 0.038119999999999994 0.02042 0.0508 0.029 0.02 0.05736 0.05536 0.03972 0.03204 0.05392 0.02082
0.07737999999999999 0.10626000000000001 0.05994 0.08464 0.0296 0.038060000000000004 0.02114 0.0513 0.02956 0.02258 0.0493 0.05654 0.0417 0.03168 0.05496 0.02286
0.07248 0.0864 0.05818 0.07945999999999999 0.02876 0.03548 0.020980000000000002 0.054 0.028300000000000002 0.02316 0.029679999999999998 0.05552 0.04318 0.02934 0.05526 0.0252
0.07442 0.08818000000000001 0.05876 0.07594 0.02804 0.03572 0.02026 0.0581 0.028399999999999998 0.02044 0.02934 0.0521 0.04004 0.02852 0.055979999999999995 0.019739999999999997
0.07448 0.08764 0.05796 0.06781999999999999 0.028120000000000003 0.03648 0.019780000000000002 0.0574 0.02898 0.02284 0.02872 0.05465999999999999 0.032920000000000005 0.027800000000000002 0.05518 0.01278
0.0712 0.08824 0.055740000000000005 0.06644 0.02792 0.036520000000000004 0.02034 0.05622 0.028739999999999998 0.02232 0.03074 0.053899999999999997 0.030379999999999997 0.027579999999999997 0.05442 0.01374
0.06952 0.0901 0.060399999999999995 0.06658 0.028140000000000002 0.037399999999999996 0.019559999999999998 0.05794 0.02836 0.02264 0.03394 0.055060000000000005 0.03356 0.026940000000000002 0.05632 0.01516
0.07124 0.09222 0.061380000000000004 0.06668 0.028480000000000002 0.03582 0.020079999999999997 0.05878 0.026920000000000003 0.02258 0.03438 0.0541 0.03528 0.026199999999999998 0.05588 0.016460000000000002
0.07184 0.09246 0.062020000000000006 0.06459999999999999 0.028120000000000003 0.0322 0.020399999999999998 0.05688 0.02364 0.02404 0.034 0.05228 0.038560000000000004 0.02442 0.05268 0.01952
0.07092 0.09440000000000001 0.06334000000000001 0.06594 0.027399999999999997 0.032600000000000004 0.0201 0.05778 0.02382 0.0235 0.032780000000000004 0.05244 0.0417 0.024059999999999998 0.054340000000000006 0.02128
0.06588 0.09364 0.061520000000000005 0.06576 0.02598 0.03148 0.01882 0.06068 0.02364 0.023100000000000002 0.028239999999999998 0.05162 0.04464 0.022699999999999998 0.05656 0.0259
0.06464 0.09366 0.05916 0.06626 0.026420000000000003 0.031100000000000003 0.018940000000000002 0.06 0.02414 0.02228 0.02862 0.049460000000000004 0.04376 0.02248 0.05718 0.02658
0.06276 0.09448000000000001 0.05942 0.06968 0.0264 0.031239999999999997 0.0185 0.05618 0.024079999999999997 0.02156 0.027600000000000003 0.04668 0.04616 0.02308 0.057 0.02868
0.06308 0.09236 0.06006 0.06904 0.0261 0.03246 0.018760000000000002 0.05468 0.025079999999999998 0.02166 0.02684 0.04622 0.04524 0.02368 0.05694 0.02578
0.06436 0.09272 0.05996 0.06916 0.02624 0.0337 0.01932 0.052899999999999996 0.0253 0.02232 0.02582 0.04628 0.04094 0.0249 0.05614 0.02196
0.06445999999999999 0.09422 0.06096 0.06745999999999999 0.02658 0.03284 0.01968 0.05 0.0256 0.02234 0.02754 0.0479 0.04158 0.02488 0.053399999999999996 0.0217
0.06552 0.09620000000000001 0.06 0.06423999999999999 0.02662 0.03028 0.020059999999999998 0.04442 0.02574 0.02252 0.02996 0.048420000000000005 0.04142 0.024460000000000003 0.047159999999999994 0.02038
0.066 0.0991 0.05948 0.06472 0.02736 0.03108 0.02094 0.04318 0.02562 0.02258 0.033960000000000004 0.04822 0.04002 0.02514 0.04554 0.0198
0.06854 0.10901999999999999 0.06302 0.06498000000000001 0.02686 0.032159999999999994 0.02152 0.038340000000000006 0.02486 0.02388 0.04262 0.04988 0.04138 0.02776 0.04162 0.0166
0.07106 0.11338 0.06356 0.0633 0.02734 0.03288 0.02078 0.03984 0.02652 0.02436 0.047200000000000006 0.05602 0.03982 0.03016 0.04344 0.016399999999999998
0.07346 0.12444 0.06946 0.060759999999999995 0.027899999999999998 0.03322 0.020460000000000002 0.0415 0.02826 0.0241 0.0599 0.06992 0.03762 0.03446 0.0458 0.0136
0.0735 0.12124 0.07504000000000001 0.06098 0.0287 0.03246 0.02072 0.0425 0.02732 0.02456 0.05738 0.06437999999999999 0.03915999999999999 0.03352 0.04466 0.013460000000000001
0.0709 0.11838 0.0787 0.06292 0.02718 0.03308 0.020079999999999997 0.041960000000000004 0.02662 0.026199999999999998 0.05496 0.05522 0.03676 0.03246 0.043 0.01368
0.07046 0.11668 0.07522 0.06336 0.027960000000000002 0.032600000000000004 0.0206 0.04256 0.02566 0.02572 0.05148 0.05704 0.036539999999999996 0.03004 0.04282 0.01368
0.06648 0.10636 0.06698 0.062079999999999996 0.02838 0.03132 0.021 0.04258 0.02436 0.02352 0.04336 0.05878 0.03566 0.02558 0.04192 0.01326
0.0655 0.107 0.0677 0.06014 0.02926 0.03468 0.02176 0.044840000000000005 0.028640000000000002 0.02212 0.04344 0.05916 0.03682 0.02656 0.04482 0.01334
0.060700000000000004 0.10382 0.0655 0.05404 0.03272 0.039740000000000004 0.02554 0.0445 0.0375 0.022940000000000002 0.04278 0.05866 0.03724 0.027420000000000003 0.04888 0.013
0.06032 0.10642 0.06786 0.05522 0.03226 0.0428 0.0248 0.047479999999999994 0.039560000000000005 0.0241 0.04228 0.05948 0.039060000000000004 0.029679999999999998 0.049159999999999995 0.01394
0.0571 0.10184 0.06934 0.054560000000000004 0.032 0.045899999999999996 0.023620000000000002 0.05364 0.04184 0.02658 0.0404 0.06118 0.03922 0.03352 0.050140000000000004 0.01622
0.05752 0.11106 0.07122 0.055420000000000004 0.032920000000000005 0.04478 0.02456 0.054560000000000004 0.03964 0.02526 0.048240000000000005 0.0587 0.039060000000000004 0.037340000000000005 0.05422 0.016280000000000003
0.05956 0.13218000000000002 0.07664 0.05634 0.0354 0.04064 0.02674 0.0549 0.0338 0.02828 0.06595999999999999 0.061200000000000004 0.04126 0.04554 0.0634 0.01656
0.06026 0.13272 0.07548 0.05862 0.034 0.037380000000000004 0.024460000000000003 0.053700000000000005 0.0304 0.029679999999999998 0.06542 0.06264 0.04002 0.0422 0.059539999999999996 0.01696
0.05656 0.12290000000000001 0.0717 0.061079999999999995 0.03204 0.03138 0.022539999999999998 0.053619999999999994 0.024399999999999998 0.02926 0.06228 0.060399999999999995 0.03678 0.03596 0.052399999999999995 0.01744
0.05788 0.12395999999999999 0.07408 0.06142 0.03296 0.02996 0.02302 0.05244 0.023440000000000003 0.02948 0.06326 0.05976 0.0378 0.03614 0.05106 0.01648
0.05962 0.12604 0.07492 0.06178 0.0349 0.02714 0.022719999999999997 0.048420000000000005 0.02136 0.0303 0.06412000000000001 0.0594 0.03736 0.03846 0.046579999999999996 0.01736
0.06146 0.12574 0.07759999999999999 0.06358 0.037020000000000004 0.028640000000000002 0.022920000000000003 0.04852 0.02262 0.031920000000000004 0.06378 0.06062 0.03778 0.040420000000000005 0.04778 0.01736
0.06528 0.1254 0.08222 0.06648 0.0391 0.03382 0.02274 0.046979999999999994 0.02596 0.0325 0.0634 0.06154 0.03892 0.041979999999999996 0.04984 0.0179
0.06612 0.12068000000000001 0.08298 0.06272 0.038880000000000005 0.03478 0.022879999999999998 0.0482 0.02658 0.030940000000000002 0.060039999999999996 0.061340000000000006 0.036539999999999996 0.04318 0.05262 0.01764
0.0685 0.114 0.09086 0.055979999999999995 0.041659999999999996 0.03742 0.02472 0.04882 0.028120000000000003 0.032299999999999995 0.05518 0.06414 0.03616 0.04578 0.05618 0.01806
0.0708 0.11476 0.09058 0.05734 0.04068 0.03576 0.02478 0.05176 0.027440000000000003 0.032979999999999995 0.054240000000000003 0.06306 0.03638 0.047159999999999994 0.0573 0.01756
0.07759999999999999 0.11696 0.0915 0.061399999999999996 0.0418 0.03462 0.027239999999999997 0.053840000000000006 0.027260000000000003 0.03662 0.053079999999999995 0.06486 0.03772 0.0515 0.0592 0.01702
0.07772 0.10914 0.08816 0.06396 0.03718 0.03476 0.02416 0.056280000000000004 0.0269 0.03326 0.045759999999999995 0.06754 0.036359999999999996 0.04722 0.05818 0.01654
0.0833 0.09762 0.08893999999999999 0.06952 0.02714 0.03462 0.0177 0.06148 0.02538 0.02616 0.02982 0.07537999999999999 0.038259999999999995 0.0412 0.054979999999999994 0.01466
0.08238 0.10356 0.08666 0.06874 0.029079999999999998 0.03526 0.02044 0.06098 0.0256 0.02466 0.03798 0.07174 0.03356 0.04324 0.052899999999999996 0.01512
0.08598 0.12437999999999999 0.0943 0.07244 0.03552 0.03588 0.0275 0.05806 0.02554 0.032799999999999996 0.05754 0.07568000000000001 0.03506 0.04906 0.0485 0.01678
0.08934 0.12346 0.09914 0.07546 0.03422 0.03772 0.02512 0.0577 0.026920000000000003 0.03486 0.057280000000000005 0.07532 0.03754 0.05122 0.04934 0.0179
0.09848 0.12788 0.11159999999999999 0.083 0.032479999999999995 0.04026 0.022260000000000002 0.05866 0.027800000000000002 0.03252 0.05794 0.07492 0.0384 0.05428 0.05082 0.01764
0.10284 0.12616 0.11078 0.08732 0.037380000000000004 0.0434 0.023239999999999997 0.06522 0.03086 0.03196 0.05872 0.07828 0.039299999999999995 0.05528 0.05758 0.018699999999999998
0.11064 0.12458 0.11472 0.09186 0.04902 0.04984 0.0255 0.07970000000000001 0.03842 0.02932 0.0625 0.0872 0.04004 0.05822 0.07376 0.01982
0.10796 0.12572 0.11558 0.09014 0.053840000000000006 0.05382 0.032479999999999995 0.08628 0.041960000000000004 0.02732 0.07168000000000001 0.08622 0.040979999999999996 0.05828 0.07758 0.0215
0.10672 0.134 0.11806 0.08992 0.0636 0.06795999999999999 0.045759999999999995 0.0969 0.05294 0.028239999999999998 0.08928 0.09112 0.044340000000000004 0.05972 0.09156 0.02652
0.10712 0.13294 0.12234 0.08914 0.06356 0.06232 0.04665999999999999 0.09494 0.047799999999999995 0.029079999999999998 0.0845 0.09340000000000001 0.04814 0.06038 0.08907999999999999 0.02556
0.10794 0.12608 0.12140000000000001 0.08922 0.06414 0.05316 0.048299999999999996 0.0911 0.038579999999999996 0.02912 0.07164 0.09154000000000001 0.04874 0.06314 0.0854 0.02198
0.11268 0.12154000000000001 0.12224 0.09079999999999999 0.06466 0.05212 0.04828 0.09178 0.03732 0.030920000000000003 0.06531999999999999 0.09164 0.046939999999999996 0.05752 0.0842 0.0221
0.11118 0.10801999999999999 0.12192 0.08918000000000001 0.062380000000000005 0.05006 0.04616 0.0888 0.03528 0.03374 0.05364 0.0883 0.04468 0.0465 0.07564 0.0221
0.10973999999999999 0.10618000000000001 0.12036 0.08918000000000001 0.0626 0.04826 0.0465 0.09065999999999999 0.0353 0.0352 0.054700000000000006 0.09136 0.04276 0.04858 0.07598 0.020239999999999998
0.10773999999999999 0.10332 0.11982 0.09028 0.06036 0.04786 0.04524 0.09776 0.03588 0.03576 0.055159999999999994 0.09644 0.03972 0.05256 0.07856 0.01654
0.10984000000000001 0.10806 0.12264 0.09406 0.056479999999999995 0.04978 0.04254 0.09818 0.03658 0.0361 0.05534 0.10238 0.0418 0.05288 0.08068 0.018600000000000002
0.11188 0.11618 0.12498000000000001 0.10212 0.047259999999999996 0.05546 0.03546 0.0992 0.039 0.03576 0.053 0.10668000000000001 0.0439 0.0521 0.08478 0.01986
0.11468 0.12646 0.12972 0.10786 0.04942 0.056119999999999996 0.03768 0.1004 0.039659999999999994 0.03368 0.059539999999999996 0.10656 0.047240000000000004 0.060579999999999995 0.08932 0.0212
0.1157 0.1431 0.1335 0.1161 0.051340000000000004 0.06012 0.04132 0.10172 0.0423 0.030019999999999998 0.07126 0.10490000000000001 0.05068 0.0757 0.09720000000000001 0.024640000000000002
0.12292 0.14422 0.13688 0.11918000000000001 0.0599 0.06436 0.04436 0.10216 0.04554 0.03622 0.07432 0.10572 0.05088 0.0775 0.10542 0.027379999999999998
0.13704 0.14568 0.14256 0.11842 0.07464 0.07128 0.04818 0.11036 0.05102 0.03972 0.07692 0.0989 0.05196 0.07765999999999999 0.11976 0.0296
0.14378 0.13828000000000001 0.14558000000000001 0.12057999999999999 0.08038 0.07443999999999999 0.047880000000000006 0.11395999999999999 0.05866 0.04028 0.07102 0.10446 0.05484000000000001 0.08102 0.12872 0.03148
0.15882 0.12834 0.14998 0.1261 0.08718000000000001 0.07959999999999999 0.04432 0.1199 0.07278 0.037 0.061 0.11126000000000001 0.057479999999999996 0.08384 0.14148 0.03662
0.1635 0.12841999999999998 0.15634 0.12819999999999998 0.0867 0.0875 0.04218 0.11744 0.08158 0.03628 0.06136 0.11158 0.05836 0.08256000000000001 0.13258 0.0356
0.16788 0.1338 0.16226 0.12897999999999998 0.08912 0.10406 0.041479999999999996 0.11426 0.09822 0.03526 0.0631 0.11270000000000001 0.05752 0.07931999999999999 0.11528000000000001 0.03318
0.16318000000000002 0.1445 0.15866 0.12825999999999999 0.08486 0.10224 0.04306 0.1158 0.09414 0.037840000000000006 0.0717 0.1144 0.055119999999999995 0.08331999999999999 0.11316 0.033280000000000004
0.15562 0.15436000000000002 0.16119999999999998 0.12764 0.07836 0.09818 0.046520000000000006 0.119 0.08792 0.04654 0.08506 0.11972 0.057 0.09226000000000001 0.1077 0.03322
0.15703999999999999 0.15934 0.16326 0.1385 0.08134000000000001 0.11445999999999999 0.049280000000000004 0.12340000000000001 0.09934 0.04358 0.09752 0.11716 0.05664 0.09378 0.12514 0.03848
0.15958 0.17058 0.16268000000000002 0.15344 0.08372 0.14084 0.05188 0.12674 0.11822 0.03868 0.11912 0.1185 0.0567 0.09602 0.15424000000000002 0.04986
0.16118000000000002 0.17126 0.1633 0.15114 0.08644 0.14042 0.054259999999999996 0.12954 0.11762 0.03915999999999999 0.1142 0.11907999999999999 0.0555 0.10284 0.15588 0.0432
0.16322 0.17204 0.16884 0.15006 0.08886 0.14214 0.05882 0.13147999999999999 0.11882 0.03928 0.10504000000000001 0.12386 0.05522 0.11384 0.1579 0.03208
0.16582 0.16936 0.1727 0.15209999999999999 0.09426000000000001 0.13772 0.06324 0.13222 0.11594 0.043340000000000004 0.1065 0.122 0.05738 0.12306 0.15763999999999997 0.0334
0.17192 0.16588 0.17276 0.15613999999999997 0.10356 0.1372 0.07221999999999999 0.13624 0.114 0.04956 0.11298 0.11648 0.05772 0.14068 0.15982 0.03518
0.17184 0.1718 0.17314 0.1561 0.10296 0.13906 0.07244 0.13712 0.11324 0.04956 0.1169 0.1185 0.05982 0.13622 0.15736 0.03498
0.17434 0.18634 0.17282 0.15930000000000002 0.1043 0.14476 0.07490000000000001 0.13904 0.11314 0.0497 0.1256 0.12432 0.062299999999999994 0.12913999999999998 0.15272 0.036359999999999996
0.17928 0.18586000000000003 0.17532 0.16424 0.10626000000000001 0.15328 0.07438 0.14324 0.11492000000000001 0.05528 0.12418000000000001 0.1308 0.06431999999999999 0.13272 0.15906 0.03778
0.18181999999999998 0.18838 0.17892 0.17074 0.10858 0.16724 0.07346 0.15846000000000002 0.11876 0.05962 0.12387999999999999 0.13562000000000002 0.06778 0.14234 0.17538 0.038079999999999996
0.18506 0.1891 0.18124 0.16744 0.11712 0.15594 0.0729 0.15762 0.11366 0.0599 0.1226 0.13344 0.06996 0.1461 0.17874 0.03964
0.195 0.19486 0.18356 0.16638 0.13219999999999998 0.13934 0.07212 0.15625999999999998 0.10612 0.05986 0.12596 0.13128 0.07326 0.15730000000000002 0.18974000000000002 0.04096
0.19634000000000001 0.19376 0.18392 0.1726 0.13452 0.13646 0.07284 0.15936 0.09718 0.06994 0.12478 0.1335 0.07462 0.15534 0.18616 0.04426
0.20132 0.1946 0.1875 0.18114 0.13528 0.1328 0.074 0.16986 0.08412 0.08292000000000001 0.12286 0.13348 0.07565999999999999 0.15869999999999998 0.18568 0.049640000000000004
0.20063999999999999 0.19134 0.18516 0.18392 0.13168000000000002 0.1328 0.07464 0.16736 0.0846 0.0803 0.12456 0.13538 0.07493999999999999 0.15518 0.18524000000000002 0.04988
0.19762000000000002 0.19154 0.17872 0.18666 0.12304000000000001 0.13416 0.07429999999999999 0.1679 0.08406 0.07064 0.12812 0.13756000000000002 0.06694 0.14438 0.18112 0.04834
0.20096 0.19340000000000002 0.18218 0.18797999999999998 0.13212000000000002 0.14434 0.08366 0.16452 0.09054000000000001 0.07196 0.13512000000000002 0.13784 0.06866 0.14780000000000001 0.18518 0.04856
0.20568 0.19562000000000002 0.18438 0.19194 0.14782 0.16196000000000002 0.099 0.16040000000000001 0.1013 0.06762 0.14772 0.13784 0.06994 0.15236000000000002 0.19206 0.05066
0.20784 0.199 0.18730000000000002 0.19463999999999998 0.15231999999999998 0.16974 0.10532 0.16398 0.10654000000000001 0.07246 0.15419999999999998 0.13826 0.07314 0.15978 0.19778 0.053380000000000004
0.21344 0.20765999999999998 0.19038 0.20016 0.16078 0.18512 0.117 0.16934 0.1175 0.07665999999999999 0.17114 0.13516 0.07632 0.17146 0.20418 0.05856
0.21756 0.21114 0.19354 0.20218 0.16294 0.19152000000000002 0.11646 0.17584 0.12362000000000001 0.07768000000000001 0.17908000000000002 0.14322 0.07795999999999999 0.17206 0.2077 0.05894
0.22358 0.22444 0.19586 0.20398 0.16776 0.20152 0.11574 0.18578 0.13556 0.08048000000000001 0.19091999999999998 0.15366 0.08068 0.17314 0.21212 0.05778
0.22724 0.22180000000000002 0.19634000000000001 0.20952 0.16694 0.20536000000000001 0.11266 0.18844 0.13632 0.07678 0.19586 0.15524000000000002 0.07964 0.1732 0.2155 0.06356
0.22934000000000002 0.22488 0.19902 0.21672 0.16704 0.21186000000000002 0.10964 0.18978 0.14162 0.07426 0.206 0.15930000000000002 0.07809999999999999 0.17642 0.22152000000000002 0.0697
0.23134 0.22358 0.20046 0.21559999999999999 0.16384 0.20732 0.10686 0.18712 0.14182 0.07434 0.19772 0.15694 0.08042 0.16426 0.21144 0.06896
0.23304 0.22536 0.19648 0.21388 0.15878 0.2027 0.10314 0.18259999999999998 0.14148 0.0787 0.18624000000000002 0.15747999999999998 0.07895999999999999 0.14686000000000002 0.19963999999999998 0.06754
0.23163999999999998 0.2256 0.19874 0.21731999999999999 0.15262 0.19992 0.0947 0.18331999999999998 0.13952 0.07558 0.19078 0.15741999999999998 0.0809 0.14894 0.2005 0.0742
0.23213999999999999 0.22682 0.20118 0.22558 0.14076 0.19538 0.08052 0.1854 0.13728 0.06638 0.19613999999999998 0.15464 0.08222 0.14980000000000002 0.20134 0.08238
0.23 0.2316 0.19822 0.22540000000000002 0.1462 0.19708 0.08548 0.18428 0.14258 0.07004 0.19756 0.154 0.0859 0.15647999999999998 0.20374 0.083
0.22963999999999998 0.23676 0.19882 0.22082 0.15780000000000002 0.19752 0.0952 0.17986000000000002 0.15131999999999998 0.07465999999999999 0.20426 0.15272 0.08948 0.16922 0.2091 0.0835
0.22752 0.2334 0.204 0.21932 0.14814 0.19812000000000002 0.08812 0.18372 0.15058000000000002 0.07356 0.20132 0.15162 0.08943999999999999 0.1744 0.21558000000000002 0.08878
0.22247999999999998 0.2324 0.20154 0.21264 0.12976 0.19762000000000002 0.0761 0.19382 0.14816 0.07234 0.196 0.14974 0.08614 0.18309999999999998 0.22794 0.0968
0.22832 0.23756 0.20184 0.21394 0.13926 0.20176 0.08338 0.19512000000000002 0.15184 0.08152 0.19946 0.15044 0.08394 0.19106 0.23674 0.09492
0.23774 0.244 0.20442 0.21830000000000002 0.15430000000000002 0.20704 0.09631999999999999 0.19822 0.15628 0.09262000000000001 0.2074 0.14612 0.08326 0.2038 0.24806 0.09237999999999999
0.23638 0.24462 0.20793999999999999 0.2152 0.15925999999999998 0.21281999999999998 0.09844 0.19988 0.16212000000000001 0.09434000000000001 0.21108000000000002 0.14674 0.08436 0.20352 0.25404 0.09472
0.23316 0.24424 0.2159 0.21216 0.16368000000000002 0.21930000000000002 0.10152 0.20376 0.16924 0.09812 0.21514 0.15152000000000002 0.08702 0.20292 0.2597 0.1012
0.23038 0.2475 0.21174 0.21863999999999997 0.16284 0.22288 0.10794 0.20586000000000002 0.16584000000000002 0.09576000000000001 0.21982 0.15334 0.0849 0.20046 0.26145999999999997 0.09872
0.22291999999999998 0.2576 0.20612 0.22556 0.16676 0.2307 0.12254000000000001 0.2021 0.16104 0.10044 0.23268 0.16034 0.08395999999999999 0.20434 0.26604 0.09372
0.22804 0.25312 0.2085 0.22147999999999998 0.17414 0.22928 0.12056 0.20196 0.16376 0.09562000000000001 0.22574 0.15834 0.08678 0.19544 0.26627999999999996 0.09478
0.23252 0.24874000000000002 0.20914 0.22234 0.18496 0.23024 0.11572 0.19876 0.16768 0.0928 0.21636000000000002 0.16232 0.08956 0.18262 0.26656 0.0978
0.23352 0.25452 0.2079 0.22066 0.18628 0.22422 0.11788 0.20218 0.15784 0.09038 0.2236 0.16286 0.08876 0.18558000000000002 0.26646 0.09472
0.23638 0.262 0.20986000000000002 0.22338 0.18581999999999999 0.21302000000000001 0.12279999999999999 0.2052 0.13798 0.08936 0.2307 0.1653 0.08943999999999999 0.18944 0.26416 0.08996
0.23066 0.2597 0.20804 0.21991999999999998 0.1758 0.21431999999999998 0.12143999999999999 0.20574 0.13802 0.08856 0.2238 0.16648 0.0887 0.19362000000000001 0.26977999999999996 0.09078
0.22388 0.26130000000000003 0.20386 0.21356 0.16004 0.21 0.11896 0.2064 0.13534000000000002 0.08934 0.21594 0.16996 0.0886 0.19474 0.27156 0.09144
0.23124 0.26102 0.20234 0.22032 0.17272 0.21114 0.12828 0.20696 0.13686 0.09918 0.21580000000000002 0.17022 0.08906 0.19582 0.26856 0.09916
0.24498 0.25538 0.20686000000000002 0.2282 0.19546 0.21098 0.14286000000000001 0.20743999999999999 0.13896 0.10942 0.21542 0.1663 0.0958 0.1975 0.26304 0.11531999999999999
0.24209999999999998 0.25184 0.20786000000000002 0.22574 0.18902000000000002 0.20406 0.13834 0.20954 0.1359 0.09931999999999999 0.21388 0.16436 0.09178 0.19552 0.26122 0.1075
0.23213999999999999 0.24309999999999998 0.20654 0.22346000000000002 0.17846 0.19798 0.13382 0.2066 0.13182 0.09201999999999999 0.20676 0.164 0.08548 0.18969999999999998 0.25388 0.09536
0.2343 0.24608000000000002 0.2047 0.22186 0.184 0.20512 0.13946 0.20702 0.13704 0.09308 0.22052000000000002 0.16322 0.08562 0.20112 0.26404 0.10176
0.22988 0.25026 0.20416 0.21894 0.18825999999999998 0.21858000000000002 0.14912 0.20346 0.14878 0.09714 0.23976 0.16286 0.08652 0.21896000000000002 0.28042 0.11268
0.22986 0.24448 0.20512 0.22122 0.18713999999999997 0.22424000000000002 0.15362 0.20504 0.15472 0.10729999999999999 0.22826 0.16296000000000002 0.08922 0.22404 0.28596 0.11359999999999999
0.2309 0.23796 0.20922 0.21862 0.18969999999999998 0.23148 0.1636 0.2078 0.16386 0.12078 0.2102 0.16172 0.09395999999999999 0.23468 0.29314 0.11522
0.22576 0.23702 0.20865999999999998 0.2195 0.18078 0.2256 0.15756 0.207 0.15991999999999998 0.11978 0.21266 0.16232 0.09566 0.22882 0.28636 0.11754
0.2179 0.23728 0.20982 0.22078 0.1686 0.21556 0.14986000000000002 0.20668 0.15086000000000002 0.12251999999999999 0.21846000000000002 0.16624 0.09584000000000001 0.22488 0.27782 0.12526
0.2209 0.24366 0.21098 0.21988 0.16262000000000001 0.20878 0.13824 0.2107 0.14576 0.11592 0.22152000000000002 0.16706000000000001 0.09431999999999999 0.21466 0.2691 0.1222
0.22422 0.24956 0.20846 0.21556 0.15396 0.19741999999999998 0.12028 0.2115 0.13536 0.10518000000000001 0.22590000000000002 0.16872 0.08768000000000001 0.202 0.25308 0.11428
0.22718 0.24753999999999998 0.20912 0.21903999999999998 0.16082 0.21280000000000002 0.12282 0.21324 0.14814 0.10822 0.23034000000000002 0.16732 0.08904000000000001 0.208 0.25839999999999996 0.1163
0.23012 0.24846000000000001 0.21108000000000002 0.22122 0.17086 0.23216 0.1281 0.20948 0.16713999999999998 0.11626 0.23868 0.169 0.09236 0.21559999999999999 0.26312 0.11772
0.22876 0.25126 0.20884 0.22152000000000002 0.18106 0.22822 0.13441999999999998 0.21002 0.16536 0.11594 0.24559999999999998 0.17046 0.09348000000000001 0.21131999999999998 0.26206 0.11898
0.23054 0.25636000000000003 0.21306 0.22284 0.19568000000000002 0.22274000000000002 0.14244 0.20902 0.16306 0.11756 0.26018 0.17302 0.09344 0.2073 0.26336000000000004 0.11974
0.2281 0.25186000000000003 0.21334 0.22052000000000002 0.19812000000000002 0.2271 0.14432 0.21274 0.16482 0.11972 0.25822 0.17302 0.09568 0.2014 0.26486000000000004 0.12308
0.22752 0.25324 0.21438 0.21984 0.2036 0.23506 0.14748 0.2169 0.16963999999999999 0.12179999999999999 0.25945999999999997 0.17321999999999999 0.096 0.18925999999999998 0.26542 0.12638
0.13644 0.1514 0.12940000000000002 0.13254 0.12052 0.14086 0.08724 0.13019999999999998 0.10132 0.0723 0.15502000000000002 0.10292 0.05774 0.11226 0.15856 0.07578
0.0 0.0 0.0 0.0 0.0 0.0 0.0 0.0 0.0 0.0 0.0 0.0 0.0 0.0 0.0 0.0
0.0 0.0 0.0 0.0 0.0 0.0 0.0 0.0 0.0 0.0 0.0 0.0 0.0 0.0 0.0 0.0
0.0 0.0 0.0 0.0 0.0 0.0 0.0 0.0 0.0 0.0 0.0 0.0 0.0 0.0 0.0 0.0
0.0 0.0 0.0 0.0 0.0 0.0 0.0 0.0 0.0 0.0 0.0 0.0 0.0 0.0 0.0 0.0
0.0 0.0 0.0 0.0 0.0 0.0 0.0 0.0 0.0 0.0 0.0 0.0 0.0 0.0 0.0 0.0
0.0 0.0 0.0 0.0 0.0 0.0 0.0 0.0 0.0 0.0 0.0 0.0 0.0 0.0 0.0 0.0
0.0 0.0 0.0 0.0 0.0 0.0 0.0 0.0 0.0 0.0 0.0 0.0 0.0 0.0 0.0 0.0
0.0 0.0 0.0 0.0 0.0 0.0 0.0 0.0 0.0 0.0 0.0 0.0 0.0 0.0 0.0 0.0
0.0 0.0 0.0 0.0 0.0 0.0 0.0 0.0 0.0 0.0 0.0 0.0 0.0 0.0 0.0 0.0
0.0 0.0 0.0 0.0 0.0 0.0 0.0 0.0 0.0 0.0 0.0 0.0 0.0 0.0 0.0 0.0
0.0 0.0 0.0 0.0 0.0 0.0 0.0 0.0 0.0 0.0 0.0 0.0 0.0 0.0 0.0 0.0
0.0 0.0 0.0 0.0 0.0 0.0 0.0 0.0 0.0 0.0 0.0 0.0 0.0 0.0 0.0 0.0
0.0 0.0 0.0 0.0 0.0 0.0 0.0 0.0 0.0 0.0 0.0 0.0 0.0 0.0 0.0 0.0
0.0 0.0 0.0 0.0 0.0 0.0 0.0 0.0 0.0 0.0 0.0 0.0 0.0 0.0 0.0 0.0
0.0 0.0 0.0 0.0 0.0 0.0 0.0 0.0 0.0 0.0 0.0 0.0 0.0 0.0 0.0 0.0
