2e-05
0.0
0.0
0.0
0.0
0.036340000000000004
0.22534
0.25948000000000004
0.25851999999999997
0.25556
0.24803999999999998
0.24496
0.24072
0.24044
0.23072
0.2337
0.23796
0.23718
0.24228
0.2434
0.24858000000000002
0.24906
0.25072
0.24919999999999998
0.2378
0.23814
0.23984
0.2396
0.23612
0.23226
0.21991999999999998
0.22
0.21528
0.21362
0.21398
0.21459999999999999
0.21180000000000002
0.21412
0.22196000000000002
0.2206
0.21206
0.21264
0.21156
0.20952
0.21109999999999998
0.21359999999999998
0.21608000000000002
0.21834
0.21825999999999998
0.21584
0.21186000000000002
0.21253999999999998
0.21118
0.21008000000000002
0.21544
0.21544
0.21058000000000002
0.21068
0.20518
0.20266
0.18736000000000003
0.18838
0.18834
0.18869999999999998
0.1946
0.1965
0.19118000000000002
0.19138
0.20092
0.2003
0.20066
0.19848
0.19628
0.1938
0.18334
0.18052
0.17018
0.17106
0.16434
0.16704
0.1702
0.1724
0.17708000000000002
0.17904
0.18758000000000002
0.18788
0.18774000000000002
0.18096
0.15646000000000002
0.15322
0.1467
0.14438
0.13762
0.13746
0.13341999999999998
0.134
0.13634000000000002
0.13132
0.12546
0.12532
0.12832
0.12654
0.12162
0.12404000000000001
0.12492
0.12409999999999999
0.12568000000000001
0.12614
0.1253
0.12542
0.12358
0.12378
0.12662
0.1205
0.11871999999999999
0.12232
0.12290000000000001
0.12016
0.11488
0.1154
0.11554
0.1177
0.12296
0.1215
0.12188
0.11776
0.11376
0.11252
0.11320000000000001
0.11438
0.10887999999999999
0.10984000000000001
0.10776000000000001
0.10558
0.10258
0.09776
0.10158
0.09518
0.08898
0.08826
0.0912
0.08916
0.08434
0.08414
0.08098000000000001
0.07964
0.08214
0.08048000000000001
0.07792
0.07892
0.0818
0.08214
0.0855
0.08552
0.08328
0.08602
0.0872
0.08276
0.08716
0.0866
0.0869
0.09568
0.11292
0.10626000000000001
0.0864
0.08818000000000001
0.08764
0.08824
0.0901
0.09222
0.09246
0.09440000000000001
0.09364
0.09366
0.09448000000000001
0.09236
0.09272
0.09422
0.09620000000000001
0.0991
0.10901999999999999
0.11338
0.12444
0.12124
0.11838
0.11668
0.10636
0.107
0.10382
0.10642
0.10184
0.11106
0.13218000000000002
0.13272
0.12290000000000001
0.12395999999999999
0.12604
0.12574
0.1254
0.12068000000000001
0.114
0.11476
0.11696
0.10914
0.09762
0.10356
0.12437999999999999
0.12346
0.12788
0.12616
0.12458
0.12572
0.134
0.13294
0.12608
0.12224
0.12192
0.12036
0.11982
0.12264
0.12498000000000001
0.12972
0.1431
0.14422
0.14568
0.14558000000000001
0.15882
0.1635
0.16788
0.16318000000000002
0.16119999999999998
0.16326
0.17058
0.17126
0.17204
0.1727
0.17276
0.17314
0.18634
0.18586000000000003
0.18838
0.1891
0.195
0.19634000000000001
0.20132
0.20063999999999999
0.19762000000000002
0.20096
0.20568
0.20784
0.21344
0.21756
0.22444
0.22724
0.22934000000000002
0.23134
0.23304
0.23163999999999998
0.23213999999999999
0.2316
0.23676
0.2334
0.2324
0.23756
0.24806
0.25404
0.2597
0.26145999999999997
0.26604
0.26627999999999996
0.26656
0.26646
0.26416
0.26977999999999996
0.27156
0.26856
0.26304
0.26122
0.25388
0.26404
0.28042
0.28596
0.29314
0.28636
0.27782
0.2691
0.25308
0.25839999999999996
0.26312
0.26206
0.26336000000000004
0.26486000000000004
0.26542
0.15856
0.0
0.0
0.0
0.0
0.0
0.0
0.0
0.0
0.0
0.0
0.0
0.0
0.0
0.0
0.0
