2e-05 2e-05 2e-05 2e-05 2e-05 2e-05 2e-05 2e-05 2e-05 2e-05 2e-05 2e-05 2e-05 2e-05 2e-05 2e-05
0.0 0.0 0.0 0.0 0.0 0.0 0.0 0.0 0.0 0.0 0.0 0.0 0.0 0.0 0.0 0.0
0.0 0.0 0.0 0.0 0.0 0.0 0.0 0.0 0.0 0.0 0.0 0.0 0.0 0.0 0.0 0.0
0.0 0.0 0.0 0.0 0.0 0.0 0.0 0.0 0.0 0.0 0.0 0.0 0.0 0.0 0.0 0.0
0.0 0.0 0.0 0.0 0.0 0.0 0.0 0.0 0.0 0.0 0.0 0.0 0.0 0.0 0.0 0.0
0.00912 0.016399999999999998 0.01558 0.0054800000000000005 0.01306 0.00078 0.013800000000000002 0.00428 0.0007199999999999999 0.01064 0.02476 0.006019999999999999 0.00532 0.01482 0.00414 0.00866
0.22868 0.26839999999999997 0.25606 0.21076 0.269 0.23956 0.30804000000000004 0.2137 0.24916 0.20122 0.2612 0.23268 0.20684 0.19154 0.16440000000000002 0.13662
0.2895 0.30889999999999995 0.29386 0.27477999999999997 0.32789999999999997 0.33652 0.37816000000000005 0.28586 0.35108 0.24115999999999999 0.26176 0.30634 0.26830000000000004 0.21004 0.21628 0.15606
0.29907999999999996 0.301 0.29518 0.26896 0.32458 0.3369 0.36288 0.2843 0.35952 0.24074 0.26194 0.30538 0.26516 0.20228 0.20846 0.15168
0.29763999999999996 0.3053 0.29406 0.27056 0.32306 0.33682 0.36266000000000004 0.2862 0.359 0.24108000000000002 0.2617 0.30457999999999996 0.26180000000000003 0.20336 0.21144 0.1489
0.29198 0.30666000000000004 0.28614 0.26006 0.31045999999999996 0.32542000000000004 0.34702 0.27648 0.3467 0.2271 0.25660000000000005 0.29106 0.25882 0.19568000000000002 0.2014 0.13866
0.29608 0.30507999999999996 0.28598 0.26048000000000004 0.31451999999999997 0.32426 0.34948 0.27494 0.34666 0.22654 0.25651999999999997 0.29272000000000004 0.25574 0.19628 0.20084 0.139
0.28966000000000003 0.30895999999999996 0.28987999999999997 0.2616 0.31889999999999996 0.31062 0.34564 0.26994 0.34228 0.22490000000000002 0.26422 0.28178 0.25232 0.19386 0.19341999999999998 0.14208
0.28716 0.30724 0.29016000000000003 0.26218 0.31556 0.30895999999999996 0.34326 0.26966 0.34034 0.22302000000000002 0.26174000000000003 0.28112 0.25092 0.19454 0.19284 0.1409
0.2711 0.29122000000000003 0.27898 0.259 0.30386 0.30612 0.33056 0.2621 0.33366 0.21208000000000002 0.24864 0.27198 0.24259999999999998 0.18775999999999998 0.1926 0.13486
0.2724 0.29 0.27996 0.25983999999999996 0.30234 0.30424 0.32880000000000004 0.26216 0.33133999999999997 0.2102 0.2471 0.27154 0.24176 0.18982 0.19219999999999998 0.13536
0.26868000000000003 0.30268 0.27998 0.25292 0.30594 0.29916000000000004 0.32972 0.25362 0.32912 0.20914 0.25432 0.27644 0.25284 0.19075999999999999 0.19034 0.13538
0.2726 0.29888 0.27948 0.25164 0.30595999999999995 0.29884 0.32733999999999996 0.25356 0.3282 0.20724 0.25328 0.27377999999999997 0.25352 0.19066 0.19212 0.13436
0.27878 0.29619999999999996 0.27377999999999997 0.23616 0.29836 0.30163999999999996 0.31416000000000005 0.2553 0.33922 0.20965999999999999 0.24012 0.27164 0.25266 0.18408000000000002 0.19791999999999998 0.14214
0.28158 0.29481999999999997 0.27572 0.23544 0.29834 0.30082 0.31544 0.25428 0.33838 0.21166 0.23998 0.27594 0.25494 0.18288 0.19772 0.1456
0.28554 0.29822000000000004 0.2803 0.23578 0.30310000000000004 0.30148 0.31995999999999997 0.25118 0.33888 0.21342 0.23586000000000001 0.27233999999999997 0.24946000000000002 0.17776 0.20196 0.149
0.28728 0.29528 0.28098 0.23564 0.30098 0.29916000000000004 0.31930000000000003 0.25382 0.3359 0.21256 0.2323 0.2686 0.2489 0.17742 0.19966 0.14706
0.28687999999999997 0.29022000000000003 0.2798 0.2338 0.29325999999999997 0.30806 0.3173 0.25972 0.34302 0.21658000000000002 0.21941999999999998 0.26776 0.24137999999999998 0.17622 0.198 0.14124
0.28616 0.28598 0.279 0.23578 0.29314 0.30933999999999995 0.3162 0.25714 0.34426 0.21438 0.22063999999999998 0.26474000000000003 0.24174 0.17765999999999998 0.19768 0.1424
0.27592 0.29006 0.27702 0.24118 0.29312 0.3029 0.31286 0.25562 0.3463 0.21388 0.22254 0.26596 0.24142 0.1812 0.19388 0.13913999999999999
0.27796 0.28714 0.27706000000000003 0.24015999999999998 0.29548 0.30336 0.31436000000000003 0.25714 0.34422 0.21303999999999998 0.22146000000000002 0.2651 0.24266 0.18222 0.1935 0.14004
0.27468 0.27504 0.2721 0.2343 0.2845 0.30724 0.30644 0.2558 0.34472 0.20648 0.20632 0.25874 0.24118 0.18180000000000002 0.19636 0.13254
0.27258 0.27374 0.26826 0.23118 0.28344 0.3009 0.30594 0.25342 0.3386 0.20732 0.20612 0.2607 0.23884 0.18084 0.19422 0.13288
0.2637 0.27166 0.26418 0.23096 0.28478 0.29331999999999997 0.30469999999999997 0.24096 0.32589999999999997 0.19763999999999998 0.20914 0.25134 0.23494 0.16984 0.18862 0.13108
0.2607 0.27402 0.26456 0.23218 0.2844 0.29374 0.305 0.24137999999999998 0.32652 0.19763999999999998 0.20887999999999998 0.24934 0.23542 0.16962 0.18768 0.12974000000000002
0.25048 0.26924000000000003 0.26095999999999997 0.22790000000000002 0.28154 0.28294 0.29998 0.2383 0.31394 0.19662000000000002 0.20965999999999999 0.24264 0.22762000000000002 0.1697 0.1774 0.12415999999999999
0.25094 0.26992 0.26008 0.2251 0.2829 0.2824 0.30157999999999996 0.23614 0.31316000000000005 0.19826 0.21046 0.24525999999999998 0.22928 0.16926 0.17434 0.1261
0.2535 0.26127999999999996 0.26436000000000004 0.22568000000000002 0.28254 0.28156 0.30178 0.23912 0.31522 0.19832 0.21130000000000002 0.24004 0.22644 0.16904 0.17248 0.12502
0.24872 0.26202 0.26324000000000003 0.22212 0.27882 0.27878 0.29822000000000004 0.23776 0.31226 0.199 0.20937999999999998 0.23896 0.2258 0.17024 0.17172 0.12406
0.2391 0.25938 0.26576 0.22396000000000002 0.2705 0.27902 0.29112 0.23092 0.30682 0.19708 0.20614 0.22874 0.2256 0.17202 0.16798 0.11878
0.24158000000000002 0.26039999999999996 0.26142000000000004 0.21718 0.27218000000000003 0.2742 0.29188 0.23296 0.30248 0.19472 0.20544 0.22844 0.22508 0.1695 0.1643 0.11956
0.2403 0.25862 0.26094 0.21580000000000002 0.26896 0.27538 0.28822000000000003 0.22716 0.30648000000000003 0.19204 0.20658 0.23124 0.22694 0.16808 0.16812 0.12056
0.2389 0.25994 0.25839999999999996 0.21424 0.26638 0.27534 0.28406 0.22513999999999998 0.30560000000000004 0.19341999999999998 0.20442 0.23044 0.22526 0.16776 0.16738 0.1198
0.24148 0.25514 0.26118 0.21312 0.26596 0.2739 0.28312 0.23152 0.30568 0.19332 0.20568 0.23212 0.2194 0.17294 0.1698 0.11954000000000001
0.24130000000000001 0.25651999999999997 0.25966 0.21422 0.26306 0.27326 0.28052 0.23302 0.30538 0.18853999999999999 0.2064 0.22866 0.21869999999999998 0.17056 0.17012 0.11888
0.23928 0.25276 0.25526 0.20772 0.25774 0.26982 0.27604 0.22826 0.29996 0.19212 0.19632 0.22906 0.217 0.16924 0.16734000000000002 0.11738
0.23854 0.25164 0.2529 0.20772 0.25936000000000003 0.26914 0.27532 0.2273 0.30110000000000003 0.18872 0.19804 0.22672 0.21756 0.16666 0.16682 0.11704
0.23682 0.24384 0.24364 0.20032 0.25356 0.26592 0.26572 0.21508000000000002 0.30536 0.17842 0.19184 0.21846000000000002 0.21402000000000002 0.15030000000000002 0.15652000000000002 0.1113
0.23546 0.24364 0.24496 0.19978 0.25062 0.26332 0.26288 0.2145 0.30328 0.17878 0.18791999999999998 0.21734 0.21496 0.14886000000000002 0.1546 0.10951999999999999
0.23113999999999998 0.23702 0.23984 0.19216 0.24819999999999998 0.25436000000000003 0.26392000000000004 0.21086000000000002 0.29256 0.17172 0.18134 0.20846 0.20752 0.1433 0.15216 0.10944
0.23252 0.23778 0.23822 0.19263999999999998 0.24836000000000003 0.25584 0.2637 0.21081999999999998 0.29316000000000003 0.17028000000000001 0.18026 0.20852 0.2046 0.14386000000000002 0.15314 0.10937999999999999
0.2343 0.23814 0.24052 0.18252000000000002 0.23904 0.252 0.25448 0.19966 0.28752 0.16256 0.17722 0.19690000000000002 0.20082 0.14174 0.15194 0.10942
0.235 0.23638 0.24184 0.18352000000000002 0.239 0.2536 0.25446 0.19822 0.28994 0.16156 0.17632 0.1983 0.20208 0.14312 0.1512 0.10914
0.23236 0.23558 0.23566 0.1815 0.23522 0.24946000000000002 0.24924000000000002 0.19841999999999999 0.28796 0.15512 0.18112 0.19528 0.2007 0.13966 0.15668 0.10878
0.23426 0.23364 0.23578 0.17981999999999998 0.23658 0.24814 0.24878 0.19824 0.28706 0.15380000000000002 0.17918 0.19728 0.20168 0.14106 0.15578 0.10987999999999999
0.2294 0.23502 0.23406 0.17488 0.233 0.24381999999999998 0.24396 0.1881 0.28064 0.15396 0.17768 0.19182 0.19912 0.1447 0.15214 0.10778
0.22954 0.23282 0.23612 0.17368 0.23118 0.24181999999999998 0.24158000000000002 0.18958000000000003 0.27914 0.15052000000000001 0.17902 0.18866 0.20424 0.14172 0.15053999999999998 0.10632
0.22418000000000002 0.23013999999999998 0.22806 0.1715 0.22624 0.24008000000000002 0.24154 0.18256 0.27462000000000003 0.14718 0.17634 0.18578 0.1972 0.13652 0.14094 0.10176
0.22466 0.22806 0.22788 0.17144 0.22596 0.23774 0.24159999999999998 0.18238 0.27236 0.14538 0.17586000000000002 0.18424000000000001 0.19538 0.13602 0.14136 0.10048
0.2216 0.22872 0.22541999999999998 0.16222 0.22532 0.22769999999999999 0.23708 0.17108 0.26404 0.1367 0.17292 0.17532 0.19538 0.12664 0.1349 0.09954
0.21928 0.22718 0.22452 0.16256 0.22406 0.22826 0.23588 0.17188 0.26392000000000004 0.1351 0.17064 0.17354 0.19502 0.12608 0.13532 0.09731999999999999
0.21791999999999997 0.22296000000000002 0.21941999999999998 0.16372 0.22608 0.23192 0.2375 0.17146 0.2687 0.13236 0.16513999999999998 0.17694 0.19454 0.12076 0.13312000000000002 0.09456
0.21824000000000002 0.22175999999999998 0.21853999999999998 0.163 0.22426 0.23 0.23656 0.17268 0.26646 0.13334000000000001 0.16346 0.17792 0.194 0.12176000000000001 0.1338 0.09372
0.21008000000000002 0.22463999999999998 0.21303999999999998 0.15514 0.21716 0.2216 0.22776 0.16312000000000001 0.25908 0.1255 0.16484000000000001 0.17202 0.19578 0.11976 0.12752 0.0905
0.2114 0.2201 0.20918 0.15247999999999998 0.21719999999999998 0.222 0.22768 0.16116 0.25780000000000003 0.12602 0.16191999999999998 0.17328 0.19391999999999998 0.11704 0.1268 0.08964
0.20262 0.20693999999999999 0.19626 0.14266 0.2074 0.21878 0.21974000000000002 0.15872 0.24697999999999998 0.12714 0.15480000000000002 0.1668 0.18166 0.11504 0.12188 0.08576
0.20222 0.20806 0.19828 0.14262 0.2074 0.22038 0.22019999999999998 0.16118000000000002 0.24912 0.12766 0.1545 0.16556 0.18188 0.11404 0.12224 0.0859
0.20442 0.20743999999999999 0.2081 0.14078 0.20822 0.22030000000000002 0.22319999999999998 0.16436 0.24438 0.13276 0.14998 0.16004 0.178 0.10984000000000001 0.12068000000000001 0.09306
0.20442 0.20746 0.20952 0.14186 0.20624 0.21978 0.22128 0.1623 0.2464 0.13112000000000001 0.15006 0.16124000000000002 0.17892 0.11028 0.12074 0.09237999999999999
0.20394 0.21262 0.20524 0.1406 0.20328 0.21912 0.21616 0.16018000000000002 0.2476 0.12778 0.14928 0.15982 0.17662 0.10629999999999999 0.12136 0.08964
0.20504 0.20754 0.20884 0.14166 0.20582 0.22 0.2179 0.1618 0.24791999999999997 0.12808 0.14709999999999998 0.16094 0.18064 0.10554000000000001 0.12138 0.09058
0.2028 0.20024 0.2067 0.14476 0.20514 0.22191999999999998 0.21797999999999998 0.169 0.24725999999999998 0.13168000000000002 0.13824 0.16534000000000001 0.17648 0.10242 0.1333 0.1003
0.20142 0.20004 0.20614 0.14478 0.20358 0.22341999999999998 0.21746000000000001 0.16786 0.24638 0.13106 0.13946 0.16378 0.175 0.10407999999999999 0.13518 0.09876
0.20036 0.1983 0.20126 0.1405 0.20088 0.2185 0.21919999999999998 0.16934 0.2327 0.12782 0.14942 0.16436 0.17034 0.1038 0.13078 0.09812
0.19702 0.19976 0.19902 0.1428 0.19794 0.2186 0.21564 0.1657 0.23232 0.12718000000000002 0.14604 0.1638 0.16838 0.10334 0.13022 0.09770000000000001
0.19572 0.19952 0.19458 0.13806000000000002 0.19688 0.21209999999999998 0.21534 0.15518 0.22612000000000002 0.12086 0.13734 0.1598 0.17224 0.10252 0.13140000000000002 0.09752
0.19391999999999998 0.19902 0.19268000000000002 0.14052 0.19563999999999998 0.21372 0.21402000000000002 0.15506 0.2281 0.11986 0.1371 0.15966 0.1711 0.10186 0.13218000000000002 0.09638
0.19291999999999998 0.19074000000000002 0.18796000000000002 0.13812 0.19144 0.21456 0.2076 0.15641999999999998 0.2292 0.11368 0.13002 0.16018000000000002 0.17142 0.1024 0.1321 0.09062
0.19188 0.18974000000000002 0.18697999999999998 0.13836 0.18844 0.21338 0.20566 0.15538 0.22854 0.11266 0.13054 0.15858 0.1709 0.10148 0.1316 0.08982
0.18736000000000003 0.17934 0.17748 0.14178 0.18096 0.21697999999999998 0.20042 0.15475999999999998 0.22952 0.10851999999999999 0.12732 0.15869999999999998 0.16091999999999998 0.09820000000000001 0.13074000000000002 0.08392000000000001
0.18524000000000002 0.17804 0.17736000000000002 0.13948 0.17862 0.21462 0.19812000000000002 0.1554 0.22740000000000002 0.10773999999999999 0.12538 0.15514 0.16256 0.09702 0.13041999999999998 0.08264
0.18128 0.17737999999999998 0.17174 0.13466 0.17484 0.20672 0.19746 0.15088 0.21919999999999998 0.10737999999999999 0.12165999999999999 0.15206 0.1603 0.09236 0.1286 0.08582
0.17806 0.17452 0.1734 0.13546 0.1728 0.20756 0.19402 0.14886000000000002 0.22069999999999998 0.10490000000000001 0.11772 0.15166 0.15946000000000002 0.0923 0.12836 0.0856
0.16791999999999999 0.1698 0.16936 0.13074000000000002 0.17122 0.1956 0.18631999999999999 0.14298 0.21409999999999998 0.0992 0.11045999999999999 0.14264 0.15734 0.0843 0.11962 0.08188
0.16806000000000001 0.1726 0.16696 0.13026 0.17144 0.19376 0.1866 0.14318 0.21159999999999998 0.09986 0.11166 0.14066 0.15553999999999998 0.08612 0.11742 0.081
0.16608 0.17182 0.16994 0.1232 0.17278 0.18512 0.18713999999999997 0.13586 0.2056 0.10312 0.11398 0.13504 0.15522 0.08902 0.10266 0.07236
0.16390000000000002 0.173 0.16963999999999999 0.12298 0.17232 0.18512 0.18663999999999997 0.1373 0.20462 0.10298 0.1162 0.1345 0.1534 0.0905 0.10348 0.07154
0.16362000000000002 0.16654 0.16982 0.12046 0.1707 0.18430000000000002 0.18580000000000002 0.14036 0.19763999999999998 0.10642 0.12256 0.13541999999999998 0.14934 0.09659999999999999 0.10194 0.07012
0.16344 0.17282 0.17046 0.12056 0.17234 0.1845 0.18763999999999997 0.14006 0.19836 0.10865999999999999 0.12348 0.13641999999999999 0.14806 0.09858 0.1011 0.07116
0.17792 0.18496 0.17936000000000002 0.12256 0.18602000000000002 0.17758000000000002 0.2029 0.1399 0.19038 0.11404 0.13588 0.13758 0.14868 0.10046 0.0998 0.07659999999999999
0.17446 0.18668 0.17909999999999998 0.12204000000000001 0.18418 0.17958000000000002 0.2018 0.1352 0.19266 0.11676 0.13524 0.13826 0.1494 0.1011 0.09778 0.07623999999999999
0.1705 0.17434 0.172 0.11514 0.17687999999999998 0.17334 0.19612000000000002 0.13526 0.18318 0.1093 0.12708 0.13 0.14546 0.09764 0.09234 0.06864
0.1666 0.17278 0.17146 0.11352 0.17528 0.17468 0.195 0.13474 0.18469999999999998 0.1076 0.12286 0.13034 0.14708000000000002 0.09514 0.09186 0.0686
0.15947999999999998 0.16713999999999998 0.16162 0.11314 0.16696 0.1766 0.18636000000000003 0.12398 0.1844 0.10304 0.1026 0.12734 0.1499 0.0813 0.09284 0.06992
0.15746000000000002 0.16546 0.16126 0.11492000000000001 0.16506 0.1782 0.18384 0.1242 0.18524000000000002 0.10248 0.10038 0.1269 0.14806 0.08009999999999999 0.09354000000000001 0.06856
0.15008000000000002 0.15591999999999998 0.15422 0.11476 0.15886 0.17944 0.17880000000000001 0.12778 0.18497999999999998 0.10026 0.08986 0.12828 0.14624 0.07452 0.09564 0.06676
0.15053999999999998 0.15472 0.15166 0.113 0.15812 0.1766 0.17862 0.1281 0.18274 0.10022 0.0889 0.12888 0.1452 0.07357999999999999 0.09372 0.06694
0.15684 0.1463 0.14374 0.11352 0.15458000000000002 0.181 0.17352 0.13182 0.1866 0.09892000000000001 0.0814 0.13234 0.14228 0.07092 0.09774 0.06738
0.15328 0.1479 0.14252 0.11236 0.15444 0.17792 0.17394 0.13166 0.18418 0.09698000000000001 0.08228 0.12890000000000001 0.14328 0.068 0.09454000000000001 0.06652
0.13956 0.14515999999999998 0.14214 0.10998000000000001 0.1522 0.16522 0.16734000000000002 0.11556 0.17202 0.08766 0.0772 0.11962 0.1403 0.0624 0.0861 0.06046
0.14058 0.14486000000000002 0.1401 0.1085 0.15366 0.1636 0.16898 0.11686 0.1689 0.08685999999999999 0.07794 0.119 0.13944 0.06252 0.0859 0.061880000000000004
0.13536 0.14132 0.134 0.10438 0.15052000000000001 0.15916 0.16594 0.11345999999999999 0.15874000000000002 0.08588 0.07606 0.11445999999999999 0.13063999999999998 0.0598 0.08248 0.0594
0.13396 0.13894 0.1338 0.10338 0.15026 0.15725999999999998 0.16604 0.11348 0.15741999999999998 0.0858 0.07654000000000001 0.11452 0.12928 0.0599 0.08081999999999999 0.05876
0.12548 0.13376 0.1286 0.10596 0.14642 0.15784 0.15862 0.1155 0.1606 0.08838 0.07406 0.11642 0.12554 0.0581 0.08168 0.05668
0.12594 0.13276 0.12824000000000002 0.10586 0.1472 0.15712 0.15963999999999998 0.1135 0.16025999999999999 0.08907999999999999 0.07418000000000001 0.11714 0.12526 0.057659999999999996 0.08045999999999999 0.05702
0.1231 0.13022 0.12746 0.105 0.14962 0.15158000000000002 0.16358 0.11486 0.15419999999999998 0.08794 0.07764 0.1153 0.1238 0.05814 0.07851999999999999 0.054920000000000004
0.12359999999999999 0.13118000000000002 0.12618000000000001 0.10374 0.14808000000000002 0.14881999999999998 0.16188 0.11431999999999999 0.15372 0.08662 0.07768000000000001 0.11494 0.12359999999999999 0.05782 0.07856 0.05546
0.12486 0.13190000000000002 0.12694 0.10222 0.15 0.14558000000000001 0.16162 0.1145 0.15662 0.08888 0.0747 0.11506 0.12538 0.0581 0.08034000000000001 0.0599
0.12472 0.13046000000000002 0.12626 0.10124 0.14958000000000002 0.14274 0.1615 0.11342 0.15486000000000003 0.08812 0.07458 0.11454 0.12412000000000001 0.0585 0.0803 0.05898
0.12628 0.1293 0.12872 0.09908 0.15162 0.1422 0.16104 0.11095999999999999 0.15574000000000002 0.08634 0.07284 0.11404 0.12556 0.06096 0.07845999999999999 0.0571
0.12528 0.12936 0.12762 0.10036 0.15031999999999998 0.14266 0.15934 0.11090000000000001 0.15528 0.08564 0.07396 0.11218 0.12666 0.060399999999999995 0.07928 0.0587
0.12490000000000001 0.12808 0.12518 0.09984 0.1487 0.13848 0.15925999999999998 0.10859999999999999 0.1489 0.08542 0.07759999999999999 0.1139 0.12412000000000001 0.06086 0.0818 0.06288
0.1225 0.12428 0.12409999999999999 0.10008 0.14687999999999998 0.1384 0.15763999999999997 0.10822 0.14828 0.08412 0.07536 0.11244 0.12279999999999999 0.061880000000000004 0.08178 0.061439999999999995
0.12064 0.12168000000000001 0.12 0.09558 0.1464 0.13534000000000002 0.15730000000000002 0.10592 0.14612 0.08128 0.07171999999999999 0.11001999999999999 0.12022 0.06014 0.07923999999999999 0.05682
0.1195 0.12265999999999999 0.11988 0.09745999999999999 0.14416 0.13646 0.15556 0.10466 0.14594 0.08166 0.07076 0.10948000000000001 0.11942 0.05856 0.07759999999999999 0.05586
0.1215 0.12542 0.12395999999999999 0.0965 0.14712 0.13763999999999998 0.15958 0.10248 0.14364 0.08422 0.06976 0.10786 0.12012 0.0536 0.07342 0.05534
0.12118000000000001 0.12323999999999999 0.12552 0.09636 0.14665999999999998 0.13878000000000001 0.15897999999999998 0.10590000000000001 0.14418 0.08444 0.0716 0.10734 0.12024 0.054700000000000006 0.07372 0.05646
0.11876 0.12142 0.13402 0.09878 0.14328 0.1394 0.15531999999999999 0.12016 0.14384 0.08898 0.08131999999999999 0.10768000000000001 0.1184 0.05738 0.0761 0.06364
0.11688 0.12016 0.13278 0.09704 0.14254 0.13744 0.15525999999999998 0.11864 0.14244 0.08990000000000001 0.08095999999999999 0.10726000000000001 0.11906 0.056799999999999996 0.07556 0.061560000000000004
0.11481999999999999 0.11828 0.12522 0.09612000000000001 0.13868 0.137 0.15052000000000001 0.10848000000000001 0.14074 0.08356 0.07706 0.1055 0.11516 0.05676 0.07372 0.056420000000000005
0.11458 0.12014 0.12415999999999999 0.09381999999999999 0.1394 0.13572 0.15286000000000002 0.10987999999999999 0.13904 0.082 0.078 0.105 0.11756 0.055200000000000006 0.0716 0.05626
0.11398 0.12014 0.11668 0.09362000000000001 0.14 0.13226 0.15446000000000001 0.10036 0.13463999999999998 0.07658 0.07152 0.10338 0.11514 0.055380000000000006 0.07044 0.050320000000000004
0.11220000000000001 0.1201 0.11576 0.0935 0.13848 0.13458 0.15303999999999998 0.09992 0.13624 0.07506 0.07006 0.10278 0.11516 0.054939999999999996 0.07034 0.04994
0.11218 0.11548 0.11072 0.0927 0.13694 0.13240000000000002 0.15037999999999999 0.09623999999999999 0.1341 0.07148 0.06598000000000001 0.10012 0.11031999999999999 0.0515 0.06954 0.046299999999999994
0.10942 0.1143 0.11195999999999999 0.09068000000000001 0.13548 0.13144 0.14984 0.09704 0.13288 0.07266 0.06356 0.10048 0.11184000000000001 0.05094 0.06874 0.04532
0.10751999999999999 0.11226 0.11004000000000001 0.09378 0.13234 0.1301 0.14802 0.09459999999999999 0.13074000000000002 0.07232 0.06232 0.09845999999999999 0.10928 0.04954 0.06731999999999999 0.0436
0.10934 0.11292 0.10951999999999999 0.09301999999999999 0.13290000000000002 0.13044 0.14918 0.09423999999999999 0.13158 0.07178 0.06342 0.09802 0.10826000000000001 0.0505 0.06668 0.044340000000000004
0.10765999999999999 0.11358 0.11148000000000001 0.08982 0.12858 0.12936 0.14388 0.09234 0.13094 0.06938 0.064 0.09286 0.10944 0.05166 0.06454 0.04082
0.10706 0.114 0.11058 0.08986 0.12778 0.12822 0.14343999999999998 0.09258 0.12934 0.0701 0.0635 0.09408 0.1087 0.05092 0.06242 0.04118
0.10629999999999999 0.11073999999999999 0.10912000000000001 0.08906 0.12638 0.1269 0.14458000000000001 0.09544 0.1268 0.07072 0.061399999999999996 0.09184 0.10744 0.050320000000000004 0.06186 0.03915999999999999
0.10546 0.10918000000000001 0.11120000000000001 0.08888 0.12574 0.12947999999999998 0.14428 0.09545999999999999 0.12958 0.07042 0.0615 0.09326000000000001 0.10708 0.05166 0.06362 0.040600000000000004
0.10845999999999999 0.10662 0.11266 0.09084 0.1248 0.13194 0.14542 0.10112 0.13062 0.07336 0.06458 0.09673999999999999 0.10472 0.0485 0.06714 0.04868
0.10684 0.10832 0.1097 0.09079999999999999 0.12498000000000001 0.13112000000000001 0.14452 0.09944 0.12913999999999998 0.07482 0.06394 0.09814 0.10368000000000001 0.04814 0.06628 0.04854
0.10668000000000001 0.1062 0.10858 0.09232 0.1325 0.12684 0.15075999999999998 0.09974 0.1267 0.07614 0.0633 0.09858 0.10106 0.04772 0.06672 0.04708
0.10668000000000001 0.10598 0.1082 0.09232 0.13116 0.12722 0.14858000000000002 0.09952 0.12692 0.07606 0.0644 0.09972 0.10116 0.047159999999999994 0.06570000000000001 0.048
0.10272 0.10174 0.10378 0.09518 0.1263 0.13154 0.1418 0.09822 0.13296 0.08023999999999999 0.06024 0.10206 0.10098 0.046979999999999994 0.06406 0.0446
0.1022 0.10424 0.1057 0.09504 0.12766 0.13158 0.14378 0.10081999999999999 0.133 0.08136 0.060200000000000004 0.10378 0.10044 0.0471 0.06278 0.04446
0.10496 0.10706 0.10873999999999999 0.09828 0.13352 0.13424 0.15024 0.10543999999999999 0.13532 0.0883 0.06362 0.10696 0.10174 0.047439999999999996 0.06292 0.04884
0.10454000000000001 0.10529999999999999 0.11006 0.09902 0.13356 0.13554 0.15028 0.1052 0.1369 0.08414 0.0637 0.10392 0.10506 0.04646 0.0625 0.047479999999999994
0.10212 0.10438 0.10578 0.09259999999999999 0.1288 0.13246 0.1438 0.09744 0.1336 0.07958 0.05802 0.0985 0.1031 0.047939999999999997 0.0608 0.04046
0.10548 0.106 0.10628 0.09290000000000001 0.1305 0.12944 0.14322 0.0985 0.1318 0.08095999999999999 0.06012 0.09998 0.10262 0.046119999999999994 0.06008 0.04262
0.10858 0.10966 0.11108 0.09194 0.13613999999999998 0.12092 0.14306 0.10344 0.12584 0.09029999999999999 0.06612 0.10194 0.10074 0.0465 0.061759999999999995 0.05142
0.10864 0.10662 0.10684 0.08902 0.1349 0.11988 0.14226 0.10204 0.12564 0.08857999999999999 0.061 0.10288 0.09966 0.044899999999999995 0.062240000000000004 0.05094
0.10126 0.0895 0.09028 0.08288 0.12192 0.11708 0.1285 0.0942 0.12279999999999999 0.07634 0.03872 0.10134 0.09826 0.037219999999999996 0.06246 0.04186
0.1008 0.091 0.08816 0.0842 0.12246 0.11826 0.12938 0.09431999999999999 0.12364 0.07551999999999999 0.03816 0.09988 0.09786 0.03682 0.061759999999999995 0.0424
0.09645999999999999 0.08972 0.08929999999999999 0.0866 0.12143999999999999 0.11594 0.12806 0.09506 0.12066 0.07490000000000001 0.03602 0.09996 0.09912 0.03562 0.05968 0.04118
0.09658 0.08864 0.09087999999999999 0.08496 0.12128 0.11602 0.12716 0.09564 0.1207 0.07745999999999999 0.03848 0.1002 0.0974 0.03582 0.06012 0.04224
0.09722 0.08956 0.09888 0.08188 0.11986 0.11366 0.12301999999999999 0.10282 0.12029999999999999 0.08316 0.04732 0.09766 0.09673999999999999 0.0352 0.05818 0.04958
0.09728 0.08786 0.09645999999999999 0.08078 0.11912 0.11238 0.12306 0.09904 0.11898 0.07918 0.0446 0.09454000000000001 0.0952 0.03564 0.058159999999999996 0.046380000000000005
0.09512000000000001 0.08812 0.09287999999999999 0.07612000000000001 0.1161 0.10845999999999999 0.12172 0.08576 0.11331999999999999 0.06872 0.037880000000000004 0.08742 0.09658 0.03504 0.055119999999999995 0.040619999999999996
0.09456 0.0871 0.09173999999999999 0.07608 0.118 0.10742 0.12336 0.08608 0.11295999999999999 0.06934 0.03732 0.0883 0.09440000000000001 0.03464 0.056299999999999996 0.0404
0.09558 0.08624 0.08771999999999999 0.07529999999999999 0.12062 0.10556 0.12437999999999999 0.08498 0.11159999999999999 0.06798 0.03606 0.089 0.092 0.0334 0.056159999999999995 0.040159999999999994
0.09437999999999999 0.08474 0.08774 0.07534 0.1194 0.10654000000000001 0.12186 0.08554 0.11223999999999999 0.06694 0.03596 0.08704 0.09358 0.03314 0.056960000000000004 0.03968
0.09423999999999999 0.08514000000000001 0.08832 0.07106 0.1164 0.10371999999999999 0.1183 0.08045999999999999 0.11076000000000001 0.06692000000000001 0.03438 0.08362 0.09309999999999999 0.02962 0.04984 0.0384
0.09390000000000001 0.0853 0.09076000000000001 0.07252 0.11616 0.10574 0.11838 0.08054 0.11259999999999999 0.06714 0.0363 0.08184000000000001 0.09258 0.03102 0.049479999999999996 0.03972
0.09284 0.0907 0.09926 0.07378 0.11842 0.1062 0.12301999999999999 0.08834 0.1123 0.07379999999999999 0.04086 0.08008 0.09376000000000001 0.03246 0.04728 0.0412
0.09331999999999999 0.09004000000000001 0.09998 0.07366 0.11952 0.10626000000000001 0.12362000000000001 0.0885 0.1118 0.07468000000000001 0.04372 0.08212 0.09509999999999999 0.03352 0.0471 0.04324
0.09558 0.08979999999999999 0.10024 0.07598 0.1199 0.10854000000000001 0.12522 0.09340000000000001 0.11348 0.07572 0.05096 0.08456 0.09584000000000001 0.03556 0.04906 0.04328
0.09459999999999999 0.09028 0.09774 0.07536 0.11888 0.10615999999999999 0.12362000000000001 0.08974 0.11128 0.0735 0.04772 0.0846 0.09459999999999999 0.03514 0.0489 0.04102
0.09074 0.08964 0.08928 0.074 0.11864 0.10476 0.12236 0.08094 0.11018 0.06652 0.03718 0.08202 0.09359999999999999 0.03 0.04496 0.033960000000000004
0.09196 0.09058 0.09140000000000001 0.07418000000000001 0.1199 0.10740000000000001 0.12372 0.08026000000000001 0.11226 0.06714 0.03936 0.08274 0.09516 0.03032 0.04672 0.03456
0.09115999999999999 0.09456 0.09344 0.07442 0.12084 0.10479999999999999 0.12646 0.08028 0.10962000000000001 0.07002 0.0429 0.08362 0.09587999999999999 0.03154 0.046880000000000005 0.03736
0.09196 0.0945 0.09390000000000001 0.07498 0.12124 0.10648 0.12722 0.0813 0.1113 0.06898 0.04316 0.0829 0.09670000000000001 0.03214 0.04856 0.039479999999999994
0.09308 0.09694 0.09634000000000001 0.07316 0.12148 0.10687999999999999 0.1274 0.08086 0.11122 0.06718 0.04516 0.08131999999999999 0.09628 0.031920000000000004 0.0535 0.0433
0.09287999999999999 0.09526000000000001 0.09518 0.07372 0.12002 0.10512 0.1264 0.07923999999999999 0.10936 0.0664 0.04338 0.08228 0.09584000000000001 0.033100000000000004 0.05226 0.04144
0.09004000000000001 0.09134 0.09136 0.07396 0.11926 0.1039 0.12514 0.07676000000000001 0.10923999999999999 0.061340000000000006 0.03896 0.0799 0.09784000000000001 0.03438 0.05058 0.036
0.09326000000000001 0.0953 0.09129999999999999 0.07322 0.12386 0.10418000000000001 0.13022 0.07787999999999999 0.10945999999999999 0.061439999999999995 0.045079999999999995 0.0808 0.09631999999999999 0.0365 0.0511 0.03646
0.09945999999999999 0.10158 0.09776 0.07424 0.12990000000000002 0.10384 0.13552 0.07726000000000001 0.10906 0.06086 0.06192 0.08158 0.09644 0.044719999999999996 0.05236 0.03552
0.09623999999999999 0.09928000000000001 0.09652 0.07490000000000001 0.12734 0.10484 0.1333 0.07751999999999999 0.11045999999999999 0.05994 0.05656 0.08120000000000001 0.09714 0.04144 0.05276 0.03686
0.0872 0.08928 0.08824 0.07292 0.1158 0.10216 0.12096 0.0772 0.1075 0.05804 0.037880000000000004 0.07956 0.09437999999999999 0.03338 0.0546 0.03976
0.0867 0.0889 0.08864 0.07276 0.11170000000000001 0.10318000000000001 0.11744 0.07546 0.10914 0.0569 0.0376 0.0772 0.094 0.03324 0.0545 0.03714
0.08592 0.08612 0.08916 0.06954 0.10493999999999999 0.10643999999999999 0.10987999999999999 0.07152 0.11216 0.054340000000000006 0.0345 0.0724 0.09158 0.0327 0.04992 0.02942
0.08758 0.08586 0.08962 0.06964000000000001 0.10664 0.10486 0.11172 0.073 0.1103 0.055380000000000006 0.03536 0.07246 0.09094 0.03324 0.0504 0.030260000000000002
0.08666 0.08672 0.08990000000000001 0.0707 0.10579999999999999 0.10256 0.11170000000000001 0.0729 0.10779999999999999 0.055420000000000004 0.039259999999999996 0.07128 0.08876 0.033460000000000004 0.05266 0.031420000000000003
0.08846 0.0871 0.09090000000000001 0.06926 0.10744 0.10128 0.113 0.07271999999999999 0.10638 0.05534 0.039700000000000006 0.07078 0.08928 0.03318 0.05212 0.032119999999999996
0.08821999999999999 0.08798 0.09092 0.06724 0.10582 0.09812 0.11188 0.06926 0.10262 0.054020000000000006 0.03996 0.0711 0.0902 0.03034 0.0495 0.03578
0.08602 0.08907999999999999 0.09101999999999999 0.06698 0.10506 0.09834 0.11087999999999999 0.07078 0.10272 0.054479999999999994 0.038439999999999995 0.07206 0.09065999999999999 0.03048 0.0513 0.0364
0.08496 0.08857999999999999 0.0882 0.06822 0.10643999999999999 0.0952 0.11126000000000001 0.07112 0.10044 0.055420000000000004 0.03562 0.07508 0.09029999999999999 0.0281 0.054979999999999994 0.04104
0.08252 0.08972 0.08943999999999999 0.0678 0.10308 0.095 0.10842 0.06916 0.1006 0.054439999999999995 0.03516 0.07424 0.09186 0.02854 0.05496 0.0414
0.08222 0.0888 0.087 0.06668 0.10964 0.09090000000000001 0.11398 0.07046 0.09587999999999999 0.05368 0.03372 0.07202 0.08936 0.02782 0.055560000000000005 0.041659999999999996
0.08388 0.08734 0.08714 0.06542 0.10865999999999999 0.08898 0.11426 0.07014 0.09404000000000001 0.05454 0.03462 0.0736 0.08936 0.027420000000000003 0.054560000000000004 0.041460000000000004
0.08574 0.08736 0.08964 0.06638 0.1085 0.09282 0.11295999999999999 0.06868 0.0968 0.053939999999999995 0.03412 0.07086 0.0911 0.0281 0.05286 0.03822
0.08582 0.0885 0.08824 0.065 0.10864 0.09034 0.11378 0.0682 0.09473999999999999 0.054380000000000005 0.0348 0.07088 0.08990000000000001 0.029 0.0506 0.038020000000000005
0.08602 0.08852 0.09015999999999999 0.06278 0.10796 0.0895 0.1119 0.06506 0.09492 0.05124 0.0366 0.06548000000000001 0.092 0.02944 0.04622 0.03388
0.0872 0.0895 0.09122 0.061020000000000005 0.10826000000000001 0.08802 0.11288 0.06382 0.09294 0.05198 0.0389 0.0664 0.09054000000000001 0.03162 0.04498 0.03342
0.09101999999999999 0.09259999999999999 0.09608 0.06218 0.11081999999999999 0.09048 0.11652 0.06074 0.09422 0.05246 0.045340000000000005 0.06498000000000001 0.09259999999999999 0.0362 0.03978 0.02976
0.09523999999999999 0.09854 0.09804 0.06358 0.11408 0.0942 0.119 0.06386 0.09944 0.05354 0.05054 0.06676 0.09604 0.040119999999999996 0.0431 0.030199999999999998
0.10394 0.10972 0.10615999999999999 0.06714 0.11988 0.10368000000000001 0.12329999999999999 0.07018 0.11036 0.05602 0.06522 0.07408 0.10572 0.0499 0.04822 0.030699999999999998
0.10426 0.11004000000000001 0.10574 0.06758 0.12043999999999999 0.1026 0.12401999999999999 0.0692 0.10844 0.0572 0.06578 0.07352 0.10212 0.0479 0.047259999999999996 0.03158
0.10402 0.10908 0.1051 0.06342 0.12174 0.09598000000000001 0.12548 0.06566 0.10078 0.062479999999999994 0.06684 0.06986 0.09422 0.0428 0.0422 0.03452
0.10098 0.10704000000000001 0.10128 0.06332 0.11782 0.09492 0.12254000000000001 0.06516 0.10042 0.060399999999999995 0.06166 0.06848 0.09358 0.040780000000000004 0.04238 0.03392
0.09158 0.09528 0.09559999999999999 0.06672 0.10987999999999999 0.09364 0.11468 0.0643 0.09812 0.05446 0.04938 0.06559999999999999 0.092 0.03818 0.0434 0.0295
0.09381999999999999 0.09476000000000001 0.09604 0.06595999999999999 0.11126000000000001 0.09256 0.11548 0.06656000000000001 0.09786 0.05422 0.04902 0.06692000000000001 0.09344 0.037880000000000004 0.04396 0.02954
0.09931999999999999 0.09492 0.09558 0.06523999999999999 0.11026000000000001 0.09062 0.11264 0.0676 0.09752 0.054259999999999996 0.04856 0.07086 0.09348000000000001 0.038079999999999996 0.04636 0.031059999999999997
0.09878 0.09472 0.09576000000000001 0.06668 0.10834 0.0916 0.11106 0.07038 0.09824 0.05568 0.04834 0.07221999999999999 0.09422 0.038079999999999996 0.046479999999999994 0.03086
0.1018 0.09676 0.09602 0.06948 0.10876000000000001 0.0952 0.1124 0.07506 0.1027 0.06418 0.048479999999999995 0.08 0.09498000000000001 0.039240000000000004 0.048920000000000005 0.032380000000000006
0.10162 0.1016 0.0988 0.06956 0.11137999999999999 0.09481999999999999 0.11481999999999999 0.07424 0.10214 0.062259999999999996 0.05354 0.07940000000000001 0.09673999999999999 0.0412 0.04956 0.032380000000000006
0.10615999999999999 0.11084000000000001 0.10715999999999999 0.07106 0.1205 0.09314 0.12458 0.0705 0.09954 0.05878 0.07302 0.07864 0.10012 0.052 0.054340000000000006 0.03698
0.10264 0.11068 0.10654000000000001 0.0712 0.11942 0.0937 0.1232 0.07102 0.0995 0.059840000000000004 0.07198 0.07856 0.09814 0.05024 0.053079999999999995 0.0361
0.09622 0.10356 0.10072 0.06958 0.11998 0.08732 0.12376000000000001 0.072 0.0937 0.06228 0.06748 0.07564 0.08996 0.04686 0.0498 0.03546
0.09612000000000001 0.1044 0.10192 0.06966 0.12036 0.08656 0.12378 0.07036 0.09356 0.061560000000000004 0.06858 0.07498 0.09126000000000001 0.047240000000000004 0.048420000000000005 0.0348
0.0955 0.10606 0.10304 0.06804 0.12208 0.08118 0.1235 0.07 0.09054000000000001 0.06056 0.07354000000000001 0.07086 0.09240000000000001 0.047700000000000006 0.046520000000000006 0.03486
0.09886 0.10832 0.10507999999999999 0.0684 0.12437999999999999 0.08331999999999999 0.127 0.07234 0.09314 0.060880000000000004 0.07440000000000001 0.07236 0.09348000000000001 0.04978 0.047659999999999994 0.03688
0.10146 0.10916 0.10931999999999999 0.07082 0.1268 0.0874 0.12984 0.0726 0.09894 0.06644 0.0731 0.07388 0.096 0.05168 0.04826 0.03704
0.10224 0.11095999999999999 0.10962000000000001 0.06946 0.125 0.08938 0.12772 0.072 0.10056 0.06609999999999999 0.07262 0.0745 0.09695999999999999 0.05056 0.04874 0.0378
0.10586 0.1124 0.10981999999999999 0.06881999999999999 0.124 0.09508 0.1271 0.06962 0.1055 0.06774 0.07298 0.07392 0.09976 0.04986 0.05128 0.04314
0.10454000000000001 0.11384 0.11036 0.06934 0.1212 0.0958 0.12486 0.06904 0.10662 0.06808 0.0724 0.07587999999999999 0.10054 0.049659999999999996 0.05026 0.04282
0.10778 0.1196 0.11402 0.07278 0.12768000000000002 0.10316 0.13038 0.07324 0.11345999999999999 0.07194 0.0727 0.07906 0.10522 0.05022 0.05208 0.04236
0.10565999999999999 0.1157 0.10872 0.07288 0.12502 0.10556 0.12869999999999998 0.07526000000000001 0.11481999999999999 0.07104 0.06758 0.08112 0.10371999999999999 0.047979999999999995 0.05296 0.04218
0.09894 0.11023999999999999 0.10264 0.07629999999999999 0.1149 0.11678 0.11966 0.07922 0.12262 0.06994 0.0494 0.08518 0.10772 0.04164 0.052520000000000004 0.03798
0.10196 0.11422 0.10722 0.07768000000000001 0.11936 0.11546 0.12465999999999999 0.08059999999999999 0.12129999999999999 0.07282 0.05722 0.08656 0.10944 0.04492 0.05156 0.03878
0.11206 0.12678 0.12093999999999999 0.0825 0.13616 0.12168000000000001 0.1432 0.08272 0.12672 0.08023999999999999 0.08109999999999999 0.08874 0.1167 0.05518 0.05108 0.0419
0.1155 0.1311 0.12412000000000001 0.08048000000000001 0.13872 0.12237999999999999 0.14584 0.0839 0.12774 0.08198 0.08386 0.09074 0.11784 0.05416 0.05018 0.044039999999999996
0.12636 0.14084 0.12906 0.08504 0.1465 0.13248 0.15384 0.08568 0.13732 0.08874 0.08774 0.09436 0.12096 0.05496 0.05114 0.04696
0.12642 0.14134 0.13106 0.09022 0.14686000000000002 0.135 0.15346 0.09072 0.14326 0.08842 0.08993999999999999 0.09778 0.12468000000000001 0.05682 0.05686 0.04938
0.1323 0.14772 0.13413999999999998 0.10388 0.15547999999999998 0.1465 0.15919999999999998 0.10235999999999999 0.16228 0.0933 0.09132 0.11228 0.13052 0.05974 0.06894 0.05486
0.13216 0.15175999999999998 0.13622 0.10834 0.15292 0.14816 0.15830000000000002 0.10568000000000001 0.16316 0.09466 0.09578 0.11494 0.13088 0.061700000000000005 0.07254000000000001 0.05568
0.1459 0.15674000000000002 0.1453 0.12148 0.1608 0.15730000000000002 0.16874 0.11528000000000001 0.16768 0.09702 0.10978 0.12332 0.13398 0.0677 0.0813 0.061939999999999995
0.14086 0.15766 0.14538 0.122 0.1591 0.15738 0.1678 0.11392000000000001 0.1683 0.09566 0.10851999999999999 0.12298 0.13836 0.06724 0.08172 0.061880000000000004
0.13588 0.15908 0.14472 0.12112 0.16097999999999998 0.15744 0.1695 0.10779999999999999 0.16666 0.09118000000000001 0.10254 0.12024 0.14174 0.06520000000000001 0.08062000000000001 0.06166
0.13232 0.15488 0.1429 0.1193 0.15719999999999998 0.15453999999999998 0.16518 0.10890000000000001 0.164 0.09201999999999999 0.09536 0.1159 0.1394 0.06178 0.07714 0.059359999999999996
0.12828 0.14454 0.13832 0.11736 0.15253999999999998 0.15306 0.16074000000000002 0.10629999999999999 0.16302 0.09656 0.07809999999999999 0.11001999999999999 0.1306 0.0541 0.07236 0.05856
0.12804 0.14094 0.13706000000000002 0.11835999999999999 0.15224000000000001 0.15152000000000002 0.161 0.10768000000000001 0.16176 0.09681999999999999 0.0808 0.11284000000000001 0.12997999999999998 0.05582 0.07266 0.05834
0.12395999999999999 0.1418 0.13528 0.12158 0.15125999999999998 0.15588 0.15896000000000002 0.11064 0.16613999999999998 0.09924 0.08472 0.11848 0.13054 0.05926 0.07390000000000001 0.05734
0.12674 0.14336000000000002 0.13778 0.12237999999999999 0.15268 0.15947999999999998 0.16176 0.11268 0.16912 0.1015 0.0837 0.1212 0.13306 0.06124 0.0773 0.05738
0.1311 0.1456 0.138 0.12078 0.16036 0.16616 0.17152 0.12016 0.17382 0.1051 0.08104 0.12552 0.13726 0.06242 0.08286 0.0598
0.13591999999999999 0.15306 0.1411 0.12373999999999999 0.1662 0.16724 0.1779 0.12118000000000001 0.1734 0.10736 0.08794 0.1301 0.1411 0.0649 0.08352 0.06178
0.14552 0.17038 0.15102000000000002 0.13119999999999998 0.17772 0.17054 0.19012 0.1259 0.17504 0.10944 0.104 0.13912 0.15294 0.07578 0.09026 0.06442
0.14987999999999999 0.17482 0.15406 0.13056 0.18244 0.1722 0.19444 0.12792 0.1807 0.11154 0.10672 0.14138 0.15408000000000002 0.07492 0.09172 0.06922
0.16144 0.18216 0.16462000000000002 0.13558 0.19124000000000002 0.18004 0.19998 0.1318 0.19491999999999998 0.11516 0.10926000000000001 0.14578 0.15558000000000002 0.07464 0.10132 0.07837999999999999
0.16654 0.18230000000000002 0.16540000000000002 0.13878000000000001 0.19482 0.18596000000000001 0.19912 0.13628 0.2053 0.11712 0.1065 0.14786000000000002 0.16306 0.07382 0.10664 0.08056
0.1766 0.19154 0.17054 0.14256 0.2044 0.1955 0.19986 0.14896 0.22688 0.1252 0.09854 0.1635 0.17434 0.07246 0.11642 0.0874
0.18524000000000002 0.19247999999999998 0.17152 0.14278 0.20652 0.19934000000000002 0.20128000000000001 0.15006 0.23234 0.12990000000000002 0.10042 0.16648 0.1747 0.07368000000000001 0.11486 0.08632
0.20564 0.19998 0.177 0.1435 0.21068 0.20424 0.2047 0.15744 0.24002 0.1398 0.1113 0.17156 0.17809999999999998 0.0731 0.10598 0.0833
0.2059 0.19984 0.17714 0.14384 0.21312 0.20396 0.20898 0.16019999999999998 0.23544 0.14284 0.11638 0.17356 0.17608000000000001 0.0768 0.10476 0.085
0.2042 0.20236 0.18256 0.146 0.21424 0.2038 0.21492 0.16424 0.22644 0.14737999999999998 0.13352 0.17452 0.1762 0.08832 0.10154 0.08318
0.21058000000000002 0.2075 0.18625999999999998 0.15138 0.21706 0.20902 0.22012 0.17178 0.22906 0.15096 0.13776 0.18128 0.17792 0.08982 0.10958 0.08857999999999999
0.23238 0.21808000000000002 0.19584000000000001 0.16146000000000002 0.23126 0.22084 0.24008000000000002 0.19144 0.24042 0.15769999999999998 0.15028 0.19844 0.18469999999999998 0.09490000000000001 0.12897999999999998 0.10366
0.23184 0.22272 0.19554 0.16418000000000002 0.2326 0.22641999999999998 0.24142 0.18832 0.24462 0.15794 0.14859999999999998 0.20078000000000001 0.18480000000000002 0.09636 0.12824000000000002 0.10084
0.23208 0.2268 0.19708 0.16962 0.23198 0.23608 0.24132 0.18152000000000001 0.25392 0.15582 0.14787999999999998 0.2013 0.19363999999999998 0.10088 0.12762 0.0935
0.23068 0.23324 0.19652 0.17042 0.23554 0.23571999999999999 0.24522 0.18166 0.2539 0.16012 0.15392 0.20532 0.19294 0.10352 0.12636 0.0938
0.22528 0.2368 0.20558 0.17724 0.23982 0.23962 0.24934 0.18230000000000002 0.25794 0.16296000000000002 0.16196000000000002 0.20394 0.20138 0.11278 0.12384 0.093
0.23022 0.23874 0.2067 0.17787999999999998 0.24294 0.2414 0.25524 0.18362 0.25912 0.1668 0.16456 0.20894 0.20194 0.11256000000000001 0.12423999999999999 0.09392
0.24004 0.24122 0.20402 0.17837999999999998 0.25116 0.24412 0.26746 0.18575999999999998 0.25962 0.16444 0.17672 0.21274 0.20248 0.10854000000000001 0.12296 0.09684000000000001
0.24080000000000001 0.24212 0.21137999999999998 0.17986000000000002 0.25146 0.25092 0.27044 0.1915 0.26668000000000003 0.17006 0.17546 0.21736000000000003 0.2074 0.11424 0.12908 0.09806000000000001
0.24969999999999998 0.2496 0.21930000000000002 0.19036 0.25472 0.2632 0.28186 0.20932 0.27644 0.1802 0.17692 0.23162 0.21646 0.12114 0.14018 0.10418000000000001
0.24752000000000002 0.2539 0.21874000000000002 0.1923 0.25730000000000003 0.26024 0.27976 0.20246 0.2817 0.17672 0.17458 0.22948 0.21603999999999998 0.12362000000000001 0.14242 0.10462
0.2373 0.25844 0.22663999999999998 0.19676 0.26452 0.25795999999999997 0.27484 0.19094 0.29446 0.16646 0.1716 0.21888 0.22524 0.12428 0.14296 0.10278
0.2367 0.25906 0.22896 0.1971 0.26427999999999996 0.25428 0.27718 0.19518000000000002 0.28946 0.17122 0.17148 0.2205 0.22424000000000002 0.12678 0.1427 0.10546
0.23454 0.26245999999999997 0.23502 0.2017 0.2699 0.25372 0.29094 0.20915999999999998 0.28664 0.18358000000000002 0.17066 0.223 0.2216 0.13238 0.14709999999999998 0.10990000000000001
0.23036 0.26058 0.2335 0.1977 0.26906 0.25358 0.29002 0.20704 0.28458 0.18259999999999998 0.17212 0.22562000000000001 0.22169999999999998 0.12788 0.14426 0.10914
0.22838 0.2534 0.22547999999999999 0.20038 0.26916 0.26098000000000005 0.29344 0.20474 0.28543999999999997 0.18124 0.17036 0.22240000000000001 0.21646 0.12176000000000001 0.14172 0.10552
0.23424 0.25788 0.23258 0.2033 0.27306 0.26583999999999997 0.29956 0.2088 0.28782 0.18331999999999998 0.17588 0.227 0.22144 0.12481999999999999 0.1446 0.10776000000000001
0.24512 0.26662 0.2388 0.21480000000000002 0.2783 0.27574 0.30913999999999997 0.20844 0.29384 0.18358000000000002 0.18732 0.23354 0.23006000000000001 0.12746 0.1475 0.1118
0.25104 0.2747 0.24359999999999998 0.21930000000000002 0.28393999999999997 0.28132 0.317 0.21438 0.30025999999999997 0.18975999999999998 0.19546 0.23884 0.23222 0.13241999999999998 0.15212 0.11370000000000001
0.26636000000000004 0.28712 0.25714 0.23132 0.28948 0.29458 0.33044 0.22536 0.31212 0.19954 0.20974 0.24903999999999998 0.23836000000000002 0.14476 0.15741999999999998 0.11772
0.27216 0.28866 0.26094 0.23614 0.29336 0.30042 0.33208 0.2312 0.31739999999999996 0.20174 0.21234 0.25282 0.2404 0.14854 0.16240000000000002 0.11682
0.29098 0.29316000000000003 0.2717 0.24518 0.30432 0.31236 0.3406 0.24928 0.3335 0.20904 0.21819999999999998 0.26482 0.24806 0.15869999999999998 0.16788 0.11944
0.29434 0.29863999999999996 0.2711 0.24509999999999998 0.30901999999999996 0.31648000000000004 0.34444 0.25324 0.33734 0.21359999999999998 0.22096000000000002 0.27092 0.24806 0.15791999999999998 0.16658 0.12162
0.30124 0.30363999999999997 0.27534 0.24944 0.31416000000000005 0.32127999999999995 0.34852 0.26156 0.34306 0.22178 0.2284 0.27738 0.25124 0.1606 0.17338 0.1243
0.30042 0.30002 0.27192 0.24692 0.31466000000000005 0.32027999999999995 0.349 0.26095999999999997 0.3435 0.21925999999999998 0.22513999999999998 0.27308 0.2499 0.15403999999999998 0.17202 0.12628
0.30112 0.29124 0.27158 0.23932 0.31264 0.31510000000000005 0.343 0.25656 0.33912 0.21832 0.21134 0.26536000000000004 0.24566 0.14443999999999999 0.16568 0.12502
0.29462 0.2955 0.2699 0.2334 0.31028 0.31192000000000003 0.34014 0.2556 0.33858 0.22213999999999998 0.2129 0.2685 0.2434 0.14574 0.16652 0.12642
0.2945 0.29710000000000003 0.26676 0.23168 0.30963999999999997 0.30772000000000005 0.33674 0.25738 0.336 0.22234 0.22080000000000002 0.27026 0.241 0.14478 0.16963999999999999 0.13076
0.29625999999999997 0.30224 0.26846 0.2337 0.31256 0.30894 0.33758 0.25789999999999996 0.3415 0.22338 0.22336 0.27434 0.24324 0.1479 0.17228 0.13106
0.30463999999999997 0.31210000000000004 0.27656000000000003 0.2398 0.3215 0.30756 0.34362 0.25756 0.34626 0.22225999999999999 0.23348 0.2789 0.25126 0.15594 0.17278 0.13366
0.29952 0.30654000000000003 0.27732 0.23656 0.31632 0.30995999999999996 0.33958 0.25610000000000005 0.34524 0.22062 0.23504 0.2781 0.252 0.15491999999999997 0.17828 0.13688
0.29636 0.29956 0.26916 0.22608 0.30518 0.31126 0.33004 0.25664 0.3409 0.22528 0.2328 0.28044 0.24881999999999999 0.15419999999999998 0.1901 0.14262
0.30016000000000004 0.30612 0.27522 0.22908 0.31 0.31448000000000004 0.33514 0.25982 0.34452 0.2273 0.23872 0.28306 0.25246 0.15784 0.19202000000000002 0.14478
0.31 0.31738 0.28446 0.23376 0.32133999999999996 0.31695999999999996 0.3484 0.26392000000000004 0.35048 0.23748 0.24208000000000002 0.2903 0.25172 0.16702 0.19412000000000001 0.14406
0.31622 0.31476 0.28852 0.2358 0.3251 0.3182 0.35087999999999997 0.26786 0.35268 0.23822 0.24366 0.2899 0.25474 0.16786 0.19828 0.14726
0.32142000000000004 0.31904000000000005 0.29934 0.24618 0.32838 0.3266 0.35292 0.27386 0.36382 0.24518 0.24581999999999998 0.29188 0.25854000000000005 0.1719 0.20436 0.15308000000000002
0.3177 0.32126 0.29722000000000004 0.25304 0.3242 0.33083999999999997 0.35366000000000003 0.2739 0.36292 0.24092 0.2455 0.28954 0.2556 0.17574 0.20682 0.15094
0.30862 0.32276 0.30025999999999997 0.2656 0.31816 0.34098 0.3613 0.27294 0.35996 0.23244 0.255 0.28842 0.2597 0.1832 0.20994 0.15114
0.30995999999999996 0.32318 0.30257999999999996 0.26936 0.32056 0.33852 0.3594 0.27512000000000003 0.36368 0.2294 0.24674000000000001 0.2843 0.26139999999999997 0.17880000000000001 0.2095 0.15152000000000002
0.31492000000000003 0.32314 0.30288 0.27227999999999997 0.32716 0.33814 0.359 0.2736 0.37760000000000005 0.22974 0.22988 0.28204 0.26604 0.16774 0.20986000000000002 0.15268
0.31236 0.32239999999999996 0.30332 0.27306 0.32456 0.33762000000000003 0.35918 0.27082 0.37318 0.22396000000000002 0.23758 0.28168 0.26780000000000004 0.17022 0.20968 0.15225999999999998
0.3075 0.32946 0.3023 0.2721 0.32772 0.33458 0.36957999999999996 0.26652 0.36422000000000004 0.22018000000000001 0.24891999999999997 0.28526 0.26766 0.17643999999999999 0.20662 0.14964
0.30336 0.33138 0.29872000000000004 0.26838 0.32268 0.33558 0.36626 0.26786 0.3583 0.22284 0.24359999999999998 0.28724 0.26789999999999997 0.17526 0.20987999999999998 0.14926
0.30096 0.32614 0.29158 0.26230000000000003 0.31477999999999995 0.33694 0.3613 0.26830000000000004 0.3499 0.22094 0.23646 0.28737999999999997 0.26802 0.1737 0.21518 0.14830000000000002
0.30488 0.32368 0.29912 0.26639999999999997 0.32327999999999996 0.33758 0.37051999999999996 0.27172 0.35612 0.22748 0.23704 0.28966000000000003 0.27222 0.17486000000000002 0.21706 0.15242
0.30101999999999995 0.33014 0.31316000000000005 0.27518 0.33516 0.33844 0.38068 0.27706000000000003 0.36494 0.23786000000000002 0.2372 0.28824 0.27658 0.17321999999999999 0.21444 0.16134
0.30206 0.33068000000000003 0.30736 0.27606 0.3314 0.3376 0.37544 0.27482 0.36322000000000004 0.23244 0.2376 0.28376 0.27266 0.1719 0.2119 0.15712
0.295 0.32448 0.29732 0.27082 0.32204 0.32966 0.36474 0.27016 0.34987999999999997 0.22756 0.23224 0.28016 0.2665 0.16763999999999998 0.20593999999999998 0.14615999999999998
0.29772000000000004 0.32966 0.30224 0.2772 0.3221 0.33632 0.36432 0.2689 0.35352 0.22904 0.2397 0.2877 0.26958 0.17216 0.20758000000000001 0.15024
0.30554000000000003 0.33654 0.31068 0.28348 0.32504 0.345 0.36966000000000004 0.27658 0.35734 0.2344 0.25264 0.29144 0.27344 0.18564 0.21630000000000002 0.15474000000000002
0.30444 0.33526 0.31063999999999997 0.28084 0.32504 0.34392 0.3723 0.27856000000000003 0.35818 0.2383 0.24847999999999998 0.29374 0.27838 0.18224 0.21691999999999997 0.15724000000000002
0.30876 0.32832 0.30651999999999996 0.2798 0.32714 0.35148 0.37972 0.27338 0.36404000000000003 0.24462 0.24308000000000002 0.29906 0.27882 0.181 0.22336 0.16338
0.30419999999999997 0.32826 0.30013999999999996 0.27488 0.3266 0.3498 0.37983999999999996 0.27302 0.35934 0.246 0.24684 0.29975999999999997 0.27298 0.18206 0.22404 0.16774
0.29581999999999997 0.31648000000000004 0.29654 0.26354 0.3291 0.3403 0.38324 0.27372 0.34793999999999997 0.24614 0.25306 0.296 0.26456 0.18144 0.21986 0.17108
0.29702 0.31368 0.2999 0.26392000000000004 0.32746 0.3408 0.3773 0.27242 0.34948 0.24337999999999999 0.25416 0.29438 0.26376 0.18022 0.21972 0.16874
0.2916 0.31251999999999996 0.29688 0.25584 0.32056 0.33508 0.36488 0.27484 0.3505 0.23944 0.25436000000000003 0.28784 0.26180000000000003 0.17672 0.21322 0.15863999999999998
0.30107999999999996 0.31486000000000003 0.3018 0.25980000000000003 0.3227 0.33664 0.36710000000000004 0.2791 0.3543 0.24352000000000001 0.25858 0.29144 0.26068 0.18178 0.21430000000000002 0.16141999999999998
0.31668 0.32136000000000003 0.30688 0.26816 0.32538 0.34544 0.37036 0.28852 0.36869999999999997 0.24784 0.26548 0.29696 0.26308 0.189 0.21769999999999998 0.162
0.31945999999999997 0.32018 0.31333999999999995 0.2738 0.33232 0.3464 0.37527999999999995 0.28864 0.37104000000000004 0.24869999999999998 0.26908 0.29998 0.26752 0.19068000000000002 0.21836000000000003 0.16676
0.31276 0.3276 0.31951999999999997 0.28344 0.33706 0.34234 0.37506 0.28634 0.37398000000000003 0.24742 0.27232 0.29358 0.26872 0.19352 0.21686000000000002 0.16563999999999998
0.31539999999999996 0.3286 0.32289999999999996 0.28486 0.33816 0.34488 0.37786000000000003 0.28937999999999997 0.37677999999999995 0.24994 0.2734 0.29381999999999997 0.26838 0.19276 0.21956 0.16954
0.31910000000000005 0.32166 0.32242000000000004 0.28593999999999997 0.34052 0.34554 0.38086000000000003 0.29475999999999997 0.37494 0.25448 0.26783999999999997 0.29488 0.26186000000000004 0.18913999999999997 0.22219999999999998 0.17421999999999999
0.21287999999999999 0.21718 0.21556 0.19188 0.22852 0.23468 0.25396 0.19622 0.25308 0.17098 0.17884 0.19706 0.1753 0.12494 0.15152000000000002 0.11748
0.0 0.0 0.0 0.0 0.0 0.0 0.0 0.0 0.0 0.0 0.0 0.0 0.0 0.0 0.0 0.0
0.0 0.0 0.0 0.0 0.0 0.0 0.0 0.0 0.0 0.0 0.0 0.0 0.0 0.0 0.0 0.0
0.0 0.0 0.0 0.0 0.0 0.0 0.0 0.0 0.0 0.0 0.0 0.0 0.0 0.0 0.0 0.0
0.0 0.0 0.0 0.0 0.0 0.0 0.0 0.0 0.0 0.0 0.0 0.0 0.0 0.0 0.0 0.0
0.0 0.0 0.0 0.0 0.0 0.0 0.0 0.0 0.0 0.0 0.0 0.0 0.0 0.0 0.0 0.0
0.0 0.0 0.0 0.0 0.0 0.0 0.0 0.0 0.0 0.0 0.0 0.0 0.0 0.0 0.0 0.0
0.0 0.0 0.0 0.0 0.0 0.0 0.0 0.0 0.0 0.0 0.0 0.0 0.0 0.0 0.0 0.0
0.0 0.0 0.0 0.0 0.0 0.0 0.0 0.0 0.0 0.0 0.0 0.0 0.0 0.0 0.0 0.0
0.0 0.0 0.0 0.0 0.0 0.0 0.0 0.0 0.0 0.0 0.0 0.0 0.0 0.0 0.0 0.0
0.0 0.0 0.0 0.0 0.0 0.0 0.0 0.0 0.0 0.0 0.0 0.0 0.0 0.0 0.0 0.0
0.0 0.0 0.0 0.0 0.0 0.0 0.0 0.0 0.0 0.0 0.0 0.0 0.0 0.0 0.0 0.0
0.0 0.0 0.0 0.0 0.0 0.0 0.0 0.0 0.0 0.0 0.0 0.0 0.0 0.0 0.0 0.0
0.0 0.0 0.0 0.0 0.0 0.0 0.0 0.0 0.0 0.0 0.0 0.0 0.0 0.0 0.0 0.0
0.0 0.0 0.0 0.0 0.0 0.0 0.0 0.0 0.0 0.0 0.0 0.0 0.0 0.0 0.0 0.0
