2e-05
0.0
0.0
0.0
0.0
0.02476
0.30804000000000004
0.37816000000000005
0.36288
0.36266000000000004
0.34702
0.34948
0.34564
0.34326
0.33366
0.33133999999999997
0.32972
0.3282
0.33922
0.33838
0.33888
0.3359
0.34302
0.34426
0.3463
0.34422
0.34472
0.3386
0.32589999999999997
0.32652
0.31394
0.31316000000000005
0.31522
0.31226
0.30682
0.30248
0.30648000000000003
0.30560000000000004
0.30568
0.30538
0.29996
0.30110000000000003
0.30536
0.30328
0.29256
0.29316000000000003
0.28752
0.28994
0.28796
0.28706
0.28064
0.27914
0.27462000000000003
0.27236
0.26404
0.26392000000000004
0.2687
0.26646
0.25908
0.25780000000000003
0.24697999999999998
0.24912
0.24438
0.2464
0.2476
0.24791999999999997
0.24725999999999998
0.24638
0.2327
0.23232
0.22612000000000002
0.2281
0.2292
0.22854
0.22952
0.22740000000000002
0.21919999999999998
0.22069999999999998
0.21409999999999998
0.21159999999999998
0.2056
0.20462
0.19763999999999998
0.19836
0.2029
0.2018
0.19612000000000002
0.195
0.18636000000000003
0.18524000000000002
0.18497999999999998
0.18274
0.1866
0.18418
0.17202
0.16898
0.16594
0.16604
0.1606
0.16025999999999999
0.16358
0.16188
0.16162
0.1615
0.16104
0.15934
0.15925999999999998
0.15763999999999997
0.15730000000000002
0.15556
0.15958
0.15897999999999998
0.15531999999999999
0.15525999999999998
0.15052000000000001
0.15286000000000002
0.15446000000000001
0.15303999999999998
0.15037999999999999
0.14984
0.14802
0.14918
0.14388
0.14343999999999998
0.14458000000000001
0.14428
0.14542
0.14452
0.15075999999999998
0.14858000000000002
0.1418
0.14378
0.15024
0.15028
0.1438
0.14322
0.14306
0.14226
0.1285
0.12938
0.12806
0.12716
0.12301999999999999
0.12306
0.12172
0.12336
0.12437999999999999
0.12186
0.1183
0.11838
0.12301999999999999
0.12362000000000001
0.12522
0.12362000000000001
0.12236
0.12372
0.12646
0.12722
0.1274
0.1264
0.12514
0.13022
0.13552
0.1333
0.12096
0.11744
0.11216
0.11172
0.11170000000000001
0.113
0.11188
0.11087999999999999
0.11126000000000001
0.10842
0.11398
0.11426
0.11295999999999999
0.11378
0.1119
0.11288
0.11652
0.119
0.12329999999999999
0.12401999999999999
0.12548
0.12254000000000001
0.11468
0.11548
0.11264
0.11106
0.1124
0.11481999999999999
0.12458
0.1232
0.12376000000000001
0.12378
0.1235
0.127
0.12984
0.12772
0.1271
0.12486
0.13038
0.12869999999999998
0.12262
0.12465999999999999
0.1432
0.14584
0.15384
0.15346
0.16228
0.16316
0.16874
0.1683
0.1695
0.16518
0.16302
0.16176
0.16613999999999998
0.16912
0.17382
0.1779
0.19012
0.19444
0.19998
0.2053
0.22688
0.23234
0.24002
0.23544
0.22644
0.22906
0.24042
0.24462
0.25392
0.2539
0.25794
0.25912
0.26746
0.27044
0.28186
0.2817
0.29446
0.28946
0.29094
0.29002
0.29344
0.29956
0.30913999999999997
0.317
0.33044
0.33208
0.3406
0.34444
0.34852
0.349
0.343
0.34014
0.33674
0.3415
0.34626
0.34524
0.3409
0.34452
0.35048
0.35268
0.36382
0.36292
0.3613
0.36368
0.37760000000000005
0.37318
0.36957999999999996
0.36626
0.3613
0.37051999999999996
0.38068
0.37544
0.36474
0.36432
0.36966000000000004
0.3723
0.37972
0.37983999999999996
0.38324
0.3773
0.36488
0.36710000000000004
0.37036
0.37527999999999995
0.37506
0.37786000000000003
0.38086000000000003
0.25396
0.0
0.0
0.0
0.0
0.0
0.0
0.0
0.0
0.0
0.0
0.0
0.0
0.0
0.0
